Oct 25, 2017 12:08:07 AM org.apache.coyote.AbstractProtocol pause
INFO: Pausing ProtocolHandler ["http-bio-80"]
Oct 25, 2017 12:08:07 AM org.apache.coyote.AbstractProtocol pause
INFO: Pausing ProtocolHandler ["ajp-bio-8009"]
Oct 25, 2017 12:08:07 AM org.apache.catalina.core.StandardService stopInternal
INFO: Stopping service Catalina
Oct 25, 2017 12:08:07 AM org.apache.coyote.AbstractProtocol stop
INFO: Stopping ProtocolHandler ["http-bio-80"]
Oct 25, 2017 12:08:07 AM org.apache.coyote.AbstractProtocol stop
INFO: Stopping ProtocolHandler ["ajp-bio-8009"]
Oct 25, 2017 12:08:07 AM org.apache.coyote.AbstractProtocol destroy
INFO: Destroying ProtocolHandler ["http-bio-80"]
Oct 25, 2017 12:08:07 AM org.apache.coyote.AbstractProtocol destroy
INFO: Destroying ProtocolHandler ["ajp-bio-8009"]
Oct 25, 2017 12:08:09 AM org.apache.catalina.core.AprLifecycleListener init
INFO: The APR based Apache Tomcat Native library which allows optimal performance in production environments was not found on the java.library.path: /Users/junyipeng/Library/Java/Extensions:/Library/Java/Extensions:/Network/Library/Java/Extensions:/System/Library/Java/Extensions:/usr/lib/java:.
Oct 25, 2017 12:08:09 AM org.apache.coyote.AbstractProtocol init
INFO: Initializing ProtocolHandler ["http-bio-80"]
Oct 25, 2017 12:08:09 AM org.apache.coyote.AbstractProtocol init
INFO: Initializing ProtocolHandler ["ajp-bio-8009"]
Oct 25, 2017 12:08:09 AM org.apache.catalina.startup.Catalina load
INFO: Initialization processed in 569 ms
Oct 25, 2017 12:08:09 AM org.apache.catalina.core.StandardService startInternal
INFO: Starting service Catalina
Oct 25, 2017 12:08:09 AM org.apache.catalina.core.StandardEngine startInternal
INFO: Starting Servlet Engine: Apache Tomcat/7.0.34
Oct 25, 2017 12:08:09 AM org.apache.catalina.startup.HostConfig deployDirectory
INFO: Deploying web application directory /Users/junyipeng/apache-tomcat-7.0.34/webapps/hw
Oct 25, 2017 12:08:09 AM org.apache.catalina.startup.HostConfig deployDirectory
INFO: Deploying web application directory /Users/junyipeng/apache-tomcat-7.0.34/webapps/zhou
Oct 25, 2017 12:08:10 AM org.apache.catalina.startup.HostConfig deployDirectory
INFO: Deploying web application directory /Users/junyipeng/apache-tomcat-7.0.34/webapps/code
Oct 25, 2017 12:08:10 AM org.apache.catalina.startup.HostConfig deployDirectory
INFO: Deploying web application directory /Users/junyipeng/apache-tomcat-7.0.34/webapps/docs
Oct 25, 2017 12:08:10 AM org.apache.catalina.startup.HostConfig deployDirectory
INFO: Deploying web application directory /Users/junyipeng/apache-tomcat-7.0.34/webapps/peng
Oct 25, 2017 12:08:10 AM org.apache.catalina.startup.HostConfig deployDirectory
INFO: Deploying web application directory /Users/junyipeng/apache-tomcat-7.0.34/webapps/manager
Oct 25, 2017 12:08:10 AM org.apache.catalina.startup.HostConfig deployDirectory
INFO: Deploying web application directory /Users/junyipeng/apache-tomcat-7.0.34/webapps/yi
Oct 25, 2017 12:08:11 AM org.apache.catalina.startup.HostConfig deployDirectory
INFO: Deploying web application directory /Users/junyipeng/apache-tomcat-7.0.34/webapps/examples
Oct 25, 2017 12:08:11 AM org.apache.catalina.startup.HostConfig deployDirectory
INFO: Deploying web application directory /Users/junyipeng/apache-tomcat-7.0.34/webapps/csj
Oct 25, 2017 12:08:11 AM org.apache.catalina.startup.HostConfig deployDirectory
INFO: Deploying web application directory /Users/junyipeng/apache-tomcat-7.0.34/webapps/ROOT
Oct 25, 2017 12:08:11 AM org.apache.catalina.startup.HostConfig deployDirectory
INFO: Deploying web application directory /Users/junyipeng/apache-tomcat-7.0.34/webapps/.git
Oct 25, 2017 12:08:12 AM org.apache.catalina.startup.HostConfig deployDirectory
INFO: Deploying web application directory /Users/junyipeng/apache-tomcat-7.0.34/webapps/host-manager
Oct 25, 2017 12:08:12 AM org.apache.catalina.startup.HostConfig deployDirectory
INFO: Deploying web application directory /Users/junyipeng/apache-tomcat-7.0.34/webapps/jun
Oct 25, 2017 12:08:12 AM org.apache.coyote.AbstractProtocol start
INFO: Starting ProtocolHandler ["http-bio-80"]
Oct 25, 2017 12:08:12 AM org.apache.coyote.AbstractProtocol start
INFO: Starting ProtocolHandler ["ajp-bio-8009"]
Oct 25, 2017 12:08:12 AM org.apache.catalina.startup.Catalina start
INFO: Server startup in 2608 ms
Oct 25, 2017 12:12:12 AM org.apache.catalina.core.StandardContext reload
INFO: Reloading Context with name [/hw] has started
Oct 25, 2017 12:12:12 AM org.apache.catalina.core.StandardContext reload
INFO: Reloading Context with name [/hw] is completed
Oct 25, 2017 12:17:23 AM org.apache.catalina.startup.HostConfig checkResources
INFO: Reloading context [/hw]
Oct 25, 2017 12:17:23 AM org.apache.catalina.core.StandardContext reload
INFO: Reloading Context with name [/hw] has started
Oct 25, 2017 12:17:23 AM org.apache.catalina.core.StandardContext reload
INFO: Reloading Context with name [/hw] is completed
Oct 25, 2017 12:28:13 AM org.apache.catalina.core.StandardContext reload
INFO: Reloading Context with name [/hw] has started
Oct 25, 2017 12:28:14 AM org.apache.catalina.core.StandardContext reload
INFO: Reloading Context with name [/hw] is completed
Oct 25, 2017 12:28:57 AM org.apache.coyote.AbstractProtocol pause
INFO: Pausing ProtocolHandler ["http-bio-80"]
Oct 25, 2017 12:28:57 AM org.apache.coyote.AbstractProtocol pause
INFO: Pausing ProtocolHandler ["ajp-bio-8009"]
Oct 25, 2017 12:28:57 AM org.apache.catalina.core.StandardService stopInternal
INFO: Stopping service Catalina
Oct 25, 2017 12:28:57 AM org.apache.coyote.AbstractProtocol stop
INFO: Stopping ProtocolHandler ["http-bio-80"]
Oct 25, 2017 12:28:57 AM org.apache.coyote.AbstractProtocol stop
INFO: Stopping ProtocolHandler ["ajp-bio-8009"]
Oct 25, 2017 12:28:57 AM org.apache.coyote.AbstractProtocol destroy
INFO: Destroying ProtocolHandler ["http-bio-80"]
Oct 25, 2017 12:28:57 AM org.apache.coyote.AbstractProtocol destroy
INFO: Destroying ProtocolHandler ["ajp-bio-8009"]
Oct 25, 2017 12:28:58 AM org.apache.catalina.core.AprLifecycleListener init
INFO: The APR based Apache Tomcat Native library which allows optimal performance in production environments was not found on the java.library.path: /Users/junyipeng/Library/Java/Extensions:/Library/Java/Extensions:/Network/Library/Java/Extensions:/System/Library/Java/Extensions:/usr/lib/java:.
Oct 25, 2017 12:28:59 AM org.apache.coyote.AbstractProtocol init
INFO: Initializing ProtocolHandler ["http-bio-80"]
Oct 25, 2017 12:28:59 AM org.apache.coyote.AbstractProtocol init
INFO: Initializing ProtocolHandler ["ajp-bio-8009"]
Oct 25, 2017 12:28:59 AM org.apache.catalina.startup.Catalina load
INFO: Initialization processed in 564 ms
Oct 25, 2017 12:28:59 AM org.apache.catalina.core.StandardService startInternal
INFO: Starting service Catalina
Oct 25, 2017 12:28:59 AM org.apache.catalina.core.StandardEngine startInternal
INFO: Starting Servlet Engine: Apache Tomcat/7.0.34
Oct 25, 2017 12:28:59 AM org.apache.catalina.startup.HostConfig deployDirectory
INFO: Deploying web application directory /Users/junyipeng/apache-tomcat-7.0.34/webapps/hw
Oct 25, 2017 12:28:59 AM org.apache.catalina.startup.HostConfig deployDirectory
INFO: Deploying web application directory /Users/junyipeng/apache-tomcat-7.0.34/webapps/zhou
Oct 25, 2017 12:29:00 AM org.apache.catalina.startup.HostConfig deployDirectory
INFO: Deploying web application directory /Users/junyipeng/apache-tomcat-7.0.34/webapps/code
Oct 25, 2017 12:29:00 AM org.apache.catalina.startup.HostConfig deployDirectory
INFO: Deploying web application directory /Users/junyipeng/apache-tomcat-7.0.34/webapps/docs
Oct 25, 2017 12:29:00 AM org.apache.catalina.startup.HostConfig deployDirectory
INFO: Deploying web application directory /Users/junyipeng/apache-tomcat-7.0.34/webapps/peng
Oct 25, 2017 12:29:00 AM org.apache.catalina.startup.HostConfig deployDirectory
INFO: Deploying web application directory /Users/junyipeng/apache-tomcat-7.0.34/webapps/manager
Oct 25, 2017 12:29:00 AM org.apache.catalina.startup.HostConfig deployDirectory
INFO: Deploying web application directory /Users/junyipeng/apache-tomcat-7.0.34/webapps/yi
Oct 25, 2017 12:29:00 AM org.apache.catalina.startup.HostConfig deployDirectory
INFO: Deploying web application directory /Users/junyipeng/apache-tomcat-7.0.34/webapps/examples
Oct 25, 2017 12:29:01 AM org.apache.catalina.startup.HostConfig deployDirectory
INFO: Deploying web application directory /Users/junyipeng/apache-tomcat-7.0.34/webapps/csj
Oct 25, 2017 12:29:01 AM org.apache.catalina.startup.HostConfig deployDirectory
INFO: Deploying web application directory /Users/junyipeng/apache-tomcat-7.0.34/webapps/ROOT
Oct 25, 2017 12:29:01 AM org.apache.catalina.startup.HostConfig deployDirectory
INFO: Deploying web application directory /Users/junyipeng/apache-tomcat-7.0.34/webapps/.git
Oct 25, 2017 12:29:01 AM org.apache.catalina.startup.HostConfig deployDirectory
INFO: Deploying web application directory /Users/junyipeng/apache-tomcat-7.0.34/webapps/host-manager
Oct 25, 2017 12:29:01 AM org.apache.catalina.startup.HostConfig deployDirectory
INFO: Deploying web application directory /Users/junyipeng/apache-tomcat-7.0.34/webapps/jun
Oct 25, 2017 12:29:01 AM org.apache.coyote.AbstractProtocol start
INFO: Starting ProtocolHandler ["http-bio-80"]
Oct 25, 2017 12:29:01 AM org.apache.coyote.AbstractProtocol start
INFO: Starting ProtocolHandler ["ajp-bio-8009"]
Oct 25, 2017 12:29:01 AM org.apache.catalina.startup.Catalina start
INFO: Server startup in 2647 ms
Oct 25, 2017 12:32:50 AM org.apache.coyote.AbstractProtocol pause
INFO: Pausing ProtocolHandler ["http-bio-80"]
Oct 25, 2017 12:32:50 AM org.apache.coyote.AbstractProtocol pause
INFO: Pausing ProtocolHandler ["ajp-bio-8009"]
Oct 25, 2017 12:32:50 AM org.apache.catalina.core.StandardService stopInternal
INFO: Stopping service Catalina
Oct 25, 2017 12:32:50 AM org.apache.coyote.AbstractProtocol stop
INFO: Stopping ProtocolHandler ["http-bio-80"]
Oct 25, 2017 12:32:50 AM org.apache.coyote.AbstractProtocol stop
INFO: Stopping ProtocolHandler ["ajp-bio-8009"]
Oct 25, 2017 12:32:50 AM org.apache.coyote.AbstractProtocol destroy
INFO: Destroying ProtocolHandler ["http-bio-80"]
Oct 25, 2017 12:32:50 AM org.apache.coyote.AbstractProtocol destroy
INFO: Destroying ProtocolHandler ["ajp-bio-8009"]
Oct 25, 2017 12:32:52 AM org.apache.catalina.core.AprLifecycleListener init
INFO: The APR based Apache Tomcat Native library which allows optimal performance in production environments was not found on the java.library.path: /Users/junyipeng/Library/Java/Extensions:/Library/Java/Extensions:/Network/Library/Java/Extensions:/System/Library/Java/Extensions:/usr/lib/java:.
Oct 25, 2017 12:32:52 AM org.apache.coyote.AbstractProtocol init
INFO: Initializing ProtocolHandler ["http-bio-80"]
Oct 25, 2017 12:32:52 AM org.apache.coyote.AbstractProtocol init
INFO: Initializing ProtocolHandler ["ajp-bio-8009"]
Oct 25, 2017 12:32:52 AM org.apache.catalina.startup.Catalina load
INFO: Initialization processed in 538 ms
Oct 25, 2017 12:32:52 AM org.apache.catalina.core.StandardService startInternal
INFO: Starting service Catalina
Oct 25, 2017 12:32:52 AM org.apache.catalina.core.StandardEngine startInternal
INFO: Starting Servlet Engine: Apache Tomcat/7.0.34
Oct 25, 2017 12:32:52 AM org.apache.catalina.startup.HostConfig deployDirectory
INFO: Deploying web application directory /Users/junyipeng/apache-tomcat-7.0.34/webapps/hw
Oct 25, 2017 12:32:52 AM org.apache.catalina.startup.HostConfig deployDirectory
INFO: Deploying web application directory /Users/junyipeng/apache-tomcat-7.0.34/webapps/zhou
Oct 25, 2017 12:32:53 AM org.apache.catalina.startup.HostConfig deployDirectory
INFO: Deploying web application directory /Users/junyipeng/apache-tomcat-7.0.34/webapps/code
Oct 25, 2017 12:32:53 AM org.apache.catalina.startup.HostConfig deployDirectory
INFO: Deploying web application directory /Users/junyipeng/apache-tomcat-7.0.34/webapps/docs
Oct 25, 2017 12:32:53 AM org.apache.catalina.startup.HostConfig deployDirectory
INFO: Deploying web application directory /Users/junyipeng/apache-tomcat-7.0.34/webapps/peng
Oct 25, 2017 12:32:53 AM org.apache.catalina.startup.HostConfig deployDirectory
INFO: Deploying web application directory /Users/junyipeng/apache-tomcat-7.0.34/webapps/manager
Oct 25, 2017 12:32:53 AM org.apache.catalina.startup.HostConfig deployDirectory
INFO: Deploying web application directory /Users/junyipeng/apache-tomcat-7.0.34/webapps/yi
Oct 25, 2017 12:32:54 AM org.apache.catalina.startup.HostConfig deployDirectory
INFO: Deploying web application directory /Users/junyipeng/apache-tomcat-7.0.34/webapps/examples
Oct 25, 2017 12:32:54 AM org.apache.catalina.startup.HostConfig deployDirectory
INFO: Deploying web application directory /Users/junyipeng/apache-tomcat-7.0.34/webapps/csj
Oct 25, 2017 12:32:54 AM org.apache.catalina.startup.HostConfig deployDirectory
INFO: Deploying web application directory /Users/junyipeng/apache-tomcat-7.0.34/webapps/ROOT
Oct 25, 2017 12:32:54 AM org.apache.catalina.startup.HostConfig deployDirectory
INFO: Deploying web application directory /Users/junyipeng/apache-tomcat-7.0.34/webapps/.git
Oct 25, 2017 12:32:55 AM org.apache.catalina.startup.HostConfig deployDirectory
INFO: Deploying web application directory /Users/junyipeng/apache-tomcat-7.0.34/webapps/host-manager
Oct 25, 2017 12:32:55 AM org.apache.catalina.startup.HostConfig deployDirectory
INFO: Deploying web application directory /Users/junyipeng/apache-tomcat-7.0.34/webapps/jun
Oct 25, 2017 12:32:55 AM org.apache.coyote.AbstractProtocol start
INFO: Starting ProtocolHandler ["http-bio-80"]
Oct 25, 2017 12:32:55 AM org.apache.coyote.AbstractProtocol start
INFO: Starting ProtocolHandler ["ajp-bio-8009"]
Oct 25, 2017 12:32:55 AM org.apache.catalina.startup.Catalina start
INFO: Server startup in 2596 ms
Oct 25, 2017 12:35:07 AM org.apache.coyote.AbstractProtocol pause
INFO: Pausing ProtocolHandler ["http-bio-80"]
Oct 25, 2017 12:35:07 AM org.apache.coyote.AbstractProtocol pause
INFO: Pausing ProtocolHandler ["ajp-bio-8009"]
Oct 25, 2017 12:35:07 AM org.apache.catalina.core.StandardService stopInternal
INFO: Stopping service Catalina
Oct 25, 2017 12:35:07 AM org.apache.coyote.AbstractProtocol stop
INFO: Stopping ProtocolHandler ["http-bio-80"]
Oct 25, 2017 12:35:07 AM org.apache.coyote.AbstractProtocol stop
INFO: Stopping ProtocolHandler ["ajp-bio-8009"]
Oct 25, 2017 12:35:07 AM org.apache.coyote.AbstractProtocol destroy
INFO: Destroying ProtocolHandler ["http-bio-80"]
Oct 25, 2017 12:35:07 AM org.apache.coyote.AbstractProtocol destroy
INFO: Destroying ProtocolHandler ["ajp-bio-8009"]
Oct 25, 2017 12:35:09 AM org.apache.catalina.core.AprLifecycleListener init
INFO: The APR based Apache Tomcat Native library which allows optimal performance in production environments was not found on the java.library.path: /Users/junyipeng/Library/Java/Extensions:/Library/Java/Extensions:/Network/Library/Java/Extensions:/System/Library/Java/Extensions:/usr/lib/java:.
Oct 25, 2017 12:35:09 AM org.apache.coyote.AbstractProtocol init
INFO: Initializing ProtocolHandler ["http-bio-80"]
Oct 25, 2017 12:35:09 AM org.apache.coyote.AbstractProtocol init
INFO: Initializing ProtocolHandler ["ajp-bio-8009"]
Oct 25, 2017 12:35:09 AM org.apache.catalina.startup.Catalina load
INFO: Initialization processed in 540 ms
Oct 25, 2017 12:35:09 AM org.apache.catalina.core.StandardService startInternal
INFO: Starting service Catalina
Oct 25, 2017 12:35:09 AM org.apache.catalina.core.StandardEngine startInternal
INFO: Starting Servlet Engine: Apache Tomcat/7.0.34
Oct 25, 2017 12:35:09 AM org.apache.catalina.startup.HostConfig deployDirectory
INFO: Deploying web application directory /Users/junyipeng/apache-tomcat-7.0.34/webapps/hw
Oct 25, 2017 12:35:09 AM org.apache.catalina.startup.HostConfig deployDirectory
INFO: Deploying web application directory /Users/junyipeng/apache-tomcat-7.0.34/webapps/zhou
Oct 25, 2017 12:35:10 AM org.apache.catalina.startup.HostConfig deployDirectory
INFO: Deploying web application directory /Users/junyipeng/apache-tomcat-7.0.34/webapps/code
Oct 25, 2017 12:35:10 AM org.apache.catalina.startup.HostConfig deployDirectory
INFO: Deploying web application directory /Users/junyipeng/apache-tomcat-7.0.34/webapps/docs
Oct 25, 2017 12:35:10 AM org.apache.catalina.startup.HostConfig deployDirectory
INFO: Deploying web application directory /Users/junyipeng/apache-tomcat-7.0.34/webapps/peng
Oct 25, 2017 12:35:10 AM org.apache.catalina.startup.HostConfig deployDirectory
INFO: Deploying web application directory /Users/junyipeng/apache-tomcat-7.0.34/webapps/manager
Oct 25, 2017 12:35:10 AM org.apache.catalina.startup.HostConfig deployDirectory
INFO: Deploying web application directory /Users/junyipeng/apache-tomcat-7.0.34/webapps/yi
Oct 25, 2017 12:35:11 AM org.apache.catalina.startup.HostConfig deployDirectory
INFO: Deploying web application directory /Users/junyipeng/apache-tomcat-7.0.34/webapps/examples
Oct 25, 2017 12:35:11 AM org.apache.catalina.startup.HostConfig deployDirectory
INFO: Deploying web application directory /Users/junyipeng/apache-tomcat-7.0.34/webapps/csj
Oct 25, 2017 12:35:11 AM org.apache.catalina.startup.HostConfig deployDirectory
INFO: Deploying web application directory /Users/junyipeng/apache-tomcat-7.0.34/webapps/ROOT
Oct 25, 2017 12:35:11 AM org.apache.catalina.startup.HostConfig deployDirectory
INFO: Deploying web application directory /Users/junyipeng/apache-tomcat-7.0.34/webapps/.git
Oct 25, 2017 12:35:11 AM org.apache.catalina.startup.HostConfig deployDirectory
INFO: Deploying web application directory /Users/junyipeng/apache-tomcat-7.0.34/webapps/host-manager
Oct 25, 2017 12:35:11 AM org.apache.catalina.startup.HostConfig deployDirectory
INFO: Deploying web application directory /Users/junyipeng/apache-tomcat-7.0.34/webapps/jun
Oct 25, 2017 12:35:12 AM org.apache.coyote.AbstractProtocol start
INFO: Starting ProtocolHandler ["http-bio-80"]
Oct 25, 2017 12:35:12 AM org.apache.coyote.AbstractProtocol start
INFO: Starting ProtocolHandler ["ajp-bio-8009"]
Oct 25, 2017 12:35:12 AM org.apache.catalina.startup.Catalina start
INFO: Server startup in 2515 ms
Oct 25, 2017 12:38:00 AM org.apache.coyote.AbstractProtocol pause
INFO: Pausing ProtocolHandler ["http-bio-80"]
Oct 25, 2017 12:38:01 AM org.apache.coyote.AbstractProtocol pause
INFO: Pausing ProtocolHandler ["ajp-bio-8009"]
Oct 25, 2017 12:38:01 AM org.apache.catalina.core.StandardService stopInternal
INFO: Stopping service Catalina
Oct 25, 2017 12:38:01 AM org.apache.coyote.AbstractProtocol stop
INFO: Stopping ProtocolHandler ["http-bio-80"]
Oct 25, 2017 12:38:01 AM org.apache.coyote.AbstractProtocol stop
INFO: Stopping ProtocolHandler ["ajp-bio-8009"]
Oct 25, 2017 12:38:01 AM org.apache.coyote.AbstractProtocol destroy
INFO: Destroying ProtocolHandler ["http-bio-80"]
Oct 25, 2017 12:38:01 AM org.apache.coyote.AbstractProtocol destroy
INFO: Destroying ProtocolHandler ["ajp-bio-8009"]
Oct 25, 2017 12:38:02 AM org.apache.catalina.core.AprLifecycleListener init
INFO: The APR based Apache Tomcat Native library which allows optimal performance in production environments was not found on the java.library.path: /Users/junyipeng/Library/Java/Extensions:/Library/Java/Extensions:/Network/Library/Java/Extensions:/System/Library/Java/Extensions:/usr/lib/java:.
Oct 25, 2017 12:38:02 AM org.apache.coyote.AbstractProtocol init
INFO: Initializing ProtocolHandler ["http-bio-80"]
Oct 25, 2017 12:38:02 AM org.apache.coyote.AbstractProtocol init
INFO: Initializing ProtocolHandler ["ajp-bio-8009"]
Oct 25, 2017 12:38:02 AM org.apache.catalina.startup.Catalina load
INFO: Initialization processed in 555 ms
Oct 25, 2017 12:38:02 AM org.apache.catalina.core.StandardService startInternal
INFO: Starting service Catalina
Oct 25, 2017 12:38:02 AM org.apache.catalina.core.StandardEngine startInternal
INFO: Starting Servlet Engine: Apache Tomcat/7.0.34
Oct 25, 2017 12:38:02 AM org.apache.catalina.startup.HostConfig deployDirectory
INFO: Deploying web application directory /Users/junyipeng/apache-tomcat-7.0.34/webapps/hw
Oct 25, 2017 12:38:02 AM org.apache.catalina.startup.HostConfig deployDirectory
INFO: Deploying web application directory /Users/junyipeng/apache-tomcat-7.0.34/webapps/zhou
Oct 25, 2017 12:38:03 AM org.apache.catalina.startup.HostConfig deployDirectory
INFO: Deploying web application directory /Users/junyipeng/apache-tomcat-7.0.34/webapps/code
Oct 25, 2017 12:38:03 AM org.apache.catalina.startup.HostConfig deployDirectory
INFO: Deploying web application directory /Users/junyipeng/apache-tomcat-7.0.34/webapps/docs
Oct 25, 2017 12:38:03 AM org.apache.catalina.startup.HostConfig deployDirectory
INFO: Deploying web application directory /Users/junyipeng/apache-tomcat-7.0.34/webapps/peng
Oct 25, 2017 12:38:03 AM org.apache.catalina.startup.HostConfig deployDirectory
INFO: Deploying web application directory /Users/junyipeng/apache-tomcat-7.0.34/webapps/manager
Oct 25, 2017 12:38:03 AM org.apache.catalina.startup.HostConfig deployDirectory
INFO: Deploying web application directory /Users/junyipeng/apache-tomcat-7.0.34/webapps/yi
Oct 25, 2017 12:38:04 AM org.apache.catalina.startup.HostConfig deployDirectory
INFO: Deploying web application directory /Users/junyipeng/apache-tomcat-7.0.34/webapps/examples
Oct 25, 2017 12:38:04 AM org.apache.catalina.startup.HostConfig deployDirectory
INFO: Deploying web application directory /Users/junyipeng/apache-tomcat-7.0.34/webapps/csj
Oct 25, 2017 12:38:04 AM org.apache.catalina.startup.HostConfig deployDirectory
INFO: Deploying web application directory /Users/junyipeng/apache-tomcat-7.0.34/webapps/ROOT
Oct 25, 2017 12:38:04 AM org.apache.catalina.startup.HostConfig deployDirectory
INFO: Deploying web application directory /Users/junyipeng/apache-tomcat-7.0.34/webapps/.git
Oct 25, 2017 12:38:05 AM org.apache.catalina.startup.HostConfig deployDirectory
INFO: Deploying web application directory /Users/junyipeng/apache-tomcat-7.0.34/webapps/host-manager
Oct 25, 2017 12:38:05 AM org.apache.catalina.startup.HostConfig deployDirectory
INFO: Deploying web application directory /Users/junyipeng/apache-tomcat-7.0.34/webapps/jun
Oct 25, 2017 12:38:05 AM org.apache.coyote.AbstractProtocol start
INFO: Starting ProtocolHandler ["http-bio-80"]
Oct 25, 2017 12:38:05 AM org.apache.coyote.AbstractProtocol start
INFO: Starting ProtocolHandler ["ajp-bio-8009"]
Oct 25, 2017 12:38:05 AM org.apache.catalina.startup.Catalina start
INFO: Server startup in 2646 ms
Oct 25, 2017 12:48:45 AM org.apache.catalina.startup.HostConfig checkResources
INFO: Reloading context [/hw]
Oct 25, 2017 12:48:45 AM org.apache.catalina.core.StandardContext reload
INFO: Reloading Context with name [/hw] has started
Oct 25, 2017 12:48:46 AM org.apache.catalina.core.StandardContext reload
INFO: Reloading Context with name [/hw] is completed
Oct 25, 2017 12:54:06 AM org.apache.catalina.core.StandardContext reload
INFO: Reloading Context with name [/hw] has started
Oct 25, 2017 12:54:06 AM org.apache.catalina.core.StandardContext reload
INFO: Reloading Context with name [/hw] is completed
Oct 25, 2017 1:10:03 AM org.apache.coyote.AbstractProtocol pause
INFO: Pausing ProtocolHandler ["http-bio-80"]
Oct 25, 2017 1:10:03 AM org.apache.coyote.AbstractProtocol pause
INFO: Pausing ProtocolHandler ["ajp-bio-8009"]
Oct 25, 2017 1:10:03 AM org.apache.catalina.core.StandardService stopInternal
INFO: Stopping service Catalina
Oct 25, 2017 1:10:03 AM org.apache.coyote.AbstractProtocol stop
INFO: Stopping ProtocolHandler ["http-bio-80"]
Oct 25, 2017 1:10:03 AM org.apache.coyote.AbstractProtocol stop
INFO: Stopping ProtocolHandler ["ajp-bio-8009"]
Oct 25, 2017 1:10:03 AM org.apache.coyote.AbstractProtocol destroy
INFO: Destroying ProtocolHandler ["http-bio-80"]
Oct 25, 2017 1:10:03 AM org.apache.coyote.AbstractProtocol destroy
INFO: Destroying ProtocolHandler ["ajp-bio-8009"]
Oct 25, 2017 1:10:05 AM org.apache.catalina.core.AprLifecycleListener init
INFO: The APR based Apache Tomcat Native library which allows optimal performance in production environments was not found on the java.library.path: /Users/junyipeng/Library/Java/Extensions:/Library/Java/Extensions:/Network/Library/Java/Extensions:/System/Library/Java/Extensions:/usr/lib/java:.
Oct 25, 2017 1:10:05 AM org.apache.coyote.AbstractProtocol init
INFO: Initializing ProtocolHandler ["http-bio-80"]
Oct 25, 2017 1:10:05 AM org.apache.coyote.AbstractProtocol init
INFO: Initializing ProtocolHandler ["ajp-bio-8009"]
Oct 25, 2017 1:10:05 AM org.apache.catalina.startup.Catalina load
INFO: Initialization processed in 570 ms
Oct 25, 2017 1:10:05 AM org.apache.catalina.core.StandardService startInternal
INFO: Starting service Catalina
Oct 25, 2017 1:10:05 AM org.apache.catalina.core.StandardEngine startInternal
INFO: Starting Servlet Engine: Apache Tomcat/7.0.34
Oct 25, 2017 1:10:05 AM org.apache.catalina.startup.HostConfig deployDirectory
INFO: Deploying web application directory /Users/junyipeng/apache-tomcat-7.0.34/webapps/hw
Oct 25, 2017 1:10:05 AM org.apache.catalina.startup.HostConfig deployDirectory
INFO: Deploying web application directory /Users/junyipeng/apache-tomcat-7.0.34/webapps/zhou
Oct 25, 2017 1:10:06 AM org.apache.catalina.startup.HostConfig deployDirectory
INFO: Deploying web application directory /Users/junyipeng/apache-tomcat-7.0.34/webapps/code
Oct 25, 2017 1:10:06 AM org.apache.catalina.startup.HostConfig deployDirectory
INFO: Deploying web application directory /Users/junyipeng/apache-tomcat-7.0.34/webapps/docs
Oct 25, 2017 1:10:06 AM org.apache.catalina.startup.HostConfig deployDirectory
INFO: Deploying web application directory /Users/junyipeng/apache-tomcat-7.0.34/webapps/peng
Oct 25, 2017 1:10:06 AM org.apache.catalina.startup.HostConfig deployDirectory
INFO: Deploying web application directory /Users/junyipeng/apache-tomcat-7.0.34/webapps/manager
Oct 25, 2017 1:10:06 AM org.apache.catalina.startup.HostConfig deployDirectory
INFO: Deploying web application directory /Users/junyipeng/apache-tomcat-7.0.34/webapps/yi
Oct 25, 2017 1:10:07 AM org.apache.catalina.startup.HostConfig deployDirectory
INFO: Deploying web application directory /Users/junyipeng/apache-tomcat-7.0.34/webapps/examples
Oct 25, 2017 1:10:07 AM org.apache.catalina.startup.HostConfig deployDirectory
INFO: Deploying web application directory /Users/junyipeng/apache-tomcat-7.0.34/webapps/csj
Oct 25, 2017 1:10:07 AM org.apache.catalina.startup.HostConfig deployDirectory
INFO: Deploying web application directory /Users/junyipeng/apache-tomcat-7.0.34/webapps/ROOT
Oct 25, 2017 1:10:07 AM org.apache.catalina.startup.HostConfig deployDirectory
INFO: Deploying web application directory /Users/junyipeng/apache-tomcat-7.0.34/webapps/.git
Oct 25, 2017 1:10:08 AM org.apache.catalina.startup.HostConfig deployDirectory
INFO: Deploying web application directory /Users/junyipeng/apache-tomcat-7.0.34/webapps/host-manager
Oct 25, 2017 1:10:08 AM org.apache.catalina.startup.HostConfig deployDirectory
INFO: Deploying web application directory /Users/junyipeng/apache-tomcat-7.0.34/webapps/jun
Oct 25, 2017 1:10:08 AM org.apache.coyote.AbstractProtocol start
INFO: Starting ProtocolHandler ["http-bio-80"]
Oct 25, 2017 1:10:08 AM org.apache.coyote.AbstractProtocol start
INFO: Starting ProtocolHandler ["ajp-bio-8009"]
Oct 25, 2017 1:10:08 AM org.apache.catalina.startup.Catalina start
INFO: Server startup in 2580 ms
Oct 25, 2017 1:17:58 AM org.apache.catalina.core.StandardContext reload
INFO: Reloading Context with name [/hw] has started
Oct 25, 2017 1:17:59 AM org.apache.catalina.core.StandardContext reload
INFO: Reloading Context with name [/hw] is completed
Oct 25, 2017 1:23:09 AM org.apache.catalina.core.StandardContext reload
INFO: Reloading Context with name [/hw] has started
Oct 25, 2017 1:23:09 AM org.apache.catalina.core.StandardContext reload
INFO: Reloading Context with name [/hw] is completed
Oct 25, 2017 1:23:19 AM org.apache.catalina.core.StandardContext reload
INFO: Reloading Context with name [/hw] has started
Oct 25, 2017 1:23:20 AM org.apache.catalina.core.StandardContext reload
INFO: Reloading Context with name [/hw] is completed
Oct 25, 2017 1:24:16 AM org.apache.coyote.AbstractProtocol pause
INFO: Pausing ProtocolHandler ["http-bio-80"]
Oct 25, 2017 1:24:16 AM org.apache.coyote.AbstractProtocol pause
INFO: Pausing ProtocolHandler ["ajp-bio-8009"]
Oct 25, 2017 1:24:16 AM org.apache.catalina.core.StandardService stopInternal
INFO: Stopping service Catalina
Oct 25, 2017 1:24:16 AM org.apache.coyote.AbstractProtocol stop
INFO: Stopping ProtocolHandler ["http-bio-80"]
Oct 25, 2017 1:24:16 AM org.apache.coyote.AbstractProtocol stop
INFO: Stopping ProtocolHandler ["ajp-bio-8009"]
Oct 25, 2017 1:24:16 AM org.apache.coyote.AbstractProtocol destroy
INFO: Destroying ProtocolHandler ["http-bio-80"]
Oct 25, 2017 1:24:16 AM org.apache.coyote.AbstractProtocol destroy
INFO: Destroying ProtocolHandler ["ajp-bio-8009"]
Oct 25, 2017 1:24:18 AM org.apache.catalina.core.AprLifecycleListener init
INFO: The APR based Apache Tomcat Native library which allows optimal performance in production environments was not found on the java.library.path: /Users/junyipeng/Library/Java/Extensions:/Library/Java/Extensions:/Network/Library/Java/Extensions:/System/Library/Java/Extensions:/usr/lib/java:.
Oct 25, 2017 1:24:18 AM org.apache.coyote.AbstractProtocol init
INFO: Initializing ProtocolHandler ["http-bio-80"]
Oct 25, 2017 1:24:18 AM org.apache.coyote.AbstractProtocol init
INFO: Initializing ProtocolHandler ["ajp-bio-8009"]
Oct 25, 2017 1:24:18 AM org.apache.catalina.startup.Catalina load
INFO: Initialization processed in 580 ms
Oct 25, 2017 1:24:18 AM org.apache.catalina.core.StandardService startInternal
INFO: Starting service Catalina
Oct 25, 2017 1:24:18 AM org.apache.catalina.core.StandardEngine startInternal
INFO: Starting Servlet Engine: Apache Tomcat/7.0.34
Oct 25, 2017 1:24:18 AM org.apache.catalina.startup.HostConfig deployDirectory
INFO: Deploying web application directory /Users/junyipeng/apache-tomcat-7.0.34/webapps/hw
Oct 25, 2017 1:24:19 AM org.apache.catalina.startup.HostConfig deployDirectory
INFO: Deploying web application directory /Users/junyipeng/apache-tomcat-7.0.34/webapps/zhou
Oct 25, 2017 1:24:19 AM org.apache.catalina.startup.HostConfig deployDirectory
INFO: Deploying web application directory /Users/junyipeng/apache-tomcat-7.0.34/webapps/code
Oct 25, 2017 1:24:19 AM org.apache.catalina.startup.HostConfig deployDirectory
INFO: Deploying web application directory /Users/junyipeng/apache-tomcat-7.0.34/webapps/docs
Oct 25, 2017 1:24:19 AM org.apache.catalina.startup.HostConfig deployDirectory
INFO: Deploying web application directory /Users/junyipeng/apache-tomcat-7.0.34/webapps/peng
Oct 25, 2017 1:24:19 AM org.apache.catalina.startup.HostConfig deployDirectory
INFO: Deploying web application directory /Users/junyipeng/apache-tomcat-7.0.34/webapps/manager
Oct 25, 2017 1:24:19 AM org.apache.catalina.startup.HostConfig deployDirectory
INFO: Deploying web application directory /Users/junyipeng/apache-tomcat-7.0.34/webapps/yi
Oct 25, 2017 1:24:20 AM org.apache.catalina.startup.HostConfig deployDirectory
INFO: Deploying web application directory /Users/junyipeng/apache-tomcat-7.0.34/webapps/examples
Oct 25, 2017 1:24:20 AM org.apache.catalina.startup.HostConfig deployDirectory
INFO: Deploying web application directory /Users/junyipeng/apache-tomcat-7.0.34/webapps/csj
Oct 25, 2017 1:24:20 AM org.apache.catalina.startup.HostConfig deployDirectory
INFO: Deploying web application directory /Users/junyipeng/apache-tomcat-7.0.34/webapps/ROOT
Oct 25, 2017 1:24:20 AM org.apache.catalina.startup.HostConfig deployDirectory
INFO: Deploying web application directory /Users/junyipeng/apache-tomcat-7.0.34/webapps/.git
Oct 25, 2017 1:24:21 AM org.apache.catalina.startup.HostConfig deployDirectory
INFO: Deploying web application directory /Users/junyipeng/apache-tomcat-7.0.34/webapps/host-manager
Oct 25, 2017 1:24:21 AM org.apache.catalina.startup.HostConfig deployDirectory
INFO: Deploying web application directory /Users/junyipeng/apache-tomcat-7.0.34/webapps/jun
Oct 25, 2017 1:24:21 AM org.apache.coyote.AbstractProtocol start
INFO: Starting ProtocolHandler ["http-bio-80"]
Oct 25, 2017 1:24:21 AM org.apache.coyote.AbstractProtocol start
INFO: Starting ProtocolHandler ["ajp-bio-8009"]
Oct 25, 2017 1:24:21 AM org.apache.catalina.startup.Catalina start
INFO: Server startup in 2563 ms
Oct 25, 2017 1:26:31 AM org.apache.catalina.core.StandardContext reload
INFO: Reloading Context with name [/hw] has started
Oct 25, 2017 1:26:31 AM org.apache.catalina.core.StandardContext reload
INFO: Reloading Context with name [/hw] is completed
Oct 25, 2017 1:29:39 AM org.apache.coyote.AbstractProtocol pause
INFO: Pausing ProtocolHandler ["http-bio-80"]
Oct 25, 2017 1:29:39 AM org.apache.coyote.AbstractProtocol pause
INFO: Pausing ProtocolHandler ["ajp-bio-8009"]
Oct 25, 2017 1:29:39 AM org.apache.catalina.core.StandardService stopInternal
INFO: Stopping service Catalina
Oct 25, 2017 1:29:39 AM org.apache.coyote.AbstractProtocol stop
INFO: Stopping ProtocolHandler ["http-bio-80"]
Oct 25, 2017 1:29:39 AM org.apache.coyote.AbstractProtocol stop
INFO: Stopping ProtocolHandler ["ajp-bio-8009"]
Oct 25, 2017 1:29:39 AM org.apache.coyote.AbstractProtocol destroy
INFO: Destroying ProtocolHandler ["http-bio-80"]
Oct 25, 2017 1:29:39 AM org.apache.coyote.AbstractProtocol destroy
INFO: Destroying ProtocolHandler ["ajp-bio-8009"]
Oct 25, 2017 1:29:41 AM org.apache.catalina.core.AprLifecycleListener init
INFO: The APR based Apache Tomcat Native library which allows optimal performance in production environments was not found on the java.library.path: /Users/junyipeng/Library/Java/Extensions:/Library/Java/Extensions:/Network/Library/Java/Extensions:/System/Library/Java/Extensions:/usr/lib/java:.
Oct 25, 2017 1:29:42 AM org.apache.coyote.AbstractProtocol init
INFO: Initializing ProtocolHandler ["http-bio-80"]
Oct 25, 2017 1:29:42 AM org.apache.coyote.AbstractProtocol init
INFO: Initializing ProtocolHandler ["ajp-bio-8009"]
Oct 25, 2017 1:29:42 AM org.apache.catalina.startup.Catalina load
INFO: Initialization processed in 539 ms
Oct 25, 2017 1:29:42 AM org.apache.catalina.core.StandardService startInternal
INFO: Starting service Catalina
Oct 25, 2017 1:29:42 AM org.apache.catalina.core.StandardEngine startInternal
INFO: Starting Servlet Engine: Apache Tomcat/7.0.34
Oct 25, 2017 1:29:42 AM org.apache.catalina.startup.HostConfig deployDirectory
INFO: Deploying web application directory /Users/junyipeng/apache-tomcat-7.0.34/webapps/hw
Oct 25, 2017 1:29:42 AM org.apache.catalina.startup.HostConfig deployDirectory
INFO: Deploying web application directory /Users/junyipeng/apache-tomcat-7.0.34/webapps/zhou
Oct 25, 2017 1:29:43 AM org.apache.catalina.startup.HostConfig deployDirectory
INFO: Deploying web application directory /Users/junyipeng/apache-tomcat-7.0.34/webapps/code
Oct 25, 2017 1:29:43 AM org.apache.catalina.startup.HostConfig deployDirectory
INFO: Deploying web application directory /Users/junyipeng/apache-tomcat-7.0.34/webapps/docs
Oct 25, 2017 1:29:43 AM org.apache.catalina.startup.HostConfig deployDirectory
INFO: Deploying web application directory /Users/junyipeng/apache-tomcat-7.0.34/webapps/peng
Oct 25, 2017 1:29:43 AM org.apache.catalina.startup.HostConfig deployDirectory
INFO: Deploying web application directory /Users/junyipeng/apache-tomcat-7.0.34/webapps/manager
Oct 25, 2017 1:29:43 AM org.apache.catalina.startup.HostConfig deployDirectory
INFO: Deploying web application directory /Users/junyipeng/apache-tomcat-7.0.34/webapps/yi
Oct 25, 2017 1:29:43 AM org.apache.catalina.startup.HostConfig deployDirectory
INFO: Deploying web application directory /Users/junyipeng/apache-tomcat-7.0.34/webapps/examples
Oct 25, 2017 1:29:43 AM org.apache.catalina.startup.HostConfig deployDirectory
INFO: Deploying web application directory /Users/junyipeng/apache-tomcat-7.0.34/webapps/csj
Oct 25, 2017 1:29:44 AM org.apache.catalina.startup.HostConfig deployDirectory
INFO: Deploying web application directory /Users/junyipeng/apache-tomcat-7.0.34/webapps/ROOT
Oct 25, 2017 1:29:44 AM org.apache.catalina.startup.HostConfig deployDirectory
INFO: Deploying web application directory /Users/junyipeng/apache-tomcat-7.0.34/webapps/.git
Oct 25, 2017 1:29:44 AM org.apache.catalina.startup.HostConfig deployDirectory
INFO: Deploying web application directory /Users/junyipeng/apache-tomcat-7.0.34/webapps/host-manager
Oct 25, 2017 1:29:44 AM org.apache.catalina.startup.HostConfig deployDirectory
INFO: Deploying web application directory /Users/junyipeng/apache-tomcat-7.0.34/webapps/jun
Oct 25, 2017 1:29:44 AM org.apache.coyote.AbstractProtocol start
INFO: Starting ProtocolHandler ["http-bio-80"]
Oct 25, 2017 1:29:44 AM org.apache.coyote.AbstractProtocol start
INFO: Starting ProtocolHandler ["ajp-bio-8009"]
Oct 25, 2017 1:29:44 AM org.apache.catalina.startup.Catalina start
INFO: Server startup in 2511 ms
Oct 25, 2017 1:34:34 AM org.apache.catalina.core.StandardContext reload
INFO: Reloading Context with name [/hw] has started
Oct 25, 2017 1:34:35 AM org.apache.catalina.core.StandardContext reload
INFO: Reloading Context with name [/hw] is completed
Oct 25, 2017 1:35:09 AM org.apache.coyote.AbstractProtocol pause
INFO: Pausing ProtocolHandler ["http-bio-80"]
Oct 25, 2017 1:35:09 AM org.apache.coyote.AbstractProtocol pause
INFO: Pausing ProtocolHandler ["ajp-bio-8009"]
Oct 25, 2017 1:35:09 AM org.apache.catalina.core.StandardService stopInternal
INFO: Stopping service Catalina
Oct 25, 2017 1:35:09 AM org.apache.coyote.AbstractProtocol stop
INFO: Stopping ProtocolHandler ["http-bio-80"]
Oct 25, 2017 1:35:09 AM org.apache.coyote.AbstractProtocol stop
INFO: Stopping ProtocolHandler ["ajp-bio-8009"]
Oct 25, 2017 1:35:09 AM org.apache.coyote.AbstractProtocol destroy
INFO: Destroying ProtocolHandler ["http-bio-80"]
Oct 25, 2017 1:35:09 AM org.apache.coyote.AbstractProtocol destroy
INFO: Destroying ProtocolHandler ["ajp-bio-8009"]
Oct 25, 2017 1:35:11 AM org.apache.catalina.core.AprLifecycleListener init
INFO: The APR based Apache Tomcat Native library which allows optimal performance in production environments was not found on the java.library.path: /Users/junyipeng/Library/Java/Extensions:/Library/Java/Extensions:/Network/Library/Java/Extensions:/System/Library/Java/Extensions:/usr/lib/java:.
Oct 25, 2017 1:35:11 AM org.apache.coyote.AbstractProtocol init
INFO: Initializing ProtocolHandler ["http-bio-80"]
Oct 25, 2017 1:35:11 AM org.apache.coyote.AbstractProtocol init
INFO: Initializing ProtocolHandler ["ajp-bio-8009"]
Oct 25, 2017 1:35:11 AM org.apache.catalina.startup.Catalina load
INFO: Initialization processed in 550 ms
Oct 25, 2017 1:35:11 AM org.apache.catalina.core.StandardService startInternal
INFO: Starting service Catalina
Oct 25, 2017 1:35:11 AM org.apache.catalina.core.StandardEngine startInternal
INFO: Starting Servlet Engine: Apache Tomcat/7.0.34
Oct 25, 2017 1:35:11 AM org.apache.catalina.startup.HostConfig deployDirectory
INFO: Deploying web application directory /Users/junyipeng/apache-tomcat-7.0.34/webapps/hw
Oct 25, 2017 1:35:11 AM org.apache.catalina.startup.HostConfig deployDirectory
INFO: Deploying web application directory /Users/junyipeng/apache-tomcat-7.0.34/webapps/zhou
Oct 25, 2017 1:35:12 AM org.apache.catalina.startup.HostConfig deployDirectory
INFO: Deploying web application directory /Users/junyipeng/apache-tomcat-7.0.34/webapps/code
Oct 25, 2017 1:35:12 AM org.apache.catalina.startup.HostConfig deployDirectory
INFO: Deploying web application directory /Users/junyipeng/apache-tomcat-7.0.34/webapps/docs
Oct 25, 2017 1:35:12 AM org.apache.catalina.startup.HostConfig deployDirectory
INFO: Deploying web application directory /Users/junyipeng/apache-tomcat-7.0.34/webapps/peng
Oct 25, 2017 1:35:12 AM org.apache.catalina.startup.HostConfig deployDirectory
INFO: Deploying web application directory /Users/junyipeng/apache-tomcat-7.0.34/webapps/manager
Oct 25, 2017 1:35:12 AM org.apache.catalina.startup.HostConfig deployDirectory
INFO: Deploying web application directory /Users/junyipeng/apache-tomcat-7.0.34/webapps/yi
Oct 25, 2017 1:35:13 AM org.apache.catalina.startup.HostConfig deployDirectory
INFO: Deploying web application directory /Users/junyipeng/apache-tomcat-7.0.34/webapps/examples
Oct 25, 2017 1:35:13 AM org.apache.catalina.startup.HostConfig deployDirectory
INFO: Deploying web application directory /Users/junyipeng/apache-tomcat-7.0.34/webapps/csj
Oct 25, 2017 1:35:13 AM org.apache.catalina.startup.HostConfig deployDirectory
INFO: Deploying web application directory /Users/junyipeng/apache-tomcat-7.0.34/webapps/ROOT
Oct 25, 2017 1:35:13 AM org.apache.catalina.startup.HostConfig deployDirectory
INFO: Deploying web application directory /Users/junyipeng/apache-tomcat-7.0.34/webapps/.git
Oct 25, 2017 1:35:13 AM org.apache.catalina.startup.HostConfig deployDirectory
INFO: Deploying web application directory /Users/junyipeng/apache-tomcat-7.0.34/webapps/host-manager
Oct 25, 2017 1:35:13 AM org.apache.catalina.startup.HostConfig deployDirectory
INFO: Deploying web application directory /Users/junyipeng/apache-tomcat-7.0.34/webapps/jun
Oct 25, 2017 1:35:13 AM org.apache.coyote.AbstractProtocol start
INFO: Starting ProtocolHandler ["http-bio-80"]
Oct 25, 2017 1:35:13 AM org.apache.coyote.AbstractProtocol start
INFO: Starting ProtocolHandler ["ajp-bio-8009"]
Oct 25, 2017 1:35:13 AM org.apache.catalina.startup.Catalina start
INFO: Server startup in 2472 ms
Oct 25, 2017 1:37:47 AM org.apache.coyote.AbstractProtocol pause
INFO: Pausing ProtocolHandler ["http-bio-80"]
Oct 25, 2017 1:37:47 AM org.apache.coyote.AbstractProtocol pause
INFO: Pausing ProtocolHandler ["ajp-bio-8009"]
Oct 25, 2017 1:37:47 AM org.apache.catalina.core.StandardService stopInternal
INFO: Stopping service Catalina
Oct 25, 2017 1:37:47 AM org.apache.coyote.AbstractProtocol stop
INFO: Stopping ProtocolHandler ["http-bio-80"]
Oct 25, 2017 1:37:47 AM org.apache.coyote.AbstractProtocol stop
INFO: Stopping ProtocolHandler ["ajp-bio-8009"]
Oct 25, 2017 1:37:47 AM org.apache.coyote.AbstractProtocol destroy
INFO: Destroying ProtocolHandler ["http-bio-80"]
Oct 25, 2017 1:37:47 AM org.apache.coyote.AbstractProtocol destroy
INFO: Destroying ProtocolHandler ["ajp-bio-8009"]
Oct 25, 2017 1:37:49 AM org.apache.catalina.core.AprLifecycleListener init
INFO: The APR based Apache Tomcat Native library which allows optimal performance in production environments was not found on the java.library.path: /Users/junyipeng/Library/Java/Extensions:/Library/Java/Extensions:/Network/Library/Java/Extensions:/System/Library/Java/Extensions:/usr/lib/java:.
Oct 25, 2017 1:37:49 AM org.apache.coyote.AbstractProtocol init
INFO: Initializing ProtocolHandler ["http-bio-80"]
Oct 25, 2017 1:37:49 AM org.apache.coyote.AbstractProtocol init
INFO: Initializing ProtocolHandler ["ajp-bio-8009"]
Oct 25, 2017 1:37:49 AM org.apache.catalina.startup.Catalina load
INFO: Initialization processed in 546 ms
Oct 25, 2017 1:37:49 AM org.apache.catalina.core.StandardService startInternal
INFO: Starting service Catalina
Oct 25, 2017 1:37:49 AM org.apache.catalina.core.StandardEngine startInternal
INFO: Starting Servlet Engine: Apache Tomcat/7.0.34
Oct 25, 2017 1:37:49 AM org.apache.catalina.startup.HostConfig deployDirectory
INFO: Deploying web application directory /Users/junyipeng/apache-tomcat-7.0.34/webapps/hw
Oct 25, 2017 1:37:50 AM org.apache.catalina.startup.HostConfig deployDirectory
INFO: Deploying web application directory /Users/junyipeng/apache-tomcat-7.0.34/webapps/zhou
Oct 25, 2017 1:37:50 AM org.apache.catalina.startup.HostConfig deployDirectory
INFO: Deploying web application directory /Users/junyipeng/apache-tomcat-7.0.34/webapps/code
Oct 25, 2017 1:37:50 AM org.apache.catalina.startup.HostConfig deployDirectory
INFO: Deploying web application directory /Users/junyipeng/apache-tomcat-7.0.34/webapps/docs
Oct 25, 2017 1:37:50 AM org.apache.catalina.startup.HostConfig deployDirectory
INFO: Deploying web application directory /Users/junyipeng/apache-tomcat-7.0.34/webapps/peng
Oct 25, 2017 1:37:50 AM org.apache.catalina.startup.HostConfig deployDirectory
INFO: Deploying web application directory /Users/junyipeng/apache-tomcat-7.0.34/webapps/manager
Oct 25, 2017 1:37:50 AM org.apache.catalina.startup.HostConfig deployDirectory
INFO: Deploying web application directory /Users/junyipeng/apache-tomcat-7.0.34/webapps/yi
Oct 25, 2017 1:37:51 AM org.apache.catalina.startup.HostConfig deployDirectory
INFO: Deploying web application directory /Users/junyipeng/apache-tomcat-7.0.34/webapps/examples
Oct 25, 2017 1:37:51 AM org.apache.catalina.startup.HostConfig deployDirectory
INFO: Deploying web application directory /Users/junyipeng/apache-tomcat-7.0.34/webapps/csj
Oct 25, 2017 1:37:51 AM org.apache.catalina.startup.HostConfig deployDirectory
INFO: Deploying web application directory /Users/junyipeng/apache-tomcat-7.0.34/webapps/ROOT
Oct 25, 2017 1:37:51 AM org.apache.catalina.startup.HostConfig deployDirectory
INFO: Deploying web application directory /Users/junyipeng/apache-tomcat-7.0.34/webapps/.git
Oct 25, 2017 1:37:52 AM org.apache.catalina.startup.HostConfig deployDirectory
INFO: Deploying web application directory /Users/junyipeng/apache-tomcat-7.0.34/webapps/host-manager
Oct 25, 2017 1:37:52 AM org.apache.catalina.startup.HostConfig deployDirectory
INFO: Deploying web application directory /Users/junyipeng/apache-tomcat-7.0.34/webapps/jun
Oct 25, 2017 1:37:52 AM org.apache.coyote.AbstractProtocol start
INFO: Starting ProtocolHandler ["http-bio-80"]
Oct 25, 2017 1:37:52 AM org.apache.coyote.AbstractProtocol start
INFO: Starting ProtocolHandler ["ajp-bio-8009"]
Oct 25, 2017 1:37:52 AM org.apache.catalina.startup.Catalina start
INFO: Server startup in 2564 ms
Oct 25, 2017 1:56:33 AM org.apache.catalina.core.StandardContext reload
INFO: Reloading Context with name [/hw] has started
Oct 25, 2017 1:56:33 AM org.apache.catalina.core.StandardContext reload
INFO: Reloading Context with name [/hw] is completed
Oct 25, 2017 2:08:43 AM org.apache.catalina.core.StandardContext reload
INFO: Reloading Context with name [/hw] has started
Oct 25, 2017 2:08:44 AM org.apache.catalina.core.StandardContext reload
INFO: Reloading Context with name [/hw] is completed
Oct 25, 2017 2:09:04 AM org.apache.catalina.core.StandardContext reload
INFO: Reloading Context with name [/hw] has started
Oct 25, 2017 2:09:04 AM org.apache.catalina.core.StandardContext reload
INFO: Reloading Context with name [/hw] is completed
Oct 25, 2017 2:11:54 AM org.apache.catalina.core.StandardContext reload
INFO: Reloading Context with name [/hw] has started
Oct 25, 2017 2:11:55 AM org.apache.catalina.core.StandardContext reload
INFO: Reloading Context with name [/hw] is completed
Oct 25, 2017 2:14:11 AM org.apache.coyote.AbstractProtocol pause
INFO: Pausing ProtocolHandler ["http-bio-80"]
Oct 25, 2017 2:14:11 AM org.apache.coyote.AbstractProtocol pause
INFO: Pausing ProtocolHandler ["ajp-bio-8009"]
Oct 25, 2017 2:14:11 AM org.apache.catalina.core.StandardService stopInternal
INFO: Stopping service Catalina
Oct 25, 2017 2:14:11 AM org.apache.coyote.AbstractProtocol stop
INFO: Stopping ProtocolHandler ["http-bio-80"]
Oct 25, 2017 2:14:11 AM org.apache.coyote.AbstractProtocol stop
INFO: Stopping ProtocolHandler ["ajp-bio-8009"]
Oct 25, 2017 2:14:11 AM org.apache.coyote.AbstractProtocol destroy
INFO: Destroying ProtocolHandler ["http-bio-80"]
Oct 25, 2017 2:14:11 AM org.apache.coyote.AbstractProtocol destroy
INFO: Destroying ProtocolHandler ["ajp-bio-8009"]
Oct 25, 2017 2:14:13 AM org.apache.catalina.core.AprLifecycleListener init
INFO: The APR based Apache Tomcat Native library which allows optimal performance in production environments was not found on the java.library.path: /Users/junyipeng/Library/Java/Extensions:/Library/Java/Extensions:/Network/Library/Java/Extensions:/System/Library/Java/Extensions:/usr/lib/java:.
Oct 25, 2017 2:14:14 AM org.apache.coyote.AbstractProtocol init
INFO: Initializing ProtocolHandler ["http-bio-80"]
Oct 25, 2017 2:14:14 AM org.apache.coyote.AbstractProtocol init
INFO: Initializing ProtocolHandler ["ajp-bio-8009"]
Oct 25, 2017 2:14:14 AM org.apache.catalina.startup.Catalina load
INFO: Initialization processed in 576 ms
Oct 25, 2017 2:14:14 AM org.apache.catalina.core.StandardService startInternal
INFO: Starting service Catalina
Oct 25, 2017 2:14:14 AM org.apache.catalina.core.StandardEngine startInternal
INFO: Starting Servlet Engine: Apache Tomcat/7.0.34
Oct 25, 2017 2:14:14 AM org.apache.catalina.startup.HostConfig deployDirectory
INFO: Deploying web application directory /Users/junyipeng/apache-tomcat-7.0.34/webapps/hw
Oct 25, 2017 2:14:14 AM org.apache.catalina.startup.HostConfig deployDirectory
INFO: Deploying web application directory /Users/junyipeng/apache-tomcat-7.0.34/webapps/zhou
Oct 25, 2017 2:14:15 AM org.apache.catalina.startup.HostConfig deployDirectory
INFO: Deploying web application directory /Users/junyipeng/apache-tomcat-7.0.34/webapps/code
Oct 25, 2017 2:14:15 AM org.apache.catalina.startup.HostConfig deployDirectory
INFO: Deploying web application directory /Users/junyipeng/apache-tomcat-7.0.34/webapps/docs
Oct 25, 2017 2:14:15 AM org.apache.catalina.startup.HostConfig deployDirectory
INFO: Deploying web application directory /Users/junyipeng/apache-tomcat-7.0.34/webapps/peng
Oct 25, 2017 2:14:15 AM org.apache.catalina.startup.HostConfig deployDirectory
INFO: Deploying web application directory /Users/junyipeng/apache-tomcat-7.0.34/webapps/manager
Oct 25, 2017 2:14:15 AM org.apache.catalina.startup.HostConfig deployDirectory
INFO: Deploying web application directory /Users/junyipeng/apache-tomcat-7.0.34/webapps/yi
Oct 25, 2017 2:14:15 AM org.apache.catalina.startup.HostConfig deployDirectory
INFO: Deploying web application directory /Users/junyipeng/apache-tomcat-7.0.34/webapps/examples
Oct 25, 2017 2:14:15 AM org.apache.catalina.startup.HostConfig deployDirectory
INFO: Deploying web application directory /Users/junyipeng/apache-tomcat-7.0.34/webapps/csj
Oct 25, 2017 2:14:15 AM org.apache.catalina.startup.HostConfig deployDirectory
INFO: Deploying web application directory /Users/junyipeng/apache-tomcat-7.0.34/webapps/ROOT
Oct 25, 2017 2:14:16 AM org.apache.catalina.startup.HostConfig deployDirectory
INFO: Deploying web application directory /Users/junyipeng/apache-tomcat-7.0.34/webapps/.git
Oct 25, 2017 2:14:16 AM org.apache.catalina.startup.HostConfig deployDirectory
INFO: Deploying web application directory /Users/junyipeng/apache-tomcat-7.0.34/webapps/host-manager
Oct 25, 2017 2:14:16 AM org.apache.catalina.startup.HostConfig deployDirectory
INFO: Deploying web application directory /Users/junyipeng/apache-tomcat-7.0.34/webapps/jun
Oct 25, 2017 2:14:16 AM org.apache.coyote.AbstractProtocol start
INFO: Starting ProtocolHandler ["http-bio-80"]
Oct 25, 2017 2:14:16 AM org.apache.coyote.AbstractProtocol start
INFO: Starting ProtocolHandler ["ajp-bio-8009"]
Oct 25, 2017 2:14:16 AM org.apache.catalina.startup.Catalina start
INFO: Server startup in 2493 ms
Oct 25, 2017 2:15:36 AM org.apache.coyote.AbstractProtocol pause
INFO: Pausing ProtocolHandler ["http-bio-80"]
Oct 25, 2017 2:15:36 AM org.apache.catalina.core.StandardContext reload
INFO: Reloading Context with name [/hw] has started
Oct 25, 2017 2:15:36 AM org.apache.coyote.AbstractProtocol pause
INFO: Pausing ProtocolHandler ["ajp-bio-8009"]
Oct 25, 2017 2:15:36 AM org.apache.catalina.core.StandardContext reload
INFO: Reloading Context with name [/hw] is completed
Oct 25, 2017 2:15:36 AM org.apache.catalina.core.StandardService stopInternal
INFO: Stopping service Catalina
Oct 25, 2017 2:15:36 AM org.apache.coyote.AbstractProtocol stop
INFO: Stopping ProtocolHandler ["http-bio-80"]
Oct 25, 2017 2:15:36 AM org.apache.coyote.AbstractProtocol stop
INFO: Stopping ProtocolHandler ["ajp-bio-8009"]
Oct 25, 2017 2:15:36 AM org.apache.coyote.AbstractProtocol destroy
INFO: Destroying ProtocolHandler ["http-bio-80"]
Oct 25, 2017 2:15:36 AM org.apache.coyote.AbstractProtocol destroy
INFO: Destroying ProtocolHandler ["ajp-bio-8009"]
Oct 25, 2017 2:15:38 AM org.apache.catalina.core.AprLifecycleListener init
INFO: The APR based Apache Tomcat Native library which allows optimal performance in production environments was not found on the java.library.path: /Users/junyipeng/Library/Java/Extensions:/Library/Java/Extensions:/Network/Library/Java/Extensions:/System/Library/Java/Extensions:/usr/lib/java:.
Oct 25, 2017 2:15:38 AM org.apache.coyote.AbstractProtocol init
INFO: Initializing ProtocolHandler ["http-bio-80"]
Oct 25, 2017 2:15:38 AM org.apache.coyote.AbstractProtocol init
INFO: Initializing ProtocolHandler ["ajp-bio-8009"]
Oct 25, 2017 2:15:38 AM org.apache.catalina.startup.Catalina load
INFO: Initialization processed in 544 ms
Oct 25, 2017 2:15:38 AM org.apache.catalina.core.StandardService startInternal
INFO: Starting service Catalina
Oct 25, 2017 2:15:38 AM org.apache.catalina.core.StandardEngine startInternal
INFO: Starting Servlet Engine: Apache Tomcat/7.0.34
Oct 25, 2017 2:15:38 AM org.apache.catalina.startup.HostConfig deployDirectory
INFO: Deploying web application directory /Users/junyipeng/apache-tomcat-7.0.34/webapps/hw
Oct 25, 2017 2:15:38 AM org.apache.catalina.startup.HostConfig deployDirectory
INFO: Deploying web application directory /Users/junyipeng/apache-tomcat-7.0.34/webapps/zhou
Oct 25, 2017 2:15:39 AM org.apache.catalina.startup.HostConfig deployDirectory
INFO: Deploying web application directory /Users/junyipeng/apache-tomcat-7.0.34/webapps/code
Oct 25, 2017 2:15:39 AM org.apache.catalina.startup.HostConfig deployDirectory
INFO: Deploying web application directory /Users/junyipeng/apache-tomcat-7.0.34/webapps/docs
Oct 25, 2017 2:15:39 AM org.apache.catalina.startup.HostConfig deployDirectory
INFO: Deploying web application directory /Users/junyipeng/apache-tomcat-7.0.34/webapps/peng
Oct 25, 2017 2:15:39 AM org.apache.catalina.startup.HostConfig deployDirectory
INFO: Deploying web application directory /Users/junyipeng/apache-tomcat-7.0.34/webapps/manager
Oct 25, 2017 2:15:39 AM org.apache.catalina.startup.HostConfig deployDirectory
INFO: Deploying web application directory /Users/junyipeng/apache-tomcat-7.0.34/webapps/yi
Oct 25, 2017 2:15:40 AM org.apache.catalina.startup.HostConfig deployDirectory
INFO: Deploying web application directory /Users/junyipeng/apache-tomcat-7.0.34/webapps/examples
Oct 25, 2017 2:15:40 AM org.apache.catalina.startup.HostConfig deployDirectory
INFO: Deploying web application directory /Users/junyipeng/apache-tomcat-7.0.34/webapps/csj
Oct 25, 2017 2:15:40 AM org.apache.catalina.startup.HostConfig deployDirectory
INFO: Deploying web application directory /Users/junyipeng/apache-tomcat-7.0.34/webapps/ROOT
Oct 25, 2017 2:15:40 AM org.apache.catalina.startup.HostConfig deployDirectory
INFO: Deploying web application directory /Users/junyipeng/apache-tomcat-7.0.34/webapps/.git
Oct 25, 2017 2:15:41 AM org.apache.catalina.startup.HostConfig deployDirectory
INFO: Deploying web application directory /Users/junyipeng/apache-tomcat-7.0.34/webapps/host-manager
Oct 25, 2017 2:15:41 AM org.apache.catalina.startup.HostConfig deployDirectory
INFO: Deploying web application directory /Users/junyipeng/apache-tomcat-7.0.34/webapps/jun
Oct 25, 2017 2:15:41 AM org.apache.coyote.AbstractProtocol start
INFO: Starting ProtocolHandler ["http-bio-80"]
Oct 25, 2017 2:15:41 AM org.apache.coyote.AbstractProtocol start
INFO: Starting ProtocolHandler ["ajp-bio-8009"]
Oct 25, 2017 2:15:41 AM org.apache.catalina.startup.Catalina start
INFO: Server startup in 2507 ms
Oct 25, 2017 2:26:19 AM org.apache.coyote.AbstractProtocol pause
INFO: Pausing ProtocolHandler ["http-bio-80"]
Oct 25, 2017 2:26:19 AM org.apache.coyote.AbstractProtocol pause
INFO: Pausing ProtocolHandler ["ajp-bio-8009"]
Oct 25, 2017 2:26:19 AM org.apache.catalina.core.StandardService stopInternal
INFO: Stopping service Catalina
Oct 25, 2017 2:26:19 AM org.apache.coyote.AbstractProtocol stop
INFO: Stopping ProtocolHandler ["http-bio-80"]
Oct 25, 2017 2:26:19 AM org.apache.coyote.AbstractProtocol stop
INFO: Stopping ProtocolHandler ["ajp-bio-8009"]
Oct 25, 2017 2:26:19 AM org.apache.coyote.AbstractProtocol destroy
INFO: Destroying ProtocolHandler ["http-bio-80"]
Oct 25, 2017 2:26:19 AM org.apache.coyote.AbstractProtocol destroy
INFO: Destroying ProtocolHandler ["ajp-bio-8009"]
Oct 25, 2017 2:26:21 AM org.apache.catalina.core.AprLifecycleListener init
INFO: The APR based Apache Tomcat Native library which allows optimal performance in production environments was not found on the java.library.path: /Users/junyipeng/Library/Java/Extensions:/Library/Java/Extensions:/Network/Library/Java/Extensions:/System/Library/Java/Extensions:/usr/lib/java:.
Oct 25, 2017 2:26:22 AM org.apache.coyote.AbstractProtocol init
INFO: Initializing ProtocolHandler ["http-bio-80"]
Oct 25, 2017 2:26:22 AM org.apache.coyote.AbstractProtocol init
INFO: Initializing ProtocolHandler ["ajp-bio-8009"]
Oct 25, 2017 2:26:22 AM org.apache.catalina.startup.Catalina load
INFO: Initialization processed in 550 ms
Oct 25, 2017 2:26:22 AM org.apache.catalina.core.StandardService startInternal
INFO: Starting service Catalina
Oct 25, 2017 2:26:22 AM org.apache.catalina.core.StandardEngine startInternal
INFO: Starting Servlet Engine: Apache Tomcat/7.0.34
Oct 25, 2017 2:26:22 AM org.apache.catalina.startup.HostConfig deployDirectory
INFO: Deploying web application directory /Users/junyipeng/apache-tomcat-7.0.34/webapps/hw
Oct 25, 2017 2:26:22 AM org.apache.catalina.startup.HostConfig deployDirectory
INFO: Deploying web application directory /Users/junyipeng/apache-tomcat-7.0.34/webapps/zhou
Oct 25, 2017 2:26:23 AM org.apache.catalina.startup.HostConfig deployDirectory
INFO: Deploying web application directory /Users/junyipeng/apache-tomcat-7.0.34/webapps/code
Oct 25, 2017 2:26:23 AM org.apache.catalina.startup.HostConfig deployDirectory
INFO: Deploying web application directory /Users/junyipeng/apache-tomcat-7.0.34/webapps/docs
Oct 25, 2017 2:26:23 AM org.apache.catalina.startup.HostConfig deployDirectory
INFO: Deploying web application directory /Users/junyipeng/apache-tomcat-7.0.34/webapps/peng
Oct 25, 2017 2:26:23 AM org.apache.catalina.startup.HostConfig deployDirectory
INFO: Deploying web application directory /Users/junyipeng/apache-tomcat-7.0.34/webapps/manager
Oct 25, 2017 2:26:23 AM org.apache.catalina.startup.HostConfig deployDirectory
INFO: Deploying web application directory /Users/junyipeng/apache-tomcat-7.0.34/webapps/yi
Oct 25, 2017 2:26:24 AM org.apache.catalina.startup.HostConfig deployDirectory
INFO: Deploying web application directory /Users/junyipeng/apache-tomcat-7.0.34/webapps/examples
Oct 25, 2017 2:26:24 AM org.apache.catalina.startup.HostConfig deployDirectory
INFO: Deploying web application directory /Users/junyipeng/apache-tomcat-7.0.34/webapps/csj
Oct 25, 2017 2:26:24 AM org.apache.catalina.startup.HostConfig deployDirectory
INFO: Deploying web application directory /Users/junyipeng/apache-tomcat-7.0.34/webapps/ROOT
Oct 25, 2017 2:26:24 AM org.apache.catalina.startup.HostConfig deployDirectory
INFO: Deploying web application directory /Users/junyipeng/apache-tomcat-7.0.34/webapps/.git
Oct 25, 2017 2:26:24 AM org.apache.catalina.startup.HostConfig deployDirectory
INFO: Deploying web application directory /Users/junyipeng/apache-tomcat-7.0.34/webapps/host-manager
Oct 25, 2017 2:26:24 AM org.apache.catalina.startup.HostConfig deployDirectory
INFO: Deploying web application directory /Users/junyipeng/apache-tomcat-7.0.34/webapps/jun
Oct 25, 2017 2:26:24 AM org.apache.coyote.AbstractProtocol start
INFO: Starting ProtocolHandler ["http-bio-80"]
Oct 25, 2017 2:26:24 AM org.apache.coyote.AbstractProtocol start
INFO: Starting ProtocolHandler ["ajp-bio-8009"]
Oct 25, 2017 2:26:24 AM org.apache.catalina.startup.Catalina start
INFO: Server startup in 2592 ms
Oct 25, 2017 2:26:34 AM org.apache.catalina.core.StandardContext reload
INFO: Reloading Context with name [/hw] has started
Oct 25, 2017 2:26:35 AM org.apache.catalina.core.StandardContext reload
INFO: Reloading Context with name [/hw] is completed
Oct 25, 2017 2:27:45 AM org.apache.catalina.core.StandardContext reload
INFO: Reloading Context with name [/hw] has started
Oct 25, 2017 2:27:45 AM org.apache.coyote.AbstractProtocol pause
INFO: Pausing ProtocolHandler ["http-bio-80"]
Oct 25, 2017 2:27:45 AM org.apache.coyote.AbstractProtocol pause
INFO: Pausing ProtocolHandler ["ajp-bio-8009"]
Oct 25, 2017 2:27:45 AM org.apache.catalina.core.StandardService stopInternal
INFO: Stopping service Catalina
Oct 25, 2017 2:27:45 AM org.apache.catalina.core.StandardContext reload
INFO: Reloading Context with name [/hw] is completed
Oct 25, 2017 2:27:45 AM org.apache.coyote.AbstractProtocol stop
INFO: Stopping ProtocolHandler ["http-bio-80"]
Oct 25, 2017 2:27:45 AM org.apache.coyote.AbstractProtocol stop
INFO: Stopping ProtocolHandler ["ajp-bio-8009"]
Oct 25, 2017 2:27:45 AM org.apache.coyote.AbstractProtocol destroy
INFO: Destroying ProtocolHandler ["http-bio-80"]
Oct 25, 2017 2:27:45 AM org.apache.coyote.AbstractProtocol destroy
INFO: Destroying ProtocolHandler ["ajp-bio-8009"]
Oct 25, 2017 2:27:47 AM org.apache.catalina.core.AprLifecycleListener init
INFO: The APR based Apache Tomcat Native library which allows optimal performance in production environments was not found on the java.library.path: /Users/junyipeng/Library/Java/Extensions:/Library/Java/Extensions:/Network/Library/Java/Extensions:/System/Library/Java/Extensions:/usr/lib/java:.
Oct 25, 2017 2:27:47 AM org.apache.coyote.AbstractProtocol init
INFO: Initializing ProtocolHandler ["http-bio-80"]
Oct 25, 2017 2:27:47 AM org.apache.coyote.AbstractProtocol init
INFO: Initializing ProtocolHandler ["ajp-bio-8009"]
Oct 25, 2017 2:27:47 AM org.apache.catalina.startup.Catalina load
INFO: Initialization processed in 541 ms
Oct 25, 2017 2:27:47 AM org.apache.catalina.core.StandardService startInternal
INFO: Starting service Catalina
Oct 25, 2017 2:27:47 AM org.apache.catalina.core.StandardEngine startInternal
INFO: Starting Servlet Engine: Apache Tomcat/7.0.34
Oct 25, 2017 2:27:47 AM org.apache.catalina.startup.HostConfig deployDirectory
INFO: Deploying web application directory /Users/junyipeng/apache-tomcat-7.0.34/webapps/hw
Oct 25, 2017 2:27:47 AM org.apache.catalina.startup.HostConfig deployDirectory
INFO: Deploying web application directory /Users/junyipeng/apache-tomcat-7.0.34/webapps/zhou
Oct 25, 2017 2:27:48 AM org.apache.catalina.startup.HostConfig deployDirectory
INFO: Deploying web application directory /Users/junyipeng/apache-tomcat-7.0.34/webapps/code
Oct 25, 2017 2:27:48 AM org.apache.catalina.startup.HostConfig deployDirectory
INFO: Deploying web application directory /Users/junyipeng/apache-tomcat-7.0.34/webapps/docs
Oct 25, 2017 2:27:48 AM org.apache.catalina.startup.HostConfig deployDirectory
INFO: Deploying web application directory /Users/junyipeng/apache-tomcat-7.0.34/webapps/peng
Oct 25, 2017 2:27:48 AM org.apache.catalina.startup.HostConfig deployDirectory
INFO: Deploying web application directory /Users/junyipeng/apache-tomcat-7.0.34/webapps/manager
Oct 25, 2017 2:27:48 AM org.apache.catalina.startup.HostConfig deployDirectory
INFO: Deploying web application directory /Users/junyipeng/apache-tomcat-7.0.34/webapps/yi
Oct 25, 2017 2:27:49 AM org.apache.catalina.startup.HostConfig deployDirectory
INFO: Deploying web application directory /Users/junyipeng/apache-tomcat-7.0.34/webapps/examples
Oct 25, 2017 2:27:49 AM org.apache.catalina.startup.HostConfig deployDirectory
INFO: Deploying web application directory /Users/junyipeng/apache-tomcat-7.0.34/webapps/csj
Oct 25, 2017 2:27:49 AM org.apache.catalina.startup.HostConfig deployDirectory
INFO: Deploying web application directory /Users/junyipeng/apache-tomcat-7.0.34/webapps/ROOT
Oct 25, 2017 2:27:49 AM org.apache.catalina.startup.HostConfig deployDirectory
INFO: Deploying web application directory /Users/junyipeng/apache-tomcat-7.0.34/webapps/.git
Oct 25, 2017 2:27:49 AM org.apache.catalina.startup.HostConfig deployDirectory
INFO: Deploying web application directory /Users/junyipeng/apache-tomcat-7.0.34/webapps/host-manager
Oct 25, 2017 2:27:50 AM org.apache.catalina.startup.HostConfig deployDirectory
INFO: Deploying web application directory /Users/junyipeng/apache-tomcat-7.0.34/webapps/jun
Oct 25, 2017 2:27:50 AM org.apache.coyote.AbstractProtocol start
INFO: Starting ProtocolHandler ["http-bio-80"]
Oct 25, 2017 2:27:50 AM org.apache.coyote.AbstractProtocol start
INFO: Starting ProtocolHandler ["ajp-bio-8009"]
Oct 25, 2017 2:27:50 AM org.apache.catalina.startup.Catalina start
INFO: Server startup in 2566 ms
Oct 25, 2017 2:38:50 AM org.apache.catalina.core.StandardContext reload
INFO: Reloading Context with name [/hw] has started
Oct 25, 2017 2:38:50 AM org.apache.catalina.core.StandardContext reload
INFO: Reloading Context with name [/hw] is completed
Oct 25, 2017 2:40:36 AM org.apache.coyote.AbstractProtocol pause
INFO: Pausing ProtocolHandler ["http-bio-80"]
Oct 25, 2017 2:40:36 AM org.apache.coyote.AbstractProtocol pause
INFO: Pausing ProtocolHandler ["ajp-bio-8009"]
Oct 25, 2017 2:40:36 AM org.apache.catalina.core.StandardService stopInternal
INFO: Stopping service Catalina
Oct 25, 2017 2:40:36 AM org.apache.coyote.AbstractProtocol stop
INFO: Stopping ProtocolHandler ["http-bio-80"]
Oct 25, 2017 2:40:36 AM org.apache.coyote.AbstractProtocol stop
INFO: Stopping ProtocolHandler ["ajp-bio-8009"]
Oct 25, 2017 2:40:36 AM org.apache.coyote.AbstractProtocol destroy
INFO: Destroying ProtocolHandler ["http-bio-80"]
Oct 25, 2017 2:40:36 AM org.apache.coyote.AbstractProtocol destroy
INFO: Destroying ProtocolHandler ["ajp-bio-8009"]
Oct 25, 2017 2:40:38 AM org.apache.catalina.core.AprLifecycleListener init
INFO: The APR based Apache Tomcat Native library which allows optimal performance in production environments was not found on the java.library.path: /Users/junyipeng/Library/Java/Extensions:/Library/Java/Extensions:/Network/Library/Java/Extensions:/System/Library/Java/Extensions:/usr/lib/java:.
Oct 25, 2017 2:40:38 AM org.apache.coyote.AbstractProtocol init
INFO: Initializing ProtocolHandler ["http-bio-80"]
Oct 25, 2017 2:40:38 AM org.apache.coyote.AbstractProtocol init
INFO: Initializing ProtocolHandler ["ajp-bio-8009"]
Oct 25, 2017 2:40:38 AM org.apache.catalina.startup.Catalina load
INFO: Initialization processed in 579 ms
Oct 25, 2017 2:40:38 AM org.apache.catalina.core.StandardService startInternal
INFO: Starting service Catalina
Oct 25, 2017 2:40:38 AM org.apache.catalina.core.StandardEngine startInternal
INFO: Starting Servlet Engine: Apache Tomcat/7.0.34
Oct 25, 2017 2:40:38 AM org.apache.catalina.startup.HostConfig deployDirectory
INFO: Deploying web application directory /Users/junyipeng/apache-tomcat-7.0.34/webapps/hw
Oct 25, 2017 2:40:38 AM org.apache.catalina.startup.HostConfig deployDirectory
INFO: Deploying web application directory /Users/junyipeng/apache-tomcat-7.0.34/webapps/zhou
Oct 25, 2017 2:40:39 AM org.apache.catalina.startup.HostConfig deployDirectory
INFO: Deploying web application directory /Users/junyipeng/apache-tomcat-7.0.34/webapps/code
Oct 25, 2017 2:40:39 AM org.apache.catalina.startup.HostConfig deployDirectory
INFO: Deploying web application directory /Users/junyipeng/apache-tomcat-7.0.34/webapps/docs
Oct 25, 2017 2:40:39 AM org.apache.catalina.startup.HostConfig deployDirectory
INFO: Deploying web application directory /Users/junyipeng/apache-tomcat-7.0.34/webapps/peng
Oct 25, 2017 2:40:39 AM org.apache.catalina.startup.HostConfig deployDirectory
INFO: Deploying web application directory /Users/junyipeng/apache-tomcat-7.0.34/webapps/manager
Oct 25, 2017 2:40:39 AM org.apache.catalina.startup.HostConfig deployDirectory
INFO: Deploying web application directory /Users/junyipeng/apache-tomcat-7.0.34/webapps/yi
Oct 25, 2017 2:40:40 AM org.apache.catalina.startup.HostConfig deployDirectory
INFO: Deploying web application directory /Users/junyipeng/apache-tomcat-7.0.34/webapps/examples
Oct 25, 2017 2:40:40 AM org.apache.catalina.startup.HostConfig deployDirectory
INFO: Deploying web application directory /Users/junyipeng/apache-tomcat-7.0.34/webapps/csj
Oct 25, 2017 2:40:40 AM org.apache.catalina.startup.HostConfig deployDirectory
INFO: Deploying web application directory /Users/junyipeng/apache-tomcat-7.0.34/webapps/ROOT
Oct 25, 2017 2:40:40 AM org.apache.catalina.startup.HostConfig deployDirectory
INFO: Deploying web application directory /Users/junyipeng/apache-tomcat-7.0.34/webapps/.git
Oct 25, 2017 2:40:41 AM org.apache.catalina.startup.HostConfig deployDirectory
INFO: Deploying web application directory /Users/junyipeng/apache-tomcat-7.0.34/webapps/host-manager
Oct 25, 2017 2:40:41 AM org.apache.catalina.startup.HostConfig deployDirectory
INFO: Deploying web application directory /Users/junyipeng/apache-tomcat-7.0.34/webapps/jun
Oct 25, 2017 2:40:41 AM org.apache.coyote.AbstractProtocol start
INFO: Starting ProtocolHandler ["http-bio-80"]
Oct 25, 2017 2:40:41 AM org.apache.coyote.AbstractProtocol start
INFO: Starting ProtocolHandler ["ajp-bio-8009"]
Oct 25, 2017 2:40:41 AM org.apache.catalina.startup.Catalina start
INFO: Server startup in 2522 ms
Oct 25, 2017 2:45:04 AM org.apache.coyote.AbstractProtocol pause
INFO: Pausing ProtocolHandler ["http-bio-80"]
Oct 25, 2017 2:45:04 AM org.apache.coyote.AbstractProtocol pause
INFO: Pausing ProtocolHandler ["ajp-bio-8009"]
Oct 25, 2017 2:45:04 AM org.apache.catalina.core.StandardService stopInternal
INFO: Stopping service Catalina
Oct 25, 2017 2:45:04 AM org.apache.coyote.AbstractProtocol stop
INFO: Stopping ProtocolHandler ["http-bio-80"]
Oct 25, 2017 2:45:04 AM org.apache.coyote.AbstractProtocol stop
INFO: Stopping ProtocolHandler ["ajp-bio-8009"]
Oct 25, 2017 2:45:04 AM org.apache.coyote.AbstractProtocol destroy
INFO: Destroying ProtocolHandler ["http-bio-80"]
Oct 25, 2017 2:45:04 AM org.apache.coyote.AbstractProtocol destroy
INFO: Destroying ProtocolHandler ["ajp-bio-8009"]
Oct 25, 2017 2:45:06 AM org.apache.catalina.core.AprLifecycleListener init
INFO: The APR based Apache Tomcat Native library which allows optimal performance in production environments was not found on the java.library.path: /Users/junyipeng/Library/Java/Extensions:/Library/Java/Extensions:/Network/Library/Java/Extensions:/System/Library/Java/Extensions:/usr/lib/java:.
Oct 25, 2017 2:45:06 AM org.apache.coyote.AbstractProtocol init
INFO: Initializing ProtocolHandler ["http-bio-80"]
Oct 25, 2017 2:45:06 AM org.apache.coyote.AbstractProtocol init
INFO: Initializing ProtocolHandler ["ajp-bio-8009"]
Oct 25, 2017 2:45:06 AM org.apache.catalina.startup.Catalina load
INFO: Initialization processed in 540 ms
Oct 25, 2017 2:45:06 AM org.apache.catalina.core.StandardService startInternal
INFO: Starting service Catalina
Oct 25, 2017 2:45:06 AM org.apache.catalina.core.StandardEngine startInternal
INFO: Starting Servlet Engine: Apache Tomcat/7.0.34
Oct 25, 2017 2:45:06 AM org.apache.catalina.startup.HostConfig deployDirectory
INFO: Deploying web application directory /Users/junyipeng/apache-tomcat-7.0.34/webapps/hw
Oct 25, 2017 2:45:06 AM org.apache.catalina.startup.HostConfig deployDirectory
INFO: Deploying web application directory /Users/junyipeng/apache-tomcat-7.0.34/webapps/zhou
Oct 25, 2017 2:45:07 AM org.apache.catalina.startup.HostConfig deployDirectory
INFO: Deploying web application directory /Users/junyipeng/apache-tomcat-7.0.34/webapps/code
Oct 25, 2017 2:45:07 AM org.apache.catalina.startup.HostConfig deployDirectory
INFO: Deploying web application directory /Users/junyipeng/apache-tomcat-7.0.34/webapps/docs
Oct 25, 2017 2:45:07 AM org.apache.catalina.startup.HostConfig deployDirectory
INFO: Deploying web application directory /Users/junyipeng/apache-tomcat-7.0.34/webapps/peng
Oct 25, 2017 2:45:07 AM org.apache.catalina.startup.HostConfig deployDirectory
INFO: Deploying web application directory /Users/junyipeng/apache-tomcat-7.0.34/webapps/manager
Oct 25, 2017 2:45:07 AM org.apache.catalina.startup.HostConfig deployDirectory
INFO: Deploying web application directory /Users/junyipeng/apache-tomcat-7.0.34/webapps/yi
Oct 25, 2017 2:45:08 AM org.apache.catalina.startup.HostConfig deployDirectory
INFO: Deploying web application directory /Users/junyipeng/apache-tomcat-7.0.34/webapps/examples
Oct 25, 2017 2:45:08 AM org.apache.catalina.startup.HostConfig deployDirectory
INFO: Deploying web application directory /Users/junyipeng/apache-tomcat-7.0.34/webapps/csj
Oct 25, 2017 2:45:08 AM org.apache.catalina.startup.HostConfig deployDirectory
INFO: Deploying web application directory /Users/junyipeng/apache-tomcat-7.0.34/webapps/ROOT
Oct 25, 2017 2:45:08 AM org.apache.catalina.startup.HostConfig deployDirectory
INFO: Deploying web application directory /Users/junyipeng/apache-tomcat-7.0.34/webapps/.git
Oct 25, 2017 2:45:09 AM org.apache.catalina.startup.HostConfig deployDirectory
INFO: Deploying web application directory /Users/junyipeng/apache-tomcat-7.0.34/webapps/host-manager
Oct 25, 2017 2:45:09 AM org.apache.catalina.startup.HostConfig deployDirectory
INFO: Deploying web application directory /Users/junyipeng/apache-tomcat-7.0.34/webapps/jun
Oct 25, 2017 2:45:09 AM org.apache.coyote.AbstractProtocol start
INFO: Starting ProtocolHandler ["http-bio-80"]
Oct 25, 2017 2:45:09 AM org.apache.coyote.AbstractProtocol start
INFO: Starting ProtocolHandler ["ajp-bio-8009"]
Oct 25, 2017 2:45:09 AM org.apache.catalina.startup.Catalina start
INFO: Server startup in 2535 ms
Oct 25, 2017 2:48:09 AM org.apache.catalina.core.StandardContext reload
INFO: Reloading Context with name [/hw] has started
Oct 25, 2017 2:48:09 AM org.apache.catalina.core.StandardContext reload
INFO: Reloading Context with name [/hw] is completed
Oct 25, 2017 2:49:27 AM org.apache.coyote.AbstractProtocol pause
INFO: Pausing ProtocolHandler ["http-bio-80"]
Oct 25, 2017 2:49:27 AM org.apache.coyote.AbstractProtocol pause
INFO: Pausing ProtocolHandler ["ajp-bio-8009"]
Oct 25, 2017 2:49:27 AM org.apache.catalina.core.StandardService stopInternal
INFO: Stopping service Catalina
Oct 25, 2017 2:49:27 AM org.apache.coyote.AbstractProtocol stop
INFO: Stopping ProtocolHandler ["http-bio-80"]
Oct 25, 2017 2:49:27 AM org.apache.coyote.AbstractProtocol stop
INFO: Stopping ProtocolHandler ["ajp-bio-8009"]
Oct 25, 2017 2:49:27 AM org.apache.coyote.AbstractProtocol destroy
INFO: Destroying ProtocolHandler ["http-bio-80"]
Oct 25, 2017 2:49:27 AM org.apache.coyote.AbstractProtocol destroy
INFO: Destroying ProtocolHandler ["ajp-bio-8009"]
Oct 25, 2017 2:49:28 AM org.apache.catalina.core.AprLifecycleListener init
INFO: The APR based Apache Tomcat Native library which allows optimal performance in production environments was not found on the java.library.path: /Users/junyipeng/Library/Java/Extensions:/Library/Java/Extensions:/Network/Library/Java/Extensions:/System/Library/Java/Extensions:/usr/lib/java:.
Oct 25, 2017 2:49:29 AM org.apache.coyote.AbstractProtocol init
INFO: Initializing ProtocolHandler ["http-bio-80"]
Oct 25, 2017 2:49:29 AM org.apache.coyote.AbstractProtocol init
INFO: Initializing ProtocolHandler ["ajp-bio-8009"]
Oct 25, 2017 2:49:29 AM org.apache.catalina.startup.Catalina load
INFO: Initialization processed in 555 ms
Oct 25, 2017 2:49:29 AM org.apache.catalina.core.StandardService startInternal
INFO: Starting service Catalina
Oct 25, 2017 2:49:29 AM org.apache.catalina.core.StandardEngine startInternal
INFO: Starting Servlet Engine: Apache Tomcat/7.0.34
Oct 25, 2017 2:49:29 AM org.apache.catalina.startup.HostConfig deployDirectory
INFO: Deploying web application directory /Users/junyipeng/apache-tomcat-7.0.34/webapps/hw
Oct 25, 2017 2:49:29 AM org.apache.catalina.startup.HostConfig deployDirectory
INFO: Deploying web application directory /Users/junyipeng/apache-tomcat-7.0.34/webapps/zhou
Oct 25, 2017 2:49:30 AM org.apache.catalina.startup.HostConfig deployDirectory
INFO: Deploying web application directory /Users/junyipeng/apache-tomcat-7.0.34/webapps/code
Oct 25, 2017 2:49:30 AM org.apache.catalina.startup.HostConfig deployDirectory
INFO: Deploying web application directory /Users/junyipeng/apache-tomcat-7.0.34/webapps/docs
Oct 25, 2017 2:49:30 AM org.apache.catalina.startup.HostConfig deployDirectory
INFO: Deploying web application directory /Users/junyipeng/apache-tomcat-7.0.34/webapps/peng
Oct 25, 2017 2:49:30 AM org.apache.catalina.startup.HostConfig deployDirectory
INFO: Deploying web application directory /Users/junyipeng/apache-tomcat-7.0.34/webapps/manager
Oct 25, 2017 2:49:30 AM org.apache.catalina.startup.HostConfig deployDirectory
INFO: Deploying web application directory /Users/junyipeng/apache-tomcat-7.0.34/webapps/yi
Oct 25, 2017 2:49:30 AM org.apache.catalina.startup.HostConfig deployDirectory
INFO: Deploying web application directory /Users/junyipeng/apache-tomcat-7.0.34/webapps/examples
Oct 25, 2017 2:49:30 AM org.apache.catalina.startup.HostConfig deployDirectory
INFO: Deploying web application directory /Users/junyipeng/apache-tomcat-7.0.34/webapps/csj
Oct 25, 2017 2:49:30 AM org.apache.catalina.startup.HostConfig deployDirectory
INFO: Deploying web application directory /Users/junyipeng/apache-tomcat-7.0.34/webapps/ROOT
Oct 25, 2017 2:49:31 AM org.apache.catalina.startup.HostConfig deployDirectory
INFO: Deploying web application directory /Users/junyipeng/apache-tomcat-7.0.34/webapps/.git
Oct 25, 2017 2:49:31 AM org.apache.catalina.startup.HostConfig deployDirectory
INFO: Deploying web application directory /Users/junyipeng/apache-tomcat-7.0.34/webapps/host-manager
Oct 25, 2017 2:49:31 AM org.apache.catalina.startup.HostConfig deployDirectory
INFO: Deploying web application directory /Users/junyipeng/apache-tomcat-7.0.34/webapps/jun
Oct 25, 2017 2:49:31 AM org.apache.coyote.AbstractProtocol start
INFO: Starting ProtocolHandler ["http-bio-80"]
Oct 25, 2017 2:49:31 AM org.apache.coyote.AbstractProtocol start
INFO: Starting ProtocolHandler ["ajp-bio-8009"]
Oct 25, 2017 2:49:31 AM org.apache.catalina.startup.Catalina start
INFO: Server startup in 2523 ms
Oct 25, 2017 2:54:34 AM org.apache.coyote.AbstractProtocol pause
INFO: Pausing ProtocolHandler ["http-bio-80"]
Oct 25, 2017 2:54:34 AM org.apache.coyote.AbstractProtocol pause
INFO: Pausing ProtocolHandler ["ajp-bio-8009"]
Oct 25, 2017 2:54:34 AM org.apache.catalina.core.StandardService stopInternal
INFO: Stopping service Catalina
Oct 25, 2017 2:54:34 AM org.apache.coyote.AbstractProtocol stop
INFO: Stopping ProtocolHandler ["http-bio-80"]
Oct 25, 2017 2:54:34 AM org.apache.coyote.AbstractProtocol stop
INFO: Stopping ProtocolHandler ["ajp-bio-8009"]
Oct 25, 2017 2:54:34 AM org.apache.coyote.AbstractProtocol destroy
INFO: Destroying ProtocolHandler ["http-bio-80"]
Oct 25, 2017 2:54:34 AM org.apache.coyote.AbstractProtocol destroy
INFO: Destroying ProtocolHandler ["ajp-bio-8009"]
Oct 25, 2017 2:54:36 AM org.apache.catalina.core.AprLifecycleListener init
INFO: The APR based Apache Tomcat Native library which allows optimal performance in production environments was not found on the java.library.path: /Users/junyipeng/Library/Java/Extensions:/Library/Java/Extensions:/Network/Library/Java/Extensions:/System/Library/Java/Extensions:/usr/lib/java:.
Oct 25, 2017 2:54:36 AM org.apache.coyote.AbstractProtocol init
INFO: Initializing ProtocolHandler ["http-bio-80"]
Oct 25, 2017 2:54:36 AM org.apache.coyote.AbstractProtocol init
INFO: Initializing ProtocolHandler ["ajp-bio-8009"]
Oct 25, 2017 2:54:36 AM org.apache.catalina.startup.Catalina load
INFO: Initialization processed in 544 ms
Oct 25, 2017 2:54:36 AM org.apache.catalina.core.StandardService startInternal
INFO: Starting service Catalina
Oct 25, 2017 2:54:36 AM org.apache.catalina.core.StandardEngine startInternal
INFO: Starting Servlet Engine: Apache Tomcat/7.0.34
Oct 25, 2017 2:54:36 AM org.apache.catalina.startup.HostConfig deployDirectory
INFO: Deploying web application directory /Users/junyipeng/apache-tomcat-7.0.34/webapps/hw
Oct 25, 2017 2:54:36 AM org.apache.catalina.startup.HostConfig deployDirectory
INFO: Deploying web application directory /Users/junyipeng/apache-tomcat-7.0.34/webapps/zhou
Oct 25, 2017 2:54:37 AM org.apache.catalina.startup.HostConfig deployDirectory
INFO: Deploying web application directory /Users/junyipeng/apache-tomcat-7.0.34/webapps/code
Oct 25, 2017 2:54:37 AM org.apache.catalina.startup.HostConfig deployDirectory
INFO: Deploying web application directory /Users/junyipeng/apache-tomcat-7.0.34/webapps/docs
Oct 25, 2017 2:54:37 AM org.apache.catalina.startup.HostConfig deployDirectory
INFO: Deploying web application directory /Users/junyipeng/apache-tomcat-7.0.34/webapps/peng
Oct 25, 2017 2:54:37 AM org.apache.catalina.startup.HostConfig deployDirectory
INFO: Deploying web application directory /Users/junyipeng/apache-tomcat-7.0.34/webapps/manager
Oct 25, 2017 2:54:37 AM org.apache.catalina.startup.HostConfig deployDirectory
INFO: Deploying web application directory /Users/junyipeng/apache-tomcat-7.0.34/webapps/yi
Oct 25, 2017 2:54:38 AM org.apache.catalina.startup.HostConfig deployDirectory
INFO: Deploying web application directory /Users/junyipeng/apache-tomcat-7.0.34/webapps/examples
Oct 25, 2017 2:54:38 AM org.apache.catalina.startup.HostConfig deployDirectory
INFO: Deploying web application directory /Users/junyipeng/apache-tomcat-7.0.34/webapps/csj
Oct 25, 2017 2:54:38 AM org.apache.catalina.startup.HostConfig deployDirectory
INFO: Deploying web application directory /Users/junyipeng/apache-tomcat-7.0.34/webapps/ROOT
Oct 25, 2017 2:54:38 AM org.apache.catalina.startup.HostConfig deployDirectory
INFO: Deploying web application directory /Users/junyipeng/apache-tomcat-7.0.34/webapps/.git
Oct 25, 2017 2:54:39 AM org.apache.catalina.startup.HostConfig deployDirectory
INFO: Deploying web application directory /Users/junyipeng/apache-tomcat-7.0.34/webapps/host-manager
Oct 25, 2017 2:54:39 AM org.apache.catalina.startup.HostConfig deployDirectory
INFO: Deploying web application directory /Users/junyipeng/apache-tomcat-7.0.34/webapps/jun
Oct 25, 2017 2:54:39 AM org.apache.coyote.AbstractProtocol start
INFO: Starting ProtocolHandler ["http-bio-80"]
Oct 25, 2017 2:54:39 AM org.apache.coyote.AbstractProtocol start
INFO: Starting ProtocolHandler ["ajp-bio-8009"]
Oct 25, 2017 2:54:39 AM org.apache.catalina.startup.Catalina start
INFO: Server startup in 2496 ms
Oct 25, 2017 2:55:59 AM org.apache.catalina.core.StandardContext reload
INFO: Reloading Context with name [/hw] has started
Oct 25, 2017 2:55:59 AM org.apache.catalina.core.StandardContext reload
INFO: Reloading Context with name [/hw] is completed
Oct 25, 2017 2:56:48 AM org.apache.coyote.AbstractProtocol pause
INFO: Pausing ProtocolHandler ["http-bio-80"]
Oct 25, 2017 2:56:48 AM org.apache.coyote.AbstractProtocol pause
INFO: Pausing ProtocolHandler ["ajp-bio-8009"]
Oct 25, 2017 2:56:48 AM org.apache.catalina.core.StandardService stopInternal
INFO: Stopping service Catalina
Oct 25, 2017 2:56:48 AM org.apache.coyote.AbstractProtocol stop
INFO: Stopping ProtocolHandler ["http-bio-80"]
Oct 25, 2017 2:56:48 AM org.apache.coyote.AbstractProtocol stop
INFO: Stopping ProtocolHandler ["ajp-bio-8009"]
Oct 25, 2017 2:56:48 AM org.apache.coyote.AbstractProtocol destroy
INFO: Destroying ProtocolHandler ["http-bio-80"]
Oct 25, 2017 2:56:48 AM org.apache.coyote.AbstractProtocol destroy
INFO: Destroying ProtocolHandler ["ajp-bio-8009"]
Oct 25, 2017 1:21:52 PM org.apache.catalina.core.AprLifecycleListener init
INFO: The APR based Apache Tomcat Native library which allows optimal performance in production environments was not found on the java.library.path: /Users/junyipeng/Library/Java/Extensions:/Library/Java/Extensions:/Network/Library/Java/Extensions:/System/Library/Java/Extensions:/usr/lib/java:.
Oct 25, 2017 1:21:52 PM org.apache.coyote.AbstractProtocol init
INFO: Initializing ProtocolHandler ["http-bio-80"]
Oct 25, 2017 1:21:52 PM org.apache.coyote.AbstractProtocol init
INFO: Initializing ProtocolHandler ["ajp-bio-8009"]
Oct 25, 2017 1:21:52 PM org.apache.catalina.startup.Catalina load
INFO: Initialization processed in 573 ms
Oct 25, 2017 1:21:52 PM org.apache.catalina.core.StandardService startInternal
INFO: Starting service Catalina
Oct 25, 2017 1:21:52 PM org.apache.catalina.core.StandardEngine startInternal
INFO: Starting Servlet Engine: Apache Tomcat/7.0.34
Oct 25, 2017 1:21:52 PM org.apache.catalina.startup.HostConfig deployDirectory
INFO: Deploying web application directory /Users/junyipeng/apache-tomcat-7.0.34/webapps/hw
Oct 25, 2017 1:21:52 PM org.apache.catalina.startup.HostConfig deployDirectory
INFO: Deploying web application directory /Users/junyipeng/apache-tomcat-7.0.34/webapps/zhou
Oct 25, 2017 1:21:53 PM org.apache.catalina.startup.HostConfig deployDirectory
INFO: Deploying web application directory /Users/junyipeng/apache-tomcat-7.0.34/webapps/code
Oct 25, 2017 1:21:53 PM org.apache.catalina.startup.HostConfig deployDirectory
INFO: Deploying web application directory /Users/junyipeng/apache-tomcat-7.0.34/webapps/docs
Oct 25, 2017 1:21:53 PM org.apache.catalina.startup.HostConfig deployDirectory
INFO: Deploying web application directory /Users/junyipeng/apache-tomcat-7.0.34/webapps/peng
Oct 25, 2017 1:21:53 PM org.apache.catalina.startup.HostConfig deployDirectory
INFO: Deploying web application directory /Users/junyipeng/apache-tomcat-7.0.34/webapps/manager
Oct 25, 2017 1:21:53 PM org.apache.catalina.startup.HostConfig deployDirectory
INFO: Deploying web application directory /Users/junyipeng/apache-tomcat-7.0.34/webapps/yi
Oct 25, 2017 1:21:54 PM org.apache.catalina.startup.HostConfig deployDirectory
INFO: Deploying web application directory /Users/junyipeng/apache-tomcat-7.0.34/webapps/examples
Oct 25, 2017 1:21:54 PM org.apache.catalina.startup.HostConfig deployDirectory
INFO: Deploying web application directory /Users/junyipeng/apache-tomcat-7.0.34/webapps/csj
Oct 25, 2017 1:21:54 PM org.apache.catalina.startup.HostConfig deployDirectory
INFO: Deploying web application directory /Users/junyipeng/apache-tomcat-7.0.34/webapps/ROOT
Oct 25, 2017 1:21:54 PM org.apache.catalina.startup.HostConfig deployDirectory
INFO: Deploying web application directory /Users/junyipeng/apache-tomcat-7.0.34/webapps/.git
Oct 25, 2017 1:21:55 PM org.apache.catalina.startup.HostConfig deployDirectory
INFO: Deploying web application directory /Users/junyipeng/apache-tomcat-7.0.34/webapps/host-manager
Oct 25, 2017 1:21:55 PM org.apache.catalina.startup.HostConfig deployDirectory
INFO: Deploying web application directory /Users/junyipeng/apache-tomcat-7.0.34/webapps/jun
Oct 25, 2017 1:21:55 PM org.apache.coyote.AbstractProtocol start
INFO: Starting ProtocolHandler ["http-bio-80"]
Oct 25, 2017 1:21:55 PM org.apache.coyote.AbstractProtocol start
INFO: Starting ProtocolHandler ["ajp-bio-8009"]
Oct 25, 2017 1:21:55 PM org.apache.catalina.startup.Catalina start
INFO: Server startup in 2556 ms
Oct 25, 2017 1:22:46 PM org.apache.coyote.AbstractProtocol pause
INFO: Pausing ProtocolHandler ["http-bio-80"]
Oct 25, 2017 1:22:46 PM org.apache.coyote.AbstractProtocol pause
INFO: Pausing ProtocolHandler ["ajp-bio-8009"]
Oct 25, 2017 1:22:46 PM org.apache.catalina.core.StandardService stopInternal
INFO: Stopping service Catalina
Oct 25, 2017 1:22:46 PM org.apache.coyote.AbstractProtocol stop
INFO: Stopping ProtocolHandler ["http-bio-80"]
Oct 25, 2017 1:22:46 PM org.apache.coyote.AbstractProtocol stop
INFO: Stopping ProtocolHandler ["ajp-bio-8009"]
Oct 25, 2017 1:22:46 PM org.apache.coyote.AbstractProtocol destroy
INFO: Destroying ProtocolHandler ["http-bio-80"]
Oct 25, 2017 1:22:46 PM org.apache.coyote.AbstractProtocol destroy
INFO: Destroying ProtocolHandler ["ajp-bio-8009"]
