Oct 18, 2017 12:03:45 AM org.apache.catalina.core.StandardContext reload
INFO: Reloading Context with name [/hw] has started
Oct 18, 2017 12:03:45 AM org.apache.catalina.core.StandardContext reload
INFO: Reloading Context with name [/hw] is completed
Oct 18, 2017 12:03:52 AM org.apache.coyote.AbstractProtocol pause
INFO: Pausing ProtocolHandler ["http-bio-80"]
Oct 18, 2017 12:03:52 AM org.apache.coyote.AbstractProtocol pause
INFO: Pausing ProtocolHandler ["ajp-bio-8009"]
Oct 18, 2017 12:03:52 AM org.apache.catalina.core.StandardService stopInternal
INFO: Stopping service Catalina
Oct 18, 2017 12:03:52 AM org.apache.coyote.AbstractProtocol stop
INFO: Stopping ProtocolHandler ["http-bio-80"]
Oct 18, 2017 12:03:52 AM org.apache.coyote.AbstractProtocol stop
INFO: Stopping ProtocolHandler ["ajp-bio-8009"]
Oct 18, 2017 12:03:52 AM org.apache.coyote.AbstractProtocol destroy
INFO: Destroying ProtocolHandler ["http-bio-80"]
Oct 18, 2017 12:03:52 AM org.apache.coyote.AbstractProtocol destroy
INFO: Destroying ProtocolHandler ["ajp-bio-8009"]
Oct 18, 2017 12:03:56 AM org.apache.catalina.core.AprLifecycleListener init
INFO: The APR based Apache Tomcat Native library which allows optimal performance in production environments was not found on the java.library.path: /Users/junyipeng/Library/Java/Extensions:/Library/Java/Extensions:/Network/Library/Java/Extensions:/System/Library/Java/Extensions:/usr/lib/java:.
Oct 18, 2017 12:03:57 AM org.apache.coyote.AbstractProtocol init
INFO: Initializing ProtocolHandler ["http-bio-80"]
Oct 18, 2017 12:03:57 AM org.apache.coyote.AbstractProtocol init
INFO: Initializing ProtocolHandler ["ajp-bio-8009"]
Oct 18, 2017 12:03:57 AM org.apache.catalina.startup.Catalina load
INFO: Initialization processed in 520 ms
Oct 18, 2017 12:03:57 AM org.apache.catalina.core.StandardService startInternal
INFO: Starting service Catalina
Oct 18, 2017 12:03:57 AM org.apache.catalina.core.StandardEngine startInternal
INFO: Starting Servlet Engine: Apache Tomcat/7.0.34
Oct 18, 2017 12:03:57 AM org.apache.catalina.startup.HostConfig deployDirectory
INFO: Deploying web application directory /Users/junyipeng/apache-tomcat-7.0.34/webapps/hw
Oct 18, 2017 12:03:57 AM org.apache.catalina.startup.HostConfig deployDirectory
INFO: Deploying web application directory /Users/junyipeng/apache-tomcat-7.0.34/webapps/zhou
Oct 18, 2017 12:03:58 AM org.apache.catalina.startup.HostConfig deployDirectory
INFO: Deploying web application directory /Users/junyipeng/apache-tomcat-7.0.34/webapps/docs
Oct 18, 2017 12:03:58 AM org.apache.catalina.startup.HostConfig deployDirectory
INFO: Deploying web application directory /Users/junyipeng/apache-tomcat-7.0.34/webapps/peng
Oct 18, 2017 12:03:58 AM org.apache.catalina.startup.HostConfig deployDirectory
INFO: Deploying web application directory /Users/junyipeng/apache-tomcat-7.0.34/webapps/manager
Oct 18, 2017 12:03:58 AM org.apache.catalina.startup.HostConfig deployDirectory
INFO: Deploying web application directory /Users/junyipeng/apache-tomcat-7.0.34/webapps/yi
Oct 18, 2017 12:03:58 AM org.apache.catalina.startup.HostConfig deployDirectory
INFO: Deploying web application directory /Users/junyipeng/apache-tomcat-7.0.34/webapps/examples
Oct 18, 2017 12:03:58 AM org.apache.catalina.startup.HostConfig deployDirectory
INFO: Deploying web application directory /Users/junyipeng/apache-tomcat-7.0.34/webapps/csj
Oct 18, 2017 12:03:58 AM org.apache.catalina.startup.HostConfig deployDirectory
INFO: Deploying web application directory /Users/junyipeng/apache-tomcat-7.0.34/webapps/ROOT
Oct 18, 2017 12:03:58 AM org.apache.catalina.startup.HostConfig deployDirectory
INFO: Deploying web application directory /Users/junyipeng/apache-tomcat-7.0.34/webapps/.git
Oct 18, 2017 12:03:59 AM org.apache.catalina.startup.HostConfig deployDirectory
INFO: Deploying web application directory /Users/junyipeng/apache-tomcat-7.0.34/webapps/host-manager
Oct 18, 2017 12:03:59 AM org.apache.catalina.startup.HostConfig deployDirectory
INFO: Deploying web application directory /Users/junyipeng/apache-tomcat-7.0.34/webapps/jun
Oct 18, 2017 12:03:59 AM org.apache.coyote.AbstractProtocol start
INFO: Starting ProtocolHandler ["http-bio-80"]
Oct 18, 2017 12:03:59 AM org.apache.coyote.AbstractProtocol start
INFO: Starting ProtocolHandler ["ajp-bio-8009"]
Oct 18, 2017 12:03:59 AM org.apache.catalina.startup.Catalina start
INFO: Server startup in 2119 ms
Oct 18, 2017 12:05:29 AM org.apache.catalina.core.StandardContext reload
INFO: Reloading Context with name [/hw] has started
Oct 18, 2017 12:05:29 AM org.apache.catalina.core.StandardContext reload
INFO: Reloading Context with name [/hw] is completed
Oct 18, 2017 12:05:49 AM org.apache.catalina.core.StandardContext reload
INFO: Reloading Context with name [/hw] has started
Oct 18, 2017 12:05:50 AM org.apache.catalina.core.StandardContext reload
INFO: Reloading Context with name [/hw] is completed
Oct 18, 2017 12:06:20 AM org.apache.catalina.core.StandardContext reload
INFO: Reloading Context with name [/hw] has started
Oct 18, 2017 12:06:20 AM org.apache.catalina.core.StandardContext reload
INFO: Reloading Context with name [/hw] is completed
Oct 18, 2017 12:09:13 AM org.apache.coyote.AbstractProtocol pause
INFO: Pausing ProtocolHandler ["http-bio-80"]
Oct 18, 2017 12:09:13 AM org.apache.coyote.AbstractProtocol pause
INFO: Pausing ProtocolHandler ["ajp-bio-8009"]
Oct 18, 2017 12:09:13 AM org.apache.catalina.core.StandardService stopInternal
INFO: Stopping service Catalina
Oct 18, 2017 12:09:13 AM org.apache.coyote.AbstractProtocol stop
INFO: Stopping ProtocolHandler ["http-bio-80"]
Oct 18, 2017 12:09:13 AM org.apache.coyote.AbstractProtocol stop
INFO: Stopping ProtocolHandler ["ajp-bio-8009"]
Oct 18, 2017 12:09:13 AM org.apache.coyote.AbstractProtocol destroy
INFO: Destroying ProtocolHandler ["http-bio-80"]
Oct 18, 2017 12:09:13 AM org.apache.coyote.AbstractProtocol destroy
INFO: Destroying ProtocolHandler ["ajp-bio-8009"]
Oct 18, 2017 12:09:14 AM org.apache.catalina.core.AprLifecycleListener init
INFO: The APR based Apache Tomcat Native library which allows optimal performance in production environments was not found on the java.library.path: /Users/junyipeng/Library/Java/Extensions:/Library/Java/Extensions:/Network/Library/Java/Extensions:/System/Library/Java/Extensions:/usr/lib/java:.
Oct 18, 2017 12:09:15 AM org.apache.coyote.AbstractProtocol init
INFO: Initializing ProtocolHandler ["http-bio-80"]
Oct 18, 2017 12:09:15 AM org.apache.coyote.AbstractProtocol init
INFO: Initializing ProtocolHandler ["ajp-bio-8009"]
Oct 18, 2017 12:09:15 AM org.apache.catalina.startup.Catalina load
INFO: Initialization processed in 538 ms
Oct 18, 2017 12:09:15 AM org.apache.catalina.core.StandardService startInternal
INFO: Starting service Catalina
Oct 18, 2017 12:09:15 AM org.apache.catalina.core.StandardEngine startInternal
INFO: Starting Servlet Engine: Apache Tomcat/7.0.34
Oct 18, 2017 12:09:15 AM org.apache.catalina.startup.HostConfig deployDirectory
INFO: Deploying web application directory /Users/junyipeng/apache-tomcat-7.0.34/webapps/hw
Oct 18, 2017 12:09:15 AM org.apache.catalina.startup.HostConfig deployDirectory
INFO: Deploying web application directory /Users/junyipeng/apache-tomcat-7.0.34/webapps/zhou
Oct 18, 2017 12:09:16 AM org.apache.catalina.startup.HostConfig deployDirectory
INFO: Deploying web application directory /Users/junyipeng/apache-tomcat-7.0.34/webapps/docs
Oct 18, 2017 12:09:16 AM org.apache.catalina.startup.HostConfig deployDirectory
INFO: Deploying web application directory /Users/junyipeng/apache-tomcat-7.0.34/webapps/peng
Oct 18, 2017 12:09:16 AM org.apache.catalina.startup.HostConfig deployDirectory
INFO: Deploying web application directory /Users/junyipeng/apache-tomcat-7.0.34/webapps/manager
Oct 18, 2017 12:09:16 AM org.apache.catalina.startup.HostConfig deployDirectory
INFO: Deploying web application directory /Users/junyipeng/apache-tomcat-7.0.34/webapps/yi
Oct 18, 2017 12:09:16 AM org.apache.catalina.startup.HostConfig deployDirectory
INFO: Deploying web application directory /Users/junyipeng/apache-tomcat-7.0.34/webapps/examples
Oct 18, 2017 12:09:16 AM org.apache.catalina.startup.HostConfig deployDirectory
INFO: Deploying web application directory /Users/junyipeng/apache-tomcat-7.0.34/webapps/csj
Oct 18, 2017 12:09:16 AM org.apache.catalina.startup.HostConfig deployDirectory
INFO: Deploying web application directory /Users/junyipeng/apache-tomcat-7.0.34/webapps/ROOT
Oct 18, 2017 12:09:16 AM org.apache.catalina.startup.HostConfig deployDirectory
INFO: Deploying web application directory /Users/junyipeng/apache-tomcat-7.0.34/webapps/.git
Oct 18, 2017 12:09:17 AM org.apache.catalina.startup.HostConfig deployDirectory
INFO: Deploying web application directory /Users/junyipeng/apache-tomcat-7.0.34/webapps/host-manager
Oct 18, 2017 12:09:17 AM org.apache.catalina.startup.HostConfig deployDirectory
INFO: Deploying web application directory /Users/junyipeng/apache-tomcat-7.0.34/webapps/jun
Oct 18, 2017 12:09:17 AM org.apache.coyote.AbstractProtocol start
INFO: Starting ProtocolHandler ["http-bio-80"]
Oct 18, 2017 12:09:17 AM org.apache.coyote.AbstractProtocol start
INFO: Starting ProtocolHandler ["ajp-bio-8009"]
Oct 18, 2017 12:09:17 AM org.apache.catalina.startup.Catalina start
INFO: Server startup in 2119 ms
Oct 18, 2017 12:13:27 AM org.apache.catalina.core.StandardContext reload
INFO: Reloading Context with name [/hw] has started
Oct 18, 2017 12:13:28 AM org.apache.catalina.core.StandardContext reload
INFO: Reloading Context with name [/hw] is completed
Oct 18, 2017 12:44:19 AM org.apache.catalina.core.StandardContext reload
INFO: Reloading Context with name [/hw] has started
Oct 18, 2017 12:44:19 AM org.apache.catalina.core.StandardContext reload
INFO: Reloading Context with name [/hw] is completed
Oct 18, 2017 12:58:49 AM org.apache.catalina.core.StandardContext reload
INFO: Reloading Context with name [/hw] has started
Oct 18, 2017 12:58:50 AM org.apache.catalina.core.StandardContext reload
INFO: Reloading Context with name [/hw] is completed
Oct 18, 2017 1:01:30 AM org.apache.catalina.core.StandardContext reload
INFO: Reloading Context with name [/hw] has started
Oct 18, 2017 1:01:30 AM org.apache.catalina.core.StandardContext reload
INFO: Reloading Context with name [/hw] is completed
Oct 18, 2017 1:06:23 AM org.apache.coyote.AbstractProtocol pause
INFO: Pausing ProtocolHandler ["http-bio-80"]
Oct 18, 2017 1:06:23 AM org.apache.coyote.AbstractProtocol pause
INFO: Pausing ProtocolHandler ["ajp-bio-8009"]
Oct 18, 2017 1:06:23 AM org.apache.catalina.core.StandardService stopInternal
INFO: Stopping service Catalina
Oct 18, 2017 1:06:24 AM org.apache.coyote.AbstractProtocol stop
INFO: Stopping ProtocolHandler ["http-bio-80"]
Oct 18, 2017 1:06:24 AM org.apache.coyote.AbstractProtocol stop
INFO: Stopping ProtocolHandler ["ajp-bio-8009"]
Oct 18, 2017 1:06:24 AM org.apache.coyote.AbstractProtocol destroy
INFO: Destroying ProtocolHandler ["http-bio-80"]
Oct 18, 2017 1:06:24 AM org.apache.coyote.AbstractProtocol destroy
INFO: Destroying ProtocolHandler ["ajp-bio-8009"]
Oct 18, 2017 1:06:25 AM org.apache.catalina.core.AprLifecycleListener init
INFO: The APR based Apache Tomcat Native library which allows optimal performance in production environments was not found on the java.library.path: /Users/junyipeng/Library/Java/Extensions:/Library/Java/Extensions:/Network/Library/Java/Extensions:/System/Library/Java/Extensions:/usr/lib/java:.
Oct 18, 2017 1:06:25 AM org.apache.coyote.AbstractProtocol init
INFO: Initializing ProtocolHandler ["http-bio-80"]
Oct 18, 2017 1:06:25 AM org.apache.coyote.AbstractProtocol init
INFO: Initializing ProtocolHandler ["ajp-bio-8009"]
Oct 18, 2017 1:06:25 AM org.apache.catalina.startup.Catalina load
INFO: Initialization processed in 546 ms
Oct 18, 2017 1:06:25 AM org.apache.catalina.core.StandardService startInternal
INFO: Starting service Catalina
Oct 18, 2017 1:06:25 AM org.apache.catalina.core.StandardEngine startInternal
INFO: Starting Servlet Engine: Apache Tomcat/7.0.34
Oct 18, 2017 1:06:25 AM org.apache.catalina.startup.HostConfig deployDirectory
INFO: Deploying web application directory /Users/junyipeng/apache-tomcat-7.0.34/webapps/hw
Oct 18, 2017 1:06:25 AM org.apache.catalina.startup.HostConfig deployDirectory
INFO: Deploying web application directory /Users/junyipeng/apache-tomcat-7.0.34/webapps/zhou
Oct 18, 2017 1:06:26 AM org.apache.catalina.startup.HostConfig deployDirectory
INFO: Deploying web application directory /Users/junyipeng/apache-tomcat-7.0.34/webapps/docs
Oct 18, 2017 1:06:26 AM org.apache.catalina.startup.HostConfig deployDirectory
INFO: Deploying web application directory /Users/junyipeng/apache-tomcat-7.0.34/webapps/peng
Oct 18, 2017 1:06:26 AM org.apache.catalina.startup.HostConfig deployDirectory
INFO: Deploying web application directory /Users/junyipeng/apache-tomcat-7.0.34/webapps/manager
Oct 18, 2017 1:06:26 AM org.apache.catalina.startup.HostConfig deployDirectory
INFO: Deploying web application directory /Users/junyipeng/apache-tomcat-7.0.34/webapps/yi
Oct 18, 2017 1:06:27 AM org.apache.catalina.startup.HostConfig deployDirectory
INFO: Deploying web application directory /Users/junyipeng/apache-tomcat-7.0.34/webapps/examples
Oct 18, 2017 1:06:27 AM org.apache.catalina.startup.HostConfig deployDirectory
INFO: Deploying web application directory /Users/junyipeng/apache-tomcat-7.0.34/webapps/csj
Oct 18, 2017 1:06:27 AM org.apache.catalina.startup.HostConfig deployDirectory
INFO: Deploying web application directory /Users/junyipeng/apache-tomcat-7.0.34/webapps/ROOT
Oct 18, 2017 1:06:27 AM org.apache.catalina.startup.HostConfig deployDirectory
INFO: Deploying web application directory /Users/junyipeng/apache-tomcat-7.0.34/webapps/.git
Oct 18, 2017 1:06:27 AM org.apache.catalina.startup.HostConfig deployDirectory
INFO: Deploying web application directory /Users/junyipeng/apache-tomcat-7.0.34/webapps/host-manager
Oct 18, 2017 1:06:27 AM org.apache.catalina.startup.HostConfig deployDirectory
INFO: Deploying web application directory /Users/junyipeng/apache-tomcat-7.0.34/webapps/jun
Oct 18, 2017 1:06:27 AM org.apache.coyote.AbstractProtocol start
INFO: Starting ProtocolHandler ["http-bio-80"]
Oct 18, 2017 1:06:27 AM org.apache.coyote.AbstractProtocol start
INFO: Starting ProtocolHandler ["ajp-bio-8009"]
Oct 18, 2017 1:06:27 AM org.apache.catalina.startup.Catalina start
INFO: Server startup in 2179 ms
Oct 18, 2017 1:14:38 AM org.apache.catalina.core.StandardContext reload
INFO: Reloading Context with name [/hw] has started
Oct 18, 2017 1:14:38 AM org.apache.catalina.core.StandardContext reload
INFO: Reloading Context with name [/hw] is completed
Oct 18, 2017 1:18:58 AM org.apache.coyote.AbstractProtocol pause
INFO: Pausing ProtocolHandler ["http-bio-80"]
Oct 18, 2017 1:18:58 AM org.apache.coyote.AbstractProtocol pause
INFO: Pausing ProtocolHandler ["ajp-bio-8009"]
Oct 18, 2017 1:18:58 AM org.apache.catalina.core.StandardService stopInternal
INFO: Stopping service Catalina
Oct 18, 2017 1:18:58 AM org.apache.coyote.AbstractProtocol stop
INFO: Stopping ProtocolHandler ["http-bio-80"]
Oct 18, 2017 1:18:58 AM org.apache.coyote.AbstractProtocol stop
INFO: Stopping ProtocolHandler ["ajp-bio-8009"]
Oct 18, 2017 1:18:58 AM org.apache.coyote.AbstractProtocol destroy
INFO: Destroying ProtocolHandler ["http-bio-80"]
Oct 18, 2017 1:18:58 AM org.apache.coyote.AbstractProtocol destroy
INFO: Destroying ProtocolHandler ["ajp-bio-8009"]
Oct 18, 2017 1:18:59 AM org.apache.catalina.core.AprLifecycleListener init
INFO: The APR based Apache Tomcat Native library which allows optimal performance in production environments was not found on the java.library.path: /Users/junyipeng/Library/Java/Extensions:/Library/Java/Extensions:/Network/Library/Java/Extensions:/System/Library/Java/Extensions:/usr/lib/java:.
Oct 18, 2017 1:19:00 AM org.apache.coyote.AbstractProtocol init
INFO: Initializing ProtocolHandler ["http-bio-80"]
Oct 18, 2017 1:19:00 AM org.apache.coyote.AbstractProtocol init
INFO: Initializing ProtocolHandler ["ajp-bio-8009"]
Oct 18, 2017 1:19:00 AM org.apache.catalina.startup.Catalina load
INFO: Initialization processed in 549 ms
Oct 18, 2017 1:19:00 AM org.apache.catalina.core.StandardService startInternal
INFO: Starting service Catalina
Oct 18, 2017 1:19:00 AM org.apache.catalina.core.StandardEngine startInternal
INFO: Starting Servlet Engine: Apache Tomcat/7.0.34
Oct 18, 2017 1:19:00 AM org.apache.catalina.startup.HostConfig deployDirectory
INFO: Deploying web application directory /Users/junyipeng/apache-tomcat-7.0.34/webapps/hw
Oct 18, 2017 1:19:00 AM org.apache.catalina.startup.HostConfig deployDirectory
INFO: Deploying web application directory /Users/junyipeng/apache-tomcat-7.0.34/webapps/zhou
Oct 18, 2017 1:19:01 AM org.apache.catalina.startup.HostConfig deployDirectory
INFO: Deploying web application directory /Users/junyipeng/apache-tomcat-7.0.34/webapps/docs
Oct 18, 2017 1:19:01 AM org.apache.catalina.startup.HostConfig deployDirectory
INFO: Deploying web application directory /Users/junyipeng/apache-tomcat-7.0.34/webapps/peng
Oct 18, 2017 1:19:01 AM org.apache.catalina.startup.HostConfig deployDirectory
INFO: Deploying web application directory /Users/junyipeng/apache-tomcat-7.0.34/webapps/manager
Oct 18, 2017 1:19:01 AM org.apache.catalina.startup.HostConfig deployDirectory
INFO: Deploying web application directory /Users/junyipeng/apache-tomcat-7.0.34/webapps/yi
Oct 18, 2017 1:19:01 AM org.apache.catalina.startup.HostConfig deployDirectory
INFO: Deploying web application directory /Users/junyipeng/apache-tomcat-7.0.34/webapps/examples
Oct 18, 2017 1:19:01 AM org.apache.catalina.startup.HostConfig deployDirectory
INFO: Deploying web application directory /Users/junyipeng/apache-tomcat-7.0.34/webapps/csj
Oct 18, 2017 1:19:01 AM org.apache.catalina.startup.HostConfig deployDirectory
INFO: Deploying web application directory /Users/junyipeng/apache-tomcat-7.0.34/webapps/ROOT
Oct 18, 2017 1:19:01 AM org.apache.catalina.startup.HostConfig deployDirectory
INFO: Deploying web application directory /Users/junyipeng/apache-tomcat-7.0.34/webapps/.git
Oct 18, 2017 1:19:02 AM org.apache.catalina.startup.HostConfig deployDirectory
INFO: Deploying web application directory /Users/junyipeng/apache-tomcat-7.0.34/webapps/host-manager
Oct 18, 2017 1:19:02 AM org.apache.catalina.startup.HostConfig deployDirectory
INFO: Deploying web application directory /Users/junyipeng/apache-tomcat-7.0.34/webapps/jun
Oct 18, 2017 1:19:02 AM org.apache.coyote.AbstractProtocol start
INFO: Starting ProtocolHandler ["http-bio-80"]
Oct 18, 2017 1:19:02 AM org.apache.coyote.AbstractProtocol start
INFO: Starting ProtocolHandler ["ajp-bio-8009"]
Oct 18, 2017 1:19:02 AM org.apache.catalina.startup.Catalina start
INFO: Server startup in 2121 ms
Oct 18, 2017 1:21:12 AM org.apache.catalina.core.StandardContext reload
INFO: Reloading Context with name [/hw] has started
Oct 18, 2017 1:21:12 AM org.apache.catalina.core.StandardContext reload
INFO: Reloading Context with name [/hw] is completed
Oct 18, 2017 1:25:23 AM org.apache.catalina.core.StandardContext reload
INFO: Reloading Context with name [/hw] has started
Oct 18, 2017 1:25:23 AM org.apache.catalina.core.StandardContext reload
INFO: Reloading Context with name [/hw] is completed
Oct 18, 2017 1:27:03 AM org.apache.catalina.core.StandardContext reload
INFO: Reloading Context with name [/hw] has started
Oct 18, 2017 1:27:04 AM org.apache.catalina.core.StandardContext reload
INFO: Reloading Context with name [/hw] is completed
Oct 18, 2017 1:27:37 AM org.apache.coyote.AbstractProtocol pause
INFO: Pausing ProtocolHandler ["http-bio-80"]
Oct 18, 2017 1:27:37 AM org.apache.coyote.AbstractProtocol pause
INFO: Pausing ProtocolHandler ["ajp-bio-8009"]
Oct 18, 2017 1:27:37 AM org.apache.catalina.core.StandardService stopInternal
INFO: Stopping service Catalina
Oct 18, 2017 1:27:37 AM org.apache.coyote.AbstractProtocol stop
INFO: Stopping ProtocolHandler ["http-bio-80"]
Oct 18, 2017 1:27:37 AM org.apache.coyote.AbstractProtocol stop
INFO: Stopping ProtocolHandler ["ajp-bio-8009"]
Oct 18, 2017 1:27:37 AM org.apache.coyote.AbstractProtocol destroy
INFO: Destroying ProtocolHandler ["http-bio-80"]
Oct 18, 2017 1:27:37 AM org.apache.coyote.AbstractProtocol destroy
INFO: Destroying ProtocolHandler ["ajp-bio-8009"]
Oct 18, 2017 1:27:39 AM org.apache.catalina.core.AprLifecycleListener init
INFO: The APR based Apache Tomcat Native library which allows optimal performance in production environments was not found on the java.library.path: /Users/junyipeng/Library/Java/Extensions:/Library/Java/Extensions:/Network/Library/Java/Extensions:/System/Library/Java/Extensions:/usr/lib/java:.
Oct 18, 2017 1:27:39 AM org.apache.coyote.AbstractProtocol init
INFO: Initializing ProtocolHandler ["http-bio-80"]
Oct 18, 2017 1:27:39 AM org.apache.coyote.AbstractProtocol init
INFO: Initializing ProtocolHandler ["ajp-bio-8009"]
Oct 18, 2017 1:27:39 AM org.apache.catalina.startup.Catalina load
INFO: Initialization processed in 532 ms
Oct 18, 2017 1:27:39 AM org.apache.catalina.core.StandardService startInternal
INFO: Starting service Catalina
Oct 18, 2017 1:27:39 AM org.apache.catalina.core.StandardEngine startInternal
INFO: Starting Servlet Engine: Apache Tomcat/7.0.34
Oct 18, 2017 1:27:39 AM org.apache.catalina.startup.HostConfig deployDirectory
INFO: Deploying web application directory /Users/junyipeng/apache-tomcat-7.0.34/webapps/hw
Oct 18, 2017 1:27:39 AM org.apache.catalina.startup.HostConfig deployDirectory
INFO: Deploying web application directory /Users/junyipeng/apache-tomcat-7.0.34/webapps/zhou
Oct 18, 2017 1:27:40 AM org.apache.catalina.startup.HostConfig deployDirectory
INFO: Deploying web application directory /Users/junyipeng/apache-tomcat-7.0.34/webapps/docs
Oct 18, 2017 1:27:40 AM org.apache.catalina.startup.HostConfig deployDirectory
INFO: Deploying web application directory /Users/junyipeng/apache-tomcat-7.0.34/webapps/peng
Oct 18, 2017 1:27:40 AM org.apache.catalina.startup.HostConfig deployDirectory
INFO: Deploying web application directory /Users/junyipeng/apache-tomcat-7.0.34/webapps/manager
Oct 18, 2017 1:27:40 AM org.apache.catalina.startup.HostConfig deployDirectory
INFO: Deploying web application directory /Users/junyipeng/apache-tomcat-7.0.34/webapps/yi
Oct 18, 2017 1:27:40 AM org.apache.catalina.startup.HostConfig deployDirectory
INFO: Deploying web application directory /Users/junyipeng/apache-tomcat-7.0.34/webapps/examples
Oct 18, 2017 1:27:41 AM org.apache.catalina.startup.HostConfig deployDirectory
INFO: Deploying web application directory /Users/junyipeng/apache-tomcat-7.0.34/webapps/csj
Oct 18, 2017 1:27:41 AM org.apache.catalina.startup.HostConfig deployDirectory
INFO: Deploying web application directory /Users/junyipeng/apache-tomcat-7.0.34/webapps/ROOT
Oct 18, 2017 1:27:41 AM org.apache.catalina.startup.HostConfig deployDirectory
INFO: Deploying web application directory /Users/junyipeng/apache-tomcat-7.0.34/webapps/.git
Oct 18, 2017 1:27:41 AM org.apache.catalina.startup.HostConfig deployDirectory
INFO: Deploying web application directory /Users/junyipeng/apache-tomcat-7.0.34/webapps/host-manager
Oct 18, 2017 1:27:41 AM org.apache.catalina.startup.HostConfig deployDirectory
INFO: Deploying web application directory /Users/junyipeng/apache-tomcat-7.0.34/webapps/jun
Oct 18, 2017 1:27:41 AM org.apache.coyote.AbstractProtocol start
INFO: Starting ProtocolHandler ["http-bio-80"]
Oct 18, 2017 1:27:41 AM org.apache.coyote.AbstractProtocol start
INFO: Starting ProtocolHandler ["ajp-bio-8009"]
Oct 18, 2017 1:27:41 AM org.apache.catalina.startup.Catalina start
INFO: Server startup in 2182 ms
Oct 18, 2017 1:29:39 AM org.apache.coyote.AbstractProtocol pause
INFO: Pausing ProtocolHandler ["http-bio-80"]
Oct 18, 2017 1:29:40 AM org.apache.coyote.AbstractProtocol pause
INFO: Pausing ProtocolHandler ["ajp-bio-8009"]
Oct 18, 2017 1:29:40 AM org.apache.catalina.core.StandardService stopInternal
INFO: Stopping service Catalina
Oct 18, 2017 1:29:40 AM org.apache.coyote.AbstractProtocol stop
INFO: Stopping ProtocolHandler ["http-bio-80"]
Oct 18, 2017 1:29:40 AM org.apache.coyote.AbstractProtocol stop
INFO: Stopping ProtocolHandler ["ajp-bio-8009"]
Oct 18, 2017 1:29:40 AM org.apache.coyote.AbstractProtocol destroy
INFO: Destroying ProtocolHandler ["http-bio-80"]
Oct 18, 2017 1:29:40 AM org.apache.coyote.AbstractProtocol destroy
INFO: Destroying ProtocolHandler ["ajp-bio-8009"]
Oct 18, 2017 1:29:41 AM org.apache.catalina.core.AprLifecycleListener init
INFO: The APR based Apache Tomcat Native library which allows optimal performance in production environments was not found on the java.library.path: /Users/junyipeng/Library/Java/Extensions:/Library/Java/Extensions:/Network/Library/Java/Extensions:/System/Library/Java/Extensions:/usr/lib/java:.
Oct 18, 2017 1:29:41 AM org.apache.coyote.AbstractProtocol init
INFO: Initializing ProtocolHandler ["http-bio-80"]
Oct 18, 2017 1:29:41 AM org.apache.coyote.AbstractProtocol init
INFO: Initializing ProtocolHandler ["ajp-bio-8009"]
Oct 18, 2017 1:29:41 AM org.apache.catalina.startup.Catalina load
INFO: Initialization processed in 527 ms
Oct 18, 2017 1:29:41 AM org.apache.catalina.core.StandardService startInternal
INFO: Starting service Catalina
Oct 18, 2017 1:29:41 AM org.apache.catalina.core.StandardEngine startInternal
INFO: Starting Servlet Engine: Apache Tomcat/7.0.34
Oct 18, 2017 1:29:41 AM org.apache.catalina.startup.HostConfig deployDirectory
INFO: Deploying web application directory /Users/junyipeng/apache-tomcat-7.0.34/webapps/hw
Oct 18, 2017 1:29:42 AM org.apache.catalina.startup.HostConfig deployDirectory
INFO: Deploying web application directory /Users/junyipeng/apache-tomcat-7.0.34/webapps/zhou
Oct 18, 2017 1:29:42 AM org.apache.catalina.startup.HostConfig deployDirectory
INFO: Deploying web application directory /Users/junyipeng/apache-tomcat-7.0.34/webapps/docs
Oct 18, 2017 1:29:42 AM org.apache.catalina.startup.HostConfig deployDirectory
INFO: Deploying web application directory /Users/junyipeng/apache-tomcat-7.0.34/webapps/peng
Oct 18, 2017 1:29:42 AM org.apache.catalina.startup.HostConfig deployDirectory
INFO: Deploying web application directory /Users/junyipeng/apache-tomcat-7.0.34/webapps/manager
Oct 18, 2017 1:29:42 AM org.apache.catalina.startup.HostConfig deployDirectory
INFO: Deploying web application directory /Users/junyipeng/apache-tomcat-7.0.34/webapps/yi
Oct 18, 2017 1:29:43 AM org.apache.catalina.startup.HostConfig deployDirectory
INFO: Deploying web application directory /Users/junyipeng/apache-tomcat-7.0.34/webapps/examples
Oct 18, 2017 1:29:43 AM org.apache.catalina.startup.HostConfig deployDirectory
INFO: Deploying web application directory /Users/junyipeng/apache-tomcat-7.0.34/webapps/csj
Oct 18, 2017 1:29:43 AM org.apache.catalina.startup.HostConfig deployDirectory
INFO: Deploying web application directory /Users/junyipeng/apache-tomcat-7.0.34/webapps/ROOT
Oct 18, 2017 1:29:43 AM org.apache.catalina.startup.HostConfig deployDirectory
INFO: Deploying web application directory /Users/junyipeng/apache-tomcat-7.0.34/webapps/.git
Oct 18, 2017 1:29:44 AM org.apache.catalina.startup.HostConfig deployDirectory
INFO: Deploying web application directory /Users/junyipeng/apache-tomcat-7.0.34/webapps/host-manager
Oct 18, 2017 1:29:44 AM org.apache.catalina.startup.HostConfig deployDirectory
INFO: Deploying web application directory /Users/junyipeng/apache-tomcat-7.0.34/webapps/jun
Oct 18, 2017 1:29:44 AM org.apache.coyote.AbstractProtocol start
INFO: Starting ProtocolHandler ["http-bio-80"]
Oct 18, 2017 1:29:44 AM org.apache.coyote.AbstractProtocol start
INFO: Starting ProtocolHandler ["ajp-bio-8009"]
Oct 18, 2017 1:29:44 AM org.apache.catalina.startup.Catalina start
INFO: Server startup in 2193 ms
Oct 18, 2017 1:44:14 AM org.apache.catalina.core.StandardContext reload
INFO: Reloading Context with name [/hw] has started
Oct 18, 2017 1:44:15 AM org.apache.catalina.core.StandardContext reload
INFO: Reloading Context with name [/hw] is completed
Oct 18, 2017 2:22:56 AM org.apache.catalina.core.StandardContext reload
INFO: Reloading Context with name [/hw] has started
Oct 18, 2017 2:22:57 AM org.apache.catalina.core.StandardContext reload
INFO: Reloading Context with name [/hw] is completed
Oct 18, 2017 2:23:51 AM org.apache.coyote.AbstractProtocol pause
INFO: Pausing ProtocolHandler ["http-bio-80"]
Oct 18, 2017 2:23:51 AM org.apache.coyote.AbstractProtocol pause
INFO: Pausing ProtocolHandler ["ajp-bio-8009"]
Oct 18, 2017 2:23:52 AM org.apache.catalina.core.StandardService stopInternal
INFO: Stopping service Catalina
Oct 18, 2017 2:23:52 AM org.apache.coyote.AbstractProtocol stop
INFO: Stopping ProtocolHandler ["http-bio-80"]
Oct 18, 2017 2:23:52 AM org.apache.coyote.AbstractProtocol stop
INFO: Stopping ProtocolHandler ["ajp-bio-8009"]
Oct 18, 2017 2:23:52 AM org.apache.coyote.AbstractProtocol destroy
INFO: Destroying ProtocolHandler ["http-bio-80"]
Oct 18, 2017 2:23:52 AM org.apache.coyote.AbstractProtocol destroy
INFO: Destroying ProtocolHandler ["ajp-bio-8009"]
Oct 18, 2017 2:23:53 AM org.apache.catalina.core.AprLifecycleListener init
INFO: The APR based Apache Tomcat Native library which allows optimal performance in production environments was not found on the java.library.path: /Users/junyipeng/Library/Java/Extensions:/Library/Java/Extensions:/Network/Library/Java/Extensions:/System/Library/Java/Extensions:/usr/lib/java:.
Oct 18, 2017 2:23:53 AM org.apache.coyote.AbstractProtocol init
INFO: Initializing ProtocolHandler ["http-bio-80"]
Oct 18, 2017 2:23:53 AM org.apache.coyote.AbstractProtocol init
INFO: Initializing ProtocolHandler ["ajp-bio-8009"]
Oct 18, 2017 2:23:53 AM org.apache.catalina.startup.Catalina load
INFO: Initialization processed in 536 ms
Oct 18, 2017 2:23:53 AM org.apache.catalina.core.StandardService startInternal
INFO: Starting service Catalina
Oct 18, 2017 2:23:53 AM org.apache.catalina.core.StandardEngine startInternal
INFO: Starting Servlet Engine: Apache Tomcat/7.0.34
Oct 18, 2017 2:23:53 AM org.apache.catalina.startup.HostConfig deployDirectory
INFO: Deploying web application directory /Users/junyipeng/apache-tomcat-7.0.34/webapps/hw
Oct 18, 2017 2:23:53 AM org.apache.catalina.startup.HostConfig deployDirectory
INFO: Deploying web application directory /Users/junyipeng/apache-tomcat-7.0.34/webapps/zhou
Oct 18, 2017 2:23:54 AM org.apache.catalina.startup.HostConfig deployDirectory
INFO: Deploying web application directory /Users/junyipeng/apache-tomcat-7.0.34/webapps/docs
Oct 18, 2017 2:23:54 AM org.apache.catalina.startup.HostConfig deployDirectory
INFO: Deploying web application directory /Users/junyipeng/apache-tomcat-7.0.34/webapps/peng
Oct 18, 2017 2:23:54 AM org.apache.catalina.startup.HostConfig deployDirectory
INFO: Deploying web application directory /Users/junyipeng/apache-tomcat-7.0.34/webapps/manager
Oct 18, 2017 2:23:54 AM org.apache.catalina.startup.HostConfig deployDirectory
INFO: Deploying web application directory /Users/junyipeng/apache-tomcat-7.0.34/webapps/yi
Oct 18, 2017 2:23:55 AM org.apache.catalina.startup.HostConfig deployDirectory
INFO: Deploying web application directory /Users/junyipeng/apache-tomcat-7.0.34/webapps/examples
Oct 18, 2017 2:23:55 AM org.apache.catalina.startup.HostConfig deployDirectory
INFO: Deploying web application directory /Users/junyipeng/apache-tomcat-7.0.34/webapps/csj
Oct 18, 2017 2:23:55 AM org.apache.catalina.startup.HostConfig deployDirectory
INFO: Deploying web application directory /Users/junyipeng/apache-tomcat-7.0.34/webapps/ROOT
Oct 18, 2017 2:23:55 AM org.apache.catalina.startup.HostConfig deployDirectory
INFO: Deploying web application directory /Users/junyipeng/apache-tomcat-7.0.34/webapps/.git
Oct 18, 2017 2:23:55 AM org.apache.catalina.startup.HostConfig deployDirectory
INFO: Deploying web application directory /Users/junyipeng/apache-tomcat-7.0.34/webapps/host-manager
Oct 18, 2017 2:23:55 AM org.apache.catalina.startup.HostConfig deployDirectory
INFO: Deploying web application directory /Users/junyipeng/apache-tomcat-7.0.34/webapps/jun
Oct 18, 2017 2:23:55 AM org.apache.coyote.AbstractProtocol start
INFO: Starting ProtocolHandler ["http-bio-80"]
Oct 18, 2017 2:23:55 AM org.apache.coyote.AbstractProtocol start
INFO: Starting ProtocolHandler ["ajp-bio-8009"]
Oct 18, 2017 2:23:55 AM org.apache.catalina.startup.Catalina start
INFO: Server startup in 2098 ms
Oct 18, 2017 2:24:45 AM org.apache.catalina.core.StandardContext reload
INFO: Reloading Context with name [/hw] has started
Oct 18, 2017 2:24:46 AM org.apache.catalina.core.StandardContext reload
INFO: Reloading Context with name [/hw] is completed
Oct 18, 2017 2:37:02 AM org.apache.coyote.AbstractProtocol pause
INFO: Pausing ProtocolHandler ["http-bio-80"]
Oct 18, 2017 2:37:02 AM org.apache.coyote.AbstractProtocol pause
INFO: Pausing ProtocolHandler ["ajp-bio-8009"]
Oct 18, 2017 2:37:02 AM org.apache.catalina.core.StandardService stopInternal
INFO: Stopping service Catalina
Oct 18, 2017 2:37:02 AM org.apache.coyote.AbstractProtocol stop
INFO: Stopping ProtocolHandler ["http-bio-80"]
Oct 18, 2017 2:37:02 AM org.apache.coyote.AbstractProtocol stop
INFO: Stopping ProtocolHandler ["ajp-bio-8009"]
Oct 18, 2017 2:37:02 AM org.apache.coyote.AbstractProtocol destroy
INFO: Destroying ProtocolHandler ["http-bio-80"]
Oct 18, 2017 2:37:02 AM org.apache.coyote.AbstractProtocol destroy
INFO: Destroying ProtocolHandler ["ajp-bio-8009"]
Oct 18, 2017 2:37:04 AM org.apache.catalina.core.AprLifecycleListener init
INFO: The APR based Apache Tomcat Native library which allows optimal performance in production environments was not found on the java.library.path: /Users/junyipeng/Library/Java/Extensions:/Library/Java/Extensions:/Network/Library/Java/Extensions:/System/Library/Java/Extensions:/usr/lib/java:.
Oct 18, 2017 2:37:04 AM org.apache.coyote.AbstractProtocol init
INFO: Initializing ProtocolHandler ["http-bio-80"]
Oct 18, 2017 2:37:04 AM org.apache.coyote.AbstractProtocol init
INFO: Initializing ProtocolHandler ["ajp-bio-8009"]
Oct 18, 2017 2:37:04 AM org.apache.catalina.startup.Catalina load
INFO: Initialization processed in 534 ms
Oct 18, 2017 2:37:04 AM org.apache.catalina.core.StandardService startInternal
INFO: Starting service Catalina
Oct 18, 2017 2:37:04 AM org.apache.catalina.core.StandardEngine startInternal
INFO: Starting Servlet Engine: Apache Tomcat/7.0.34
Oct 18, 2017 2:37:04 AM org.apache.catalina.startup.HostConfig deployDirectory
INFO: Deploying web application directory /Users/junyipeng/apache-tomcat-7.0.34/webapps/hw
Oct 18, 2017 2:37:04 AM org.apache.catalina.startup.HostConfig deployDirectory
INFO: Deploying web application directory /Users/junyipeng/apache-tomcat-7.0.34/webapps/zhou
Oct 18, 2017 2:37:05 AM org.apache.catalina.startup.HostConfig deployDirectory
INFO: Deploying web application directory /Users/junyipeng/apache-tomcat-7.0.34/webapps/docs
Oct 18, 2017 2:37:05 AM org.apache.catalina.startup.HostConfig deployDirectory
INFO: Deploying web application directory /Users/junyipeng/apache-tomcat-7.0.34/webapps/peng
Oct 18, 2017 2:37:05 AM org.apache.catalina.startup.HostConfig deployDirectory
INFO: Deploying web application directory /Users/junyipeng/apache-tomcat-7.0.34/webapps/manager
Oct 18, 2017 2:37:05 AM org.apache.catalina.startup.HostConfig deployDirectory
INFO: Deploying web application directory /Users/junyipeng/apache-tomcat-7.0.34/webapps/yi
Oct 18, 2017 2:37:06 AM org.apache.catalina.startup.HostConfig deployDirectory
INFO: Deploying web application directory /Users/junyipeng/apache-tomcat-7.0.34/webapps/examples
Oct 18, 2017 2:37:06 AM org.apache.catalina.startup.HostConfig deployDirectory
INFO: Deploying web application directory /Users/junyipeng/apache-tomcat-7.0.34/webapps/csj
Oct 18, 2017 2:37:06 AM org.apache.catalina.startup.HostConfig deployDirectory
INFO: Deploying web application directory /Users/junyipeng/apache-tomcat-7.0.34/webapps/ROOT
Oct 18, 2017 2:37:06 AM org.apache.catalina.startup.HostConfig deployDirectory
INFO: Deploying web application directory /Users/junyipeng/apache-tomcat-7.0.34/webapps/.git
Oct 18, 2017 2:37:06 AM org.apache.catalina.startup.HostConfig deployDirectory
INFO: Deploying web application directory /Users/junyipeng/apache-tomcat-7.0.34/webapps/host-manager
Oct 18, 2017 2:37:06 AM org.apache.catalina.startup.HostConfig deployDirectory
INFO: Deploying web application directory /Users/junyipeng/apache-tomcat-7.0.34/webapps/jun
Oct 18, 2017 2:37:06 AM org.apache.coyote.AbstractProtocol start
INFO: Starting ProtocolHandler ["http-bio-80"]
Oct 18, 2017 2:37:06 AM org.apache.coyote.AbstractProtocol start
INFO: Starting ProtocolHandler ["ajp-bio-8009"]
Oct 18, 2017 2:37:06 AM org.apache.catalina.startup.Catalina start
INFO: Server startup in 2124 ms
Oct 18, 2017 2:37:55 AM org.apache.coyote.AbstractProtocol pause
INFO: Pausing ProtocolHandler ["http-bio-80"]
Oct 18, 2017 2:37:55 AM org.apache.coyote.AbstractProtocol pause
INFO: Pausing ProtocolHandler ["ajp-bio-8009"]
Oct 18, 2017 2:37:55 AM org.apache.catalina.core.StandardService stopInternal
INFO: Stopping service Catalina
Oct 18, 2017 2:37:55 AM org.apache.coyote.AbstractProtocol stop
INFO: Stopping ProtocolHandler ["http-bio-80"]
Oct 18, 2017 2:37:55 AM org.apache.coyote.AbstractProtocol stop
INFO: Stopping ProtocolHandler ["ajp-bio-8009"]
Oct 18, 2017 2:37:55 AM org.apache.coyote.AbstractProtocol destroy
INFO: Destroying ProtocolHandler ["http-bio-80"]
Oct 18, 2017 2:37:55 AM org.apache.coyote.AbstractProtocol destroy
INFO: Destroying ProtocolHandler ["ajp-bio-8009"]
Oct 18, 2017 2:37:56 AM org.apache.catalina.core.AprLifecycleListener init
INFO: The APR based Apache Tomcat Native library which allows optimal performance in production environments was not found on the java.library.path: /Users/junyipeng/Library/Java/Extensions:/Library/Java/Extensions:/Network/Library/Java/Extensions:/System/Library/Java/Extensions:/usr/lib/java:.
Oct 18, 2017 2:37:57 AM org.apache.coyote.AbstractProtocol init
INFO: Initializing ProtocolHandler ["http-bio-80"]
Oct 18, 2017 2:37:57 AM org.apache.coyote.AbstractProtocol init
INFO: Initializing ProtocolHandler ["ajp-bio-8009"]
Oct 18, 2017 2:37:57 AM org.apache.catalina.startup.Catalina load
INFO: Initialization processed in 530 ms
Oct 18, 2017 2:37:57 AM org.apache.catalina.core.StandardService startInternal
INFO: Starting service Catalina
Oct 18, 2017 2:37:57 AM org.apache.catalina.core.StandardEngine startInternal
INFO: Starting Servlet Engine: Apache Tomcat/7.0.34
Oct 18, 2017 2:37:57 AM org.apache.catalina.startup.HostConfig deployDirectory
INFO: Deploying web application directory /Users/junyipeng/apache-tomcat-7.0.34/webapps/hw
Oct 18, 2017 2:37:57 AM org.apache.catalina.startup.HostConfig deployDirectory
INFO: Deploying web application directory /Users/junyipeng/apache-tomcat-7.0.34/webapps/zhou
Oct 18, 2017 2:37:58 AM org.apache.catalina.startup.HostConfig deployDirectory
INFO: Deploying web application directory /Users/junyipeng/apache-tomcat-7.0.34/webapps/docs
Oct 18, 2017 2:37:58 AM org.apache.catalina.startup.HostConfig deployDirectory
INFO: Deploying web application directory /Users/junyipeng/apache-tomcat-7.0.34/webapps/peng
Oct 18, 2017 2:37:58 AM org.apache.catalina.startup.HostConfig deployDirectory
INFO: Deploying web application directory /Users/junyipeng/apache-tomcat-7.0.34/webapps/manager
Oct 18, 2017 2:37:58 AM org.apache.catalina.startup.HostConfig deployDirectory
INFO: Deploying web application directory /Users/junyipeng/apache-tomcat-7.0.34/webapps/yi
Oct 18, 2017 2:37:58 AM org.apache.catalina.startup.HostConfig deployDirectory
INFO: Deploying web application directory /Users/junyipeng/apache-tomcat-7.0.34/webapps/examples
Oct 18, 2017 2:37:58 AM org.apache.catalina.startup.HostConfig deployDirectory
INFO: Deploying web application directory /Users/junyipeng/apache-tomcat-7.0.34/webapps/csj
Oct 18, 2017 2:37:58 AM org.apache.catalina.startup.HostConfig deployDirectory
INFO: Deploying web application directory /Users/junyipeng/apache-tomcat-7.0.34/webapps/ROOT
Oct 18, 2017 2:37:58 AM org.apache.catalina.startup.HostConfig deployDirectory
INFO: Deploying web application directory /Users/junyipeng/apache-tomcat-7.0.34/webapps/.git
Oct 18, 2017 2:37:59 AM org.apache.catalina.startup.HostConfig deployDirectory
INFO: Deploying web application directory /Users/junyipeng/apache-tomcat-7.0.34/webapps/host-manager
Oct 18, 2017 2:37:59 AM org.apache.catalina.startup.HostConfig deployDirectory
INFO: Deploying web application directory /Users/junyipeng/apache-tomcat-7.0.34/webapps/jun
Oct 18, 2017 2:37:59 AM org.apache.coyote.AbstractProtocol start
INFO: Starting ProtocolHandler ["http-bio-80"]
Oct 18, 2017 2:37:59 AM org.apache.coyote.AbstractProtocol start
INFO: Starting ProtocolHandler ["ajp-bio-8009"]
Oct 18, 2017 2:37:59 AM org.apache.catalina.startup.Catalina start
INFO: Server startup in 2127 ms
Oct 18, 2017 2:38:39 AM org.apache.catalina.core.StandardContext reload
INFO: Reloading Context with name [/hw] has started
Oct 18, 2017 2:38:39 AM org.apache.catalina.core.StandardContext reload
INFO: Reloading Context with name [/hw] is completed
Oct 18, 2017 2:40:59 AM org.apache.coyote.AbstractProtocol pause
INFO: Pausing ProtocolHandler ["http-bio-80"]
Oct 18, 2017 2:40:59 AM org.apache.coyote.AbstractProtocol pause
INFO: Pausing ProtocolHandler ["ajp-bio-8009"]
Oct 18, 2017 2:40:59 AM org.apache.catalina.core.StandardService stopInternal
INFO: Stopping service Catalina
Oct 18, 2017 2:40:59 AM org.apache.coyote.AbstractProtocol stop
INFO: Stopping ProtocolHandler ["http-bio-80"]
Oct 18, 2017 2:40:59 AM org.apache.coyote.AbstractProtocol stop
INFO: Stopping ProtocolHandler ["ajp-bio-8009"]
Oct 18, 2017 2:40:59 AM org.apache.coyote.AbstractProtocol destroy
INFO: Destroying ProtocolHandler ["http-bio-80"]
Oct 18, 2017 2:40:59 AM org.apache.coyote.AbstractProtocol destroy
INFO: Destroying ProtocolHandler ["ajp-bio-8009"]
Oct 18, 2017 2:41:01 AM org.apache.catalina.core.AprLifecycleListener init
INFO: The APR based Apache Tomcat Native library which allows optimal performance in production environments was not found on the java.library.path: /Users/junyipeng/Library/Java/Extensions:/Library/Java/Extensions:/Network/Library/Java/Extensions:/System/Library/Java/Extensions:/usr/lib/java:.
Oct 18, 2017 2:41:01 AM org.apache.coyote.AbstractProtocol init
INFO: Initializing ProtocolHandler ["http-bio-80"]
Oct 18, 2017 2:41:01 AM org.apache.coyote.AbstractProtocol init
INFO: Initializing ProtocolHandler ["ajp-bio-8009"]
Oct 18, 2017 2:41:01 AM org.apache.catalina.startup.Catalina load
INFO: Initialization processed in 531 ms
Oct 18, 2017 2:41:01 AM org.apache.catalina.core.StandardService startInternal
INFO: Starting service Catalina
Oct 18, 2017 2:41:01 AM org.apache.catalina.core.StandardEngine startInternal
INFO: Starting Servlet Engine: Apache Tomcat/7.0.34
Oct 18, 2017 2:41:01 AM org.apache.catalina.startup.HostConfig deployDirectory
INFO: Deploying web application directory /Users/junyipeng/apache-tomcat-7.0.34/webapps/hw
Oct 18, 2017 2:41:01 AM org.apache.catalina.startup.HostConfig deployDirectory
INFO: Deploying web application directory /Users/junyipeng/apache-tomcat-7.0.34/webapps/zhou
Oct 18, 2017 2:41:02 AM org.apache.catalina.startup.HostConfig deployDirectory
INFO: Deploying web application directory /Users/junyipeng/apache-tomcat-7.0.34/webapps/docs
Oct 18, 2017 2:41:02 AM org.apache.catalina.startup.HostConfig deployDirectory
INFO: Deploying web application directory /Users/junyipeng/apache-tomcat-7.0.34/webapps/peng
Oct 18, 2017 2:41:02 AM org.apache.catalina.startup.HostConfig deployDirectory
INFO: Deploying web application directory /Users/junyipeng/apache-tomcat-7.0.34/webapps/manager
Oct 18, 2017 2:41:02 AM org.apache.catalina.startup.HostConfig deployDirectory
INFO: Deploying web application directory /Users/junyipeng/apache-tomcat-7.0.34/webapps/yi
Oct 18, 2017 2:41:03 AM org.apache.catalina.startup.HostConfig deployDirectory
INFO: Deploying web application directory /Users/junyipeng/apache-tomcat-7.0.34/webapps/examples
Oct 18, 2017 2:41:03 AM org.apache.catalina.startup.HostConfig deployDirectory
INFO: Deploying web application directory /Users/junyipeng/apache-tomcat-7.0.34/webapps/csj
Oct 18, 2017 2:41:03 AM org.apache.catalina.startup.HostConfig deployDirectory
INFO: Deploying web application directory /Users/junyipeng/apache-tomcat-7.0.34/webapps/ROOT
Oct 18, 2017 2:41:03 AM org.apache.catalina.startup.HostConfig deployDirectory
INFO: Deploying web application directory /Users/junyipeng/apache-tomcat-7.0.34/webapps/.git
Oct 18, 2017 2:41:03 AM org.apache.catalina.startup.HostConfig deployDirectory
INFO: Deploying web application directory /Users/junyipeng/apache-tomcat-7.0.34/webapps/host-manager
Oct 18, 2017 2:41:03 AM org.apache.catalina.startup.HostConfig deployDirectory
INFO: Deploying web application directory /Users/junyipeng/apache-tomcat-7.0.34/webapps/jun
Oct 18, 2017 2:41:03 AM org.apache.coyote.AbstractProtocol start
INFO: Starting ProtocolHandler ["http-bio-80"]
Oct 18, 2017 2:41:03 AM org.apache.coyote.AbstractProtocol start
INFO: Starting ProtocolHandler ["ajp-bio-8009"]
Oct 18, 2017 2:41:03 AM org.apache.catalina.startup.Catalina start
INFO: Server startup in 2188 ms
Oct 18, 2017 2:42:33 AM org.apache.coyote.AbstractProtocol pause
INFO: Pausing ProtocolHandler ["http-bio-80"]
Oct 18, 2017 2:42:33 AM org.apache.coyote.AbstractProtocol pause
INFO: Pausing ProtocolHandler ["ajp-bio-8009"]
Oct 18, 2017 2:42:33 AM org.apache.catalina.core.StandardContext reload
INFO: Reloading Context with name [/hw] has started
Oct 18, 2017 2:42:33 AM org.apache.catalina.core.StandardService stopInternal
INFO: Stopping service Catalina
Oct 18, 2017 2:42:33 AM org.apache.catalina.core.StandardContext reload
INFO: Reloading Context with name [/hw] is completed
Oct 18, 2017 2:42:33 AM org.apache.coyote.AbstractProtocol stop
INFO: Stopping ProtocolHandler ["http-bio-80"]
Oct 18, 2017 2:42:33 AM org.apache.coyote.AbstractProtocol stop
INFO: Stopping ProtocolHandler ["ajp-bio-8009"]
Oct 18, 2017 2:42:33 AM org.apache.coyote.AbstractProtocol destroy
INFO: Destroying ProtocolHandler ["http-bio-80"]
Oct 18, 2017 2:42:33 AM org.apache.coyote.AbstractProtocol destroy
INFO: Destroying ProtocolHandler ["ajp-bio-8009"]
Oct 18, 2017 2:42:35 AM org.apache.catalina.core.AprLifecycleListener init
INFO: The APR based Apache Tomcat Native library which allows optimal performance in production environments was not found on the java.library.path: /Users/junyipeng/Library/Java/Extensions:/Library/Java/Extensions:/Network/Library/Java/Extensions:/System/Library/Java/Extensions:/usr/lib/java:.
Oct 18, 2017 2:42:35 AM org.apache.coyote.AbstractProtocol init
INFO: Initializing ProtocolHandler ["http-bio-80"]
Oct 18, 2017 2:42:35 AM org.apache.coyote.AbstractProtocol init
INFO: Initializing ProtocolHandler ["ajp-bio-8009"]
Oct 18, 2017 2:42:35 AM org.apache.catalina.startup.Catalina load
INFO: Initialization processed in 527 ms
Oct 18, 2017 2:42:35 AM org.apache.catalina.core.StandardService startInternal
INFO: Starting service Catalina
Oct 18, 2017 2:42:35 AM org.apache.catalina.core.StandardEngine startInternal
INFO: Starting Servlet Engine: Apache Tomcat/7.0.34
Oct 18, 2017 2:42:35 AM org.apache.catalina.startup.HostConfig deployDirectory
INFO: Deploying web application directory /Users/junyipeng/apache-tomcat-7.0.34/webapps/hw
Oct 18, 2017 2:42:35 AM org.apache.catalina.startup.HostConfig deployDirectory
INFO: Deploying web application directory /Users/junyipeng/apache-tomcat-7.0.34/webapps/zhou
Oct 18, 2017 2:42:36 AM org.apache.catalina.startup.HostConfig deployDirectory
INFO: Deploying web application directory /Users/junyipeng/apache-tomcat-7.0.34/webapps/docs
Oct 18, 2017 2:42:36 AM org.apache.catalina.startup.HostConfig deployDirectory
INFO: Deploying web application directory /Users/junyipeng/apache-tomcat-7.0.34/webapps/peng
Oct 18, 2017 2:42:36 AM org.apache.catalina.startup.HostConfig deployDirectory
INFO: Deploying web application directory /Users/junyipeng/apache-tomcat-7.0.34/webapps/manager
Oct 18, 2017 2:42:36 AM org.apache.catalina.startup.HostConfig deployDirectory
INFO: Deploying web application directory /Users/junyipeng/apache-tomcat-7.0.34/webapps/yi
Oct 18, 2017 2:42:36 AM org.apache.catalina.startup.HostConfig deployDirectory
INFO: Deploying web application directory /Users/junyipeng/apache-tomcat-7.0.34/webapps/examples
Oct 18, 2017 2:42:37 AM org.apache.catalina.startup.HostConfig deployDirectory
INFO: Deploying web application directory /Users/junyipeng/apache-tomcat-7.0.34/webapps/csj
Oct 18, 2017 2:42:37 AM org.apache.catalina.startup.HostConfig deployDirectory
INFO: Deploying web application directory /Users/junyipeng/apache-tomcat-7.0.34/webapps/ROOT
Oct 18, 2017 2:42:37 AM org.apache.catalina.startup.HostConfig deployDirectory
INFO: Deploying web application directory /Users/junyipeng/apache-tomcat-7.0.34/webapps/.git
Oct 18, 2017 2:42:37 AM org.apache.catalina.startup.HostConfig deployDirectory
INFO: Deploying web application directory /Users/junyipeng/apache-tomcat-7.0.34/webapps/host-manager
Oct 18, 2017 2:42:37 AM org.apache.catalina.startup.HostConfig deployDirectory
INFO: Deploying web application directory /Users/junyipeng/apache-tomcat-7.0.34/webapps/jun
Oct 18, 2017 2:42:37 AM org.apache.coyote.AbstractProtocol start
INFO: Starting ProtocolHandler ["http-bio-80"]
Oct 18, 2017 2:42:37 AM org.apache.coyote.AbstractProtocol start
INFO: Starting ProtocolHandler ["ajp-bio-8009"]
Oct 18, 2017 2:42:37 AM org.apache.catalina.startup.Catalina start
INFO: Server startup in 2150 ms
Oct 18, 2017 2:44:47 AM org.apache.catalina.core.StandardContext reload
INFO: Reloading Context with name [/hw] has started
Oct 18, 2017 2:44:48 AM org.apache.catalina.core.StandardContext reload
INFO: Reloading Context with name [/hw] is completed
Oct 18, 2017 2:45:01 AM org.apache.coyote.AbstractProtocol pause
INFO: Pausing ProtocolHandler ["http-bio-80"]
Oct 18, 2017 2:45:01 AM org.apache.coyote.AbstractProtocol pause
INFO: Pausing ProtocolHandler ["ajp-bio-8009"]
Oct 18, 2017 2:45:01 AM org.apache.catalina.core.StandardService stopInternal
INFO: Stopping service Catalina
Oct 18, 2017 2:45:01 AM org.apache.coyote.AbstractProtocol stop
INFO: Stopping ProtocolHandler ["http-bio-80"]
Oct 18, 2017 2:45:01 AM org.apache.coyote.AbstractProtocol stop
INFO: Stopping ProtocolHandler ["ajp-bio-8009"]
Oct 18, 2017 2:45:01 AM org.apache.coyote.AbstractProtocol destroy
INFO: Destroying ProtocolHandler ["http-bio-80"]
Oct 18, 2017 2:45:01 AM org.apache.coyote.AbstractProtocol destroy
INFO: Destroying ProtocolHandler ["ajp-bio-8009"]
Oct 18, 2017 2:45:03 AM org.apache.catalina.core.AprLifecycleListener init
INFO: The APR based Apache Tomcat Native library which allows optimal performance in production environments was not found on the java.library.path: /Users/junyipeng/Library/Java/Extensions:/Library/Java/Extensions:/Network/Library/Java/Extensions:/System/Library/Java/Extensions:/usr/lib/java:.
Oct 18, 2017 2:45:03 AM org.apache.coyote.AbstractProtocol init
INFO: Initializing ProtocolHandler ["http-bio-80"]
Oct 18, 2017 2:45:03 AM org.apache.coyote.AbstractProtocol init
INFO: Initializing ProtocolHandler ["ajp-bio-8009"]
Oct 18, 2017 2:45:03 AM org.apache.catalina.startup.Catalina load
INFO: Initialization processed in 537 ms
Oct 18, 2017 2:45:03 AM org.apache.catalina.core.StandardService startInternal
INFO: Starting service Catalina
Oct 18, 2017 2:45:03 AM org.apache.catalina.core.StandardEngine startInternal
INFO: Starting Servlet Engine: Apache Tomcat/7.0.34
Oct 18, 2017 2:45:03 AM org.apache.catalina.startup.HostConfig deployDirectory
INFO: Deploying web application directory /Users/junyipeng/apache-tomcat-7.0.34/webapps/hw
Oct 18, 2017 2:45:03 AM org.apache.catalina.startup.HostConfig deployDirectory
INFO: Deploying web application directory /Users/junyipeng/apache-tomcat-7.0.34/webapps/zhou
Oct 18, 2017 2:45:04 AM org.apache.catalina.startup.HostConfig deployDirectory
INFO: Deploying web application directory /Users/junyipeng/apache-tomcat-7.0.34/webapps/docs
Oct 18, 2017 2:45:04 AM org.apache.catalina.startup.HostConfig deployDirectory
INFO: Deploying web application directory /Users/junyipeng/apache-tomcat-7.0.34/webapps/peng
Oct 18, 2017 2:45:04 AM org.apache.catalina.startup.HostConfig deployDirectory
INFO: Deploying web application directory /Users/junyipeng/apache-tomcat-7.0.34/webapps/manager
Oct 18, 2017 2:45:04 AM org.apache.catalina.startup.HostConfig deployDirectory
INFO: Deploying web application directory /Users/junyipeng/apache-tomcat-7.0.34/webapps/yi
Oct 18, 2017 2:45:04 AM org.apache.catalina.startup.HostConfig deployDirectory
INFO: Deploying web application directory /Users/junyipeng/apache-tomcat-7.0.34/webapps/examples
Oct 18, 2017 2:45:04 AM org.apache.catalina.startup.HostConfig deployDirectory
INFO: Deploying web application directory /Users/junyipeng/apache-tomcat-7.0.34/webapps/csj
Oct 18, 2017 2:45:05 AM org.apache.catalina.startup.HostConfig deployDirectory
INFO: Deploying web application directory /Users/junyipeng/apache-tomcat-7.0.34/webapps/ROOT
Oct 18, 2017 2:45:05 AM org.apache.catalina.startup.HostConfig deployDirectory
INFO: Deploying web application directory /Users/junyipeng/apache-tomcat-7.0.34/webapps/.git
Oct 18, 2017 2:45:05 AM org.apache.catalina.startup.HostConfig deployDirectory
INFO: Deploying web application directory /Users/junyipeng/apache-tomcat-7.0.34/webapps/host-manager
Oct 18, 2017 2:45:05 AM org.apache.catalina.startup.HostConfig deployDirectory
INFO: Deploying web application directory /Users/junyipeng/apache-tomcat-7.0.34/webapps/jun
Oct 18, 2017 2:45:05 AM org.apache.coyote.AbstractProtocol start
INFO: Starting ProtocolHandler ["http-bio-80"]
Oct 18, 2017 2:45:05 AM org.apache.coyote.AbstractProtocol start
INFO: Starting ProtocolHandler ["ajp-bio-8009"]
Oct 18, 2017 2:45:05 AM org.apache.catalina.startup.Catalina start
INFO: Server startup in 2194 ms
Oct 18, 2017 2:46:15 AM org.apache.catalina.core.StandardContext reload
INFO: Reloading Context with name [/hw] has started
Oct 18, 2017 2:46:16 AM org.apache.catalina.core.StandardContext reload
INFO: Reloading Context with name [/hw] is completed
Oct 18, 2017 2:46:56 AM org.apache.catalina.core.StandardContext reload
INFO: Reloading Context with name [/hw] has started
Oct 18, 2017 2:46:56 AM org.apache.catalina.core.StandardContext reload
INFO: Reloading Context with name [/hw] is completed
Oct 18, 2017 2:48:16 AM org.apache.catalina.core.StandardContext reload
INFO: Reloading Context with name [/hw] has started
Oct 18, 2017 2:48:17 AM org.apache.catalina.core.StandardContext reload
INFO: Reloading Context with name [/hw] is completed
Oct 18, 2017 2:51:27 AM org.apache.catalina.core.StandardContext reload
INFO: Reloading Context with name [/hw] has started
Oct 18, 2017 2:51:27 AM org.apache.catalina.core.StandardContext reload
INFO: Reloading Context with name [/hw] is completed
Oct 18, 2017 2:55:27 AM org.apache.catalina.core.StandardContext reload
INFO: Reloading Context with name [/hw] has started
Oct 18, 2017 2:55:28 AM org.apache.catalina.core.StandardContext reload
INFO: Reloading Context with name [/hw] is completed
Oct 18, 2017 2:58:38 AM org.apache.catalina.core.StandardContext reload
INFO: Reloading Context with name [/hw] has started
Oct 18, 2017 2:58:38 AM org.apache.catalina.core.StandardContext reload
INFO: Reloading Context with name [/hw] is completed
Oct 18, 2017 3:01:48 AM org.apache.catalina.core.StandardContext reload
INFO: Reloading Context with name [/hw] has started
Oct 18, 2017 3:01:49 AM org.apache.catalina.core.StandardContext reload
INFO: Reloading Context with name [/hw] is completed
Oct 18, 2017 3:03:09 AM org.apache.catalina.core.StandardContext reload
INFO: Reloading Context with name [/hw] has started
Oct 18, 2017 3:03:09 AM org.apache.catalina.core.StandardContext reload
INFO: Reloading Context with name [/hw] is completed
Oct 18, 2017 8:20:16 PM org.apache.catalina.core.StandardContext reload
INFO: Reloading Context with name [/hw] has started
Oct 18, 2017 8:20:16 PM org.apache.catalina.core.StandardContext reload
INFO: Reloading Context with name [/hw] is completed
Oct 18, 2017 8:42:41 PM org.apache.coyote.AbstractProtocol pause
INFO: Pausing ProtocolHandler ["http-bio-80"]
Oct 18, 2017 8:42:41 PM org.apache.coyote.AbstractProtocol pause
INFO: Pausing ProtocolHandler ["ajp-bio-8009"]
Oct 18, 2017 8:42:41 PM org.apache.catalina.core.StandardService stopInternal
INFO: Stopping service Catalina
Oct 18, 2017 8:42:41 PM org.apache.coyote.AbstractProtocol stop
INFO: Stopping ProtocolHandler ["http-bio-80"]
Oct 18, 2017 8:42:41 PM org.apache.coyote.AbstractProtocol stop
INFO: Stopping ProtocolHandler ["ajp-bio-8009"]
Oct 18, 2017 8:42:41 PM org.apache.coyote.AbstractProtocol destroy
INFO: Destroying ProtocolHandler ["http-bio-80"]
Oct 18, 2017 8:42:41 PM org.apache.coyote.AbstractProtocol destroy
INFO: Destroying ProtocolHandler ["ajp-bio-8009"]
Oct 18, 2017 8:42:44 PM org.apache.catalina.core.AprLifecycleListener init
INFO: The APR based Apache Tomcat Native library which allows optimal performance in production environments was not found on the java.library.path: /Users/junyipeng/Library/Java/Extensions:/Library/Java/Extensions:/Network/Library/Java/Extensions:/System/Library/Java/Extensions:/usr/lib/java:.
Oct 18, 2017 8:42:44 PM org.apache.coyote.AbstractProtocol init
INFO: Initializing ProtocolHandler ["http-bio-80"]
Oct 18, 2017 8:42:44 PM org.apache.coyote.AbstractProtocol init
INFO: Initializing ProtocolHandler ["ajp-bio-8009"]
Oct 18, 2017 8:42:44 PM org.apache.catalina.startup.Catalina load
INFO: Initialization processed in 554 ms
Oct 18, 2017 8:42:44 PM org.apache.catalina.core.StandardService startInternal
INFO: Starting service Catalina
Oct 18, 2017 8:42:44 PM org.apache.catalina.core.StandardEngine startInternal
INFO: Starting Servlet Engine: Apache Tomcat/7.0.34
Oct 18, 2017 8:42:44 PM org.apache.catalina.startup.HostConfig deployDirectory
INFO: Deploying web application directory /Users/junyipeng/apache-tomcat-7.0.34/webapps/hw
Oct 18, 2017 8:42:44 PM org.apache.catalina.startup.HostConfig deployDirectory
INFO: Deploying web application directory /Users/junyipeng/apache-tomcat-7.0.34/webapps/zhou
Oct 18, 2017 8:42:45 PM org.apache.catalina.startup.HostConfig deployDirectory
INFO: Deploying web application directory /Users/junyipeng/apache-tomcat-7.0.34/webapps/docs
Oct 18, 2017 8:42:45 PM org.apache.catalina.startup.HostConfig deployDirectory
INFO: Deploying web application directory /Users/junyipeng/apache-tomcat-7.0.34/webapps/peng
Oct 18, 2017 8:42:45 PM org.apache.catalina.startup.HostConfig deployDirectory
INFO: Deploying web application directory /Users/junyipeng/apache-tomcat-7.0.34/webapps/manager
Oct 18, 2017 8:42:45 PM org.apache.catalina.startup.HostConfig deployDirectory
INFO: Deploying web application directory /Users/junyipeng/apache-tomcat-7.0.34/webapps/yi
Oct 18, 2017 8:42:45 PM org.apache.catalina.startup.HostConfig deployDirectory
INFO: Deploying web application directory /Users/junyipeng/apache-tomcat-7.0.34/webapps/examples
Oct 18, 2017 8:42:46 PM org.apache.catalina.startup.HostConfig deployDirectory
INFO: Deploying web application directory /Users/junyipeng/apache-tomcat-7.0.34/webapps/csj
Oct 18, 2017 8:42:46 PM org.apache.catalina.startup.HostConfig deployDirectory
INFO: Deploying web application directory /Users/junyipeng/apache-tomcat-7.0.34/webapps/ROOT
Oct 18, 2017 8:42:46 PM org.apache.catalina.startup.HostConfig deployDirectory
INFO: Deploying web application directory /Users/junyipeng/apache-tomcat-7.0.34/webapps/.git
Oct 18, 2017 8:42:46 PM org.apache.catalina.startup.HostConfig deployDirectory
INFO: Deploying web application directory /Users/junyipeng/apache-tomcat-7.0.34/webapps/host-manager
Oct 18, 2017 8:42:46 PM org.apache.catalina.startup.HostConfig deployDirectory
INFO: Deploying web application directory /Users/junyipeng/apache-tomcat-7.0.34/webapps/jun
Oct 18, 2017 8:42:46 PM org.apache.coyote.AbstractProtocol start
INFO: Starting ProtocolHandler ["http-bio-80"]
Oct 18, 2017 8:42:46 PM org.apache.coyote.AbstractProtocol start
INFO: Starting ProtocolHandler ["ajp-bio-8009"]
Oct 18, 2017 8:42:46 PM org.apache.catalina.startup.Catalina start
INFO: Server startup in 2220 ms
Oct 18, 2017 8:57:53 PM org.apache.coyote.AbstractProtocol pause
INFO: Pausing ProtocolHandler ["http-bio-80"]
Oct 18, 2017 8:57:53 PM org.apache.coyote.AbstractProtocol pause
INFO: Pausing ProtocolHandler ["ajp-bio-8009"]
Oct 18, 2017 8:57:53 PM org.apache.catalina.core.StandardService stopInternal
INFO: Stopping service Catalina
Oct 18, 2017 8:57:53 PM org.apache.coyote.AbstractProtocol stop
INFO: Stopping ProtocolHandler ["http-bio-80"]
Oct 18, 2017 8:57:53 PM org.apache.coyote.AbstractProtocol stop
INFO: Stopping ProtocolHandler ["ajp-bio-8009"]
Oct 18, 2017 8:57:53 PM org.apache.coyote.AbstractProtocol destroy
INFO: Destroying ProtocolHandler ["http-bio-80"]
Oct 18, 2017 8:57:53 PM org.apache.coyote.AbstractProtocol destroy
INFO: Destroying ProtocolHandler ["ajp-bio-8009"]
Oct 18, 2017 8:57:55 PM org.apache.catalina.core.AprLifecycleListener init
INFO: The APR based Apache Tomcat Native library which allows optimal performance in production environments was not found on the java.library.path: /Users/junyipeng/Library/Java/Extensions:/Library/Java/Extensions:/Network/Library/Java/Extensions:/System/Library/Java/Extensions:/usr/lib/java:.
Oct 18, 2017 8:57:55 PM org.apache.coyote.AbstractProtocol init
INFO: Initializing ProtocolHandler ["http-bio-80"]
Oct 18, 2017 8:57:55 PM org.apache.coyote.AbstractProtocol init
INFO: Initializing ProtocolHandler ["ajp-bio-8009"]
Oct 18, 2017 8:57:55 PM org.apache.catalina.startup.Catalina load
INFO: Initialization processed in 528 ms
Oct 18, 2017 8:57:55 PM org.apache.catalina.core.StandardService startInternal
INFO: Starting service Catalina
Oct 18, 2017 8:57:55 PM org.apache.catalina.core.StandardEngine startInternal
INFO: Starting Servlet Engine: Apache Tomcat/7.0.34
Oct 18, 2017 8:57:55 PM org.apache.catalina.startup.HostConfig deployDirectory
INFO: Deploying web application directory /Users/junyipeng/apache-tomcat-7.0.34/webapps/hw
Oct 18, 2017 8:57:55 PM org.apache.catalina.startup.HostConfig deployDirectory
INFO: Deploying web application directory /Users/junyipeng/apache-tomcat-7.0.34/webapps/zhou
Oct 18, 2017 8:57:56 PM org.apache.catalina.startup.HostConfig deployDirectory
INFO: Deploying web application directory /Users/junyipeng/apache-tomcat-7.0.34/webapps/docs
Oct 18, 2017 8:57:56 PM org.apache.catalina.startup.HostConfig deployDirectory
INFO: Deploying web application directory /Users/junyipeng/apache-tomcat-7.0.34/webapps/peng
Oct 18, 2017 8:57:56 PM org.apache.catalina.startup.HostConfig deployDirectory
INFO: Deploying web application directory /Users/junyipeng/apache-tomcat-7.0.34/webapps/manager
Oct 18, 2017 8:57:56 PM org.apache.catalina.startup.HostConfig deployDirectory
INFO: Deploying web application directory /Users/junyipeng/apache-tomcat-7.0.34/webapps/yi
Oct 18, 2017 8:57:57 PM org.apache.catalina.startup.HostConfig deployDirectory
INFO: Deploying web application directory /Users/junyipeng/apache-tomcat-7.0.34/webapps/examples
Oct 18, 2017 8:57:57 PM org.apache.catalina.startup.HostConfig deployDirectory
INFO: Deploying web application directory /Users/junyipeng/apache-tomcat-7.0.34/webapps/csj
Oct 18, 2017 8:57:57 PM org.apache.catalina.startup.HostConfig deployDirectory
INFO: Deploying web application directory /Users/junyipeng/apache-tomcat-7.0.34/webapps/ROOT
Oct 18, 2017 8:57:57 PM org.apache.catalina.startup.HostConfig deployDirectory
INFO: Deploying web application directory /Users/junyipeng/apache-tomcat-7.0.34/webapps/.git
Oct 18, 2017 8:57:57 PM org.apache.catalina.startup.HostConfig deployDirectory
INFO: Deploying web application directory /Users/junyipeng/apache-tomcat-7.0.34/webapps/host-manager
Oct 18, 2017 8:57:57 PM org.apache.catalina.startup.HostConfig deployDirectory
INFO: Deploying web application directory /Users/junyipeng/apache-tomcat-7.0.34/webapps/jun
Oct 18, 2017 8:57:57 PM org.apache.coyote.AbstractProtocol start
INFO: Starting ProtocolHandler ["http-bio-80"]
Oct 18, 2017 8:57:57 PM org.apache.coyote.AbstractProtocol start
INFO: Starting ProtocolHandler ["ajp-bio-8009"]
Oct 18, 2017 8:57:57 PM org.apache.catalina.startup.Catalina start
INFO: Server startup in 2095 ms
Oct 18, 2017 9:03:17 PM org.apache.catalina.core.StandardContext reload
INFO: Reloading Context with name [/hw] has started
Oct 18, 2017 9:03:18 PM org.apache.catalina.core.StandardContext reload
INFO: Reloading Context with name [/hw] is completed
Oct 18, 2017 9:07:57 PM org.apache.coyote.AbstractProtocol pause
INFO: Pausing ProtocolHandler ["http-bio-80"]
Oct 18, 2017 9:07:57 PM org.apache.coyote.AbstractProtocol pause
INFO: Pausing ProtocolHandler ["ajp-bio-8009"]
Oct 18, 2017 9:07:57 PM org.apache.catalina.core.StandardService stopInternal
INFO: Stopping service Catalina
Oct 18, 2017 9:07:57 PM org.apache.coyote.AbstractProtocol stop
INFO: Stopping ProtocolHandler ["http-bio-80"]
Oct 18, 2017 9:07:57 PM org.apache.coyote.AbstractProtocol stop
INFO: Stopping ProtocolHandler ["ajp-bio-8009"]
Oct 18, 2017 9:07:57 PM org.apache.coyote.AbstractProtocol destroy
INFO: Destroying ProtocolHandler ["http-bio-80"]
Oct 18, 2017 9:07:57 PM org.apache.coyote.AbstractProtocol destroy
INFO: Destroying ProtocolHandler ["ajp-bio-8009"]
Oct 18, 2017 9:07:59 PM org.apache.catalina.core.AprLifecycleListener init
INFO: The APR based Apache Tomcat Native library which allows optimal performance in production environments was not found on the java.library.path: /Users/junyipeng/Library/Java/Extensions:/Library/Java/Extensions:/Network/Library/Java/Extensions:/System/Library/Java/Extensions:/usr/lib/java:.
Oct 18, 2017 9:07:59 PM org.apache.coyote.AbstractProtocol init
INFO: Initializing ProtocolHandler ["http-bio-80"]
Oct 18, 2017 9:07:59 PM org.apache.coyote.AbstractProtocol init
INFO: Initializing ProtocolHandler ["ajp-bio-8009"]
Oct 18, 2017 9:07:59 PM org.apache.catalina.startup.Catalina load
INFO: Initialization processed in 522 ms
Oct 18, 2017 9:07:59 PM org.apache.catalina.core.StandardService startInternal
INFO: Starting service Catalina
Oct 18, 2017 9:07:59 PM org.apache.catalina.core.StandardEngine startInternal
INFO: Starting Servlet Engine: Apache Tomcat/7.0.34
Oct 18, 2017 9:07:59 PM org.apache.catalina.startup.HostConfig deployDirectory
INFO: Deploying web application directory /Users/junyipeng/apache-tomcat-7.0.34/webapps/hw
Oct 18, 2017 9:07:59 PM org.apache.catalina.startup.HostConfig deployDirectory
INFO: Deploying web application directory /Users/junyipeng/apache-tomcat-7.0.34/webapps/zhou
Oct 18, 2017 9:08:00 PM org.apache.catalina.startup.HostConfig deployDirectory
INFO: Deploying web application directory /Users/junyipeng/apache-tomcat-7.0.34/webapps/docs
Oct 18, 2017 9:08:00 PM org.apache.catalina.startup.HostConfig deployDirectory
INFO: Deploying web application directory /Users/junyipeng/apache-tomcat-7.0.34/webapps/peng
Oct 18, 2017 9:08:00 PM org.apache.catalina.startup.HostConfig deployDirectory
INFO: Deploying web application directory /Users/junyipeng/apache-tomcat-7.0.34/webapps/manager
Oct 18, 2017 9:08:00 PM org.apache.catalina.startup.HostConfig deployDirectory
INFO: Deploying web application directory /Users/junyipeng/apache-tomcat-7.0.34/webapps/yi
Oct 18, 2017 9:08:00 PM org.apache.catalina.startup.HostConfig deployDirectory
INFO: Deploying web application directory /Users/junyipeng/apache-tomcat-7.0.34/webapps/examples
Oct 18, 2017 9:08:01 PM org.apache.catalina.startup.HostConfig deployDirectory
INFO: Deploying web application directory /Users/junyipeng/apache-tomcat-7.0.34/webapps/csj
Oct 18, 2017 9:08:01 PM org.apache.catalina.startup.HostConfig deployDirectory
INFO: Deploying web application directory /Users/junyipeng/apache-tomcat-7.0.34/webapps/ROOT
Oct 18, 2017 9:08:01 PM org.apache.catalina.startup.HostConfig deployDirectory
INFO: Deploying web application directory /Users/junyipeng/apache-tomcat-7.0.34/webapps/.git
Oct 18, 2017 9:08:01 PM org.apache.catalina.startup.HostConfig deployDirectory
INFO: Deploying web application directory /Users/junyipeng/apache-tomcat-7.0.34/webapps/host-manager
Oct 18, 2017 9:08:01 PM org.apache.catalina.startup.HostConfig deployDirectory
INFO: Deploying web application directory /Users/junyipeng/apache-tomcat-7.0.34/webapps/jun
Oct 18, 2017 9:08:01 PM org.apache.coyote.AbstractProtocol start
INFO: Starting ProtocolHandler ["http-bio-80"]
Oct 18, 2017 9:08:01 PM org.apache.coyote.AbstractProtocol start
INFO: Starting ProtocolHandler ["ajp-bio-8009"]
Oct 18, 2017 9:08:01 PM org.apache.catalina.startup.Catalina start
INFO: Server startup in 2167 ms
Oct 18, 2017 9:10:36 PM org.apache.coyote.AbstractProtocol pause
INFO: Pausing ProtocolHandler ["http-bio-80"]
Oct 18, 2017 9:10:36 PM org.apache.coyote.AbstractProtocol pause
INFO: Pausing ProtocolHandler ["ajp-bio-8009"]
Oct 18, 2017 9:10:36 PM org.apache.catalina.core.StandardService stopInternal
INFO: Stopping service Catalina
Oct 18, 2017 9:10:36 PM org.apache.coyote.AbstractProtocol stop
INFO: Stopping ProtocolHandler ["http-bio-80"]
Oct 18, 2017 9:10:36 PM org.apache.coyote.AbstractProtocol stop
INFO: Stopping ProtocolHandler ["ajp-bio-8009"]
Oct 18, 2017 9:10:36 PM org.apache.coyote.AbstractProtocol destroy
INFO: Destroying ProtocolHandler ["http-bio-80"]
Oct 18, 2017 9:10:36 PM org.apache.coyote.AbstractProtocol destroy
INFO: Destroying ProtocolHandler ["ajp-bio-8009"]
Oct 18, 2017 9:10:38 PM org.apache.catalina.core.AprLifecycleListener init
INFO: The APR based Apache Tomcat Native library which allows optimal performance in production environments was not found on the java.library.path: /Users/junyipeng/Library/Java/Extensions:/Library/Java/Extensions:/Network/Library/Java/Extensions:/System/Library/Java/Extensions:/usr/lib/java:.
Oct 18, 2017 9:10:38 PM org.apache.coyote.AbstractProtocol init
INFO: Initializing ProtocolHandler ["http-bio-80"]
Oct 18, 2017 9:10:38 PM org.apache.coyote.AbstractProtocol init
INFO: Initializing ProtocolHandler ["ajp-bio-8009"]
Oct 18, 2017 9:10:38 PM org.apache.catalina.startup.Catalina load
INFO: Initialization processed in 505 ms
Oct 18, 2017 9:10:39 PM org.apache.catalina.core.StandardService startInternal
INFO: Starting service Catalina
Oct 18, 2017 9:10:39 PM org.apache.catalina.core.StandardEngine startInternal
INFO: Starting Servlet Engine: Apache Tomcat/7.0.34
Oct 18, 2017 9:10:39 PM org.apache.catalina.startup.HostConfig deployDirectory
INFO: Deploying web application directory /Users/junyipeng/apache-tomcat-7.0.34/webapps/hw
Oct 18, 2017 9:10:39 PM org.apache.catalina.startup.HostConfig deployDirectory
INFO: Deploying web application directory /Users/junyipeng/apache-tomcat-7.0.34/webapps/zhou
Oct 18, 2017 9:10:39 PM org.apache.catalina.startup.HostConfig deployDirectory
INFO: Deploying web application directory /Users/junyipeng/apache-tomcat-7.0.34/webapps/docs
Oct 18, 2017 9:10:39 PM org.apache.catalina.startup.HostConfig deployDirectory
INFO: Deploying web application directory /Users/junyipeng/apache-tomcat-7.0.34/webapps/peng
Oct 18, 2017 9:10:39 PM org.apache.catalina.startup.HostConfig deployDirectory
INFO: Deploying web application directory /Users/junyipeng/apache-tomcat-7.0.34/webapps/manager
Oct 18, 2017 9:10:39 PM org.apache.catalina.startup.HostConfig deployDirectory
INFO: Deploying web application directory /Users/junyipeng/apache-tomcat-7.0.34/webapps/yi
Oct 18, 2017 9:10:40 PM org.apache.catalina.startup.HostConfig deployDirectory
INFO: Deploying web application directory /Users/junyipeng/apache-tomcat-7.0.34/webapps/examples
Oct 18, 2017 9:10:40 PM org.apache.catalina.startup.HostConfig deployDirectory
INFO: Deploying web application directory /Users/junyipeng/apache-tomcat-7.0.34/webapps/csj
Oct 18, 2017 9:10:40 PM org.apache.catalina.startup.HostConfig deployDirectory
INFO: Deploying web application directory /Users/junyipeng/apache-tomcat-7.0.34/webapps/ROOT
Oct 18, 2017 9:10:40 PM org.apache.catalina.startup.HostConfig deployDirectory
INFO: Deploying web application directory /Users/junyipeng/apache-tomcat-7.0.34/webapps/.git
Oct 18, 2017 9:10:40 PM org.apache.catalina.startup.HostConfig deployDirectory
INFO: Deploying web application directory /Users/junyipeng/apache-tomcat-7.0.34/webapps/host-manager
Oct 18, 2017 9:10:41 PM org.apache.catalina.startup.HostConfig deployDirectory
INFO: Deploying web application directory /Users/junyipeng/apache-tomcat-7.0.34/webapps/jun
Oct 18, 2017 9:10:41 PM org.apache.coyote.AbstractProtocol start
INFO: Starting ProtocolHandler ["http-bio-80"]
Oct 18, 2017 9:10:41 PM org.apache.coyote.AbstractProtocol start
INFO: Starting ProtocolHandler ["ajp-bio-8009"]
Oct 18, 2017 9:10:41 PM org.apache.catalina.startup.Catalina start
INFO: Server startup in 2056 ms
Oct 18, 2017 9:12:11 PM org.apache.catalina.core.StandardContext reload
INFO: Reloading Context with name [/hw] has started
Oct 18, 2017 9:12:11 PM org.apache.catalina.core.StandardContext reload
INFO: Reloading Context with name [/hw] is completed
Oct 18, 2017 9:16:01 PM org.apache.catalina.core.StandardContext reload
INFO: Reloading Context with name [/hw] has started
Oct 18, 2017 9:16:02 PM org.apache.catalina.core.StandardContext reload
INFO: Reloading Context with name [/hw] is completed
Oct 18, 2017 9:18:22 PM org.apache.catalina.core.StandardContext reload
INFO: Reloading Context with name [/hw] has started
Oct 18, 2017 9:18:22 PM org.apache.catalina.core.StandardContext reload
INFO: Reloading Context with name [/hw] is completed
