Nov 13, 2017 12:00:37 AM org.apache.catalina.core.StandardContext reload
INFO: Reloading Context with name [/Hotel] has started
Nov 13, 2017 12:00:38 AM org.apache.catalina.core.StandardContext reload
INFO: Reloading Context with name [/Hotel] is completed
Nov 13, 2017 12:00:43 AM org.apache.coyote.AbstractProtocol pause
INFO: Pausing ProtocolHandler ["http-bio-80"]
Nov 13, 2017 12:00:43 AM org.apache.coyote.AbstractProtocol pause
INFO: Pausing ProtocolHandler ["ajp-bio-8009"]
Nov 13, 2017 12:00:43 AM org.apache.catalina.core.StandardService stopInternal
INFO: Stopping service Catalina
Nov 13, 2017 12:00:43 AM org.apache.catalina.loader.WebappClassLoader clearReferencesThreads
SEVERE: The web application [/Hotel copy] appears to have started a thread named [Abandoned connection cleanup thread] but has failed to stop it. This is very likely to create a memory leak.
Nov 13, 2017 12:00:43 AM org.apache.catalina.loader.WebappClassLoader loadClass
INFO: Illegal access: this web application instance has been stopped already.  Could not load java.util.concurrent.ConcurrentHashMap.  The eventual following stack trace is caused by an error thrown for debugging purposes as well as to attempt to terminate the thread which caused the illegal access, and has no functional impact.
java.lang.IllegalStateException
	at org.apache.catalina.loader.WebappClassLoader.loadClass(WebappClassLoader.java:1600)
	at org.apache.catalina.loader.WebappClassLoader.loadClass(WebappClassLoader.java:1559)
	at com.mysql.jdbc.NonRegisteringDriver.<clinit>(NonRegisteringDriver.java:71)
	at com.mysql.jdbc.AbandonedConnectionCleanupThread.run(AbandonedConnectionCleanupThread.java:64)
	at java.util.concurrent.ThreadPoolExecutor.runWorker(ThreadPoolExecutor.java:1142)
	at java.util.concurrent.ThreadPoolExecutor$Worker.run(ThreadPoolExecutor.java:617)
	at java.lang.Thread.run(Thread.java:745)

Nov 13, 2017 12:00:43 AM org.apache.catalina.loader.WebappClassLoader loadClass
INFO: Illegal access: this web application instance has been stopped already.  Could not load java.lang.ref.ReferenceQueue.  The eventual following stack trace is caused by an error thrown for debugging purposes as well as to attempt to terminate the thread which caused the illegal access, and has no functional impact.
java.lang.IllegalStateException
	at org.apache.catalina.loader.WebappClassLoader.loadClass(WebappClassLoader.java:1600)
	at org.apache.catalina.loader.WebappClassLoader.loadClass(WebappClassLoader.java:1559)
	at com.mysql.jdbc.NonRegisteringDriver.<clinit>(NonRegisteringDriver.java:73)
	at com.mysql.jdbc.AbandonedConnectionCleanupThread.run(AbandonedConnectionCleanupThread.java:64)
	at java.util.concurrent.ThreadPoolExecutor.runWorker(ThreadPoolExecutor.java:1142)
	at java.util.concurrent.ThreadPoolExecutor$Worker.run(ThreadPoolExecutor.java:617)
	at java.lang.Thread.run(Thread.java:745)

Nov 13, 2017 12:00:43 AM org.apache.coyote.AbstractProtocol stop
INFO: Stopping ProtocolHandler ["http-bio-80"]
Nov 13, 2017 12:00:43 AM org.apache.coyote.AbstractProtocol stop
INFO: Stopping ProtocolHandler ["ajp-bio-8009"]
Nov 13, 2017 12:00:43 AM org.apache.coyote.AbstractProtocol destroy
INFO: Destroying ProtocolHandler ["http-bio-80"]
Nov 13, 2017 12:00:43 AM org.apache.coyote.AbstractProtocol destroy
INFO: Destroying ProtocolHandler ["ajp-bio-8009"]
Nov 13, 2017 12:00:44 AM org.apache.catalina.core.AprLifecycleListener init
INFO: The APR based Apache Tomcat Native library which allows optimal performance in production environments was not found on the java.library.path: /Users/junyipeng/Library/Java/Extensions:/Library/Java/Extensions:/Network/Library/Java/Extensions:/System/Library/Java/Extensions:/usr/lib/java:.
Nov 13, 2017 12:00:44 AM org.apache.coyote.AbstractProtocol init
INFO: Initializing ProtocolHandler ["http-bio-80"]
Nov 13, 2017 12:00:44 AM org.apache.coyote.AbstractProtocol init
INFO: Initializing ProtocolHandler ["ajp-bio-8009"]
Nov 13, 2017 12:00:44 AM org.apache.catalina.startup.Catalina load
INFO: Initialization processed in 541 ms
Nov 13, 2017 12:00:44 AM org.apache.catalina.core.StandardService startInternal
INFO: Starting service Catalina
Nov 13, 2017 12:00:44 AM org.apache.catalina.core.StandardEngine startInternal
INFO: Starting Servlet Engine: Apache Tomcat/7.0.34
Nov 13, 2017 12:00:45 AM org.apache.catalina.startup.HostConfig deployDirectory
INFO: Deploying web application directory /Users/junyipeng/apache-tomcat-7.0.34/webapps/Hotel copy
Nov 13, 2017 12:00:45 AM org.apache.catalina.startup.HostConfig deployDirectory
INFO: Deploying web application directory /Users/junyipeng/apache-tomcat-7.0.34/webapps/hw4
Nov 13, 2017 12:00:46 AM org.apache.catalina.startup.HostConfig deployDirectory
INFO: Deploying web application directory /Users/junyipeng/apache-tomcat-7.0.34/webapps/hw3
Nov 13, 2017 12:00:46 AM org.apache.catalina.startup.HostConfig deployDirectory
INFO: Deploying web application directory /Users/junyipeng/apache-tomcat-7.0.34/webapps/hw
Nov 13, 2017 12:00:46 AM org.apache.catalina.startup.HostConfig deployDirectory
INFO: Deploying web application directory /Users/junyipeng/apache-tomcat-7.0.34/webapps/Hotel
Nov 13, 2017 12:00:46 AM org.apache.catalina.startup.HostConfig deployDirectory
INFO: Deploying web application directory /Users/junyipeng/apache-tomcat-7.0.34/webapps/docs
Nov 13, 2017 12:00:46 AM org.apache.catalina.startup.HostConfig deployDirectory
INFO: Deploying web application directory /Users/junyipeng/apache-tomcat-7.0.34/webapps/project
Nov 13, 2017 12:00:47 AM org.apache.catalina.startup.HostConfig deployDirectory
INFO: Deploying web application directory /Users/junyipeng/apache-tomcat-7.0.34/webapps/manager
Nov 13, 2017 12:00:47 AM org.apache.catalina.startup.HostConfig deployDirectory
INFO: Deploying web application directory /Users/junyipeng/apache-tomcat-7.0.34/webapps/hw0
Nov 13, 2017 12:00:47 AM org.apache.catalina.startup.HostConfig deployDirectory
INFO: Deploying web application directory /Users/junyipeng/apache-tomcat-7.0.34/webapps/examples
Nov 13, 2017 12:00:47 AM org.apache.catalina.startup.HostConfig deployDirectory
INFO: Deploying web application directory /Users/junyipeng/apache-tomcat-7.0.34/webapps/csj
Nov 13, 2017 12:00:47 AM org.apache.catalina.startup.HostConfig deployDirectory
INFO: Deploying web application directory /Users/junyipeng/apache-tomcat-7.0.34/webapps/ROOT
Nov 13, 2017 12:00:47 AM org.apache.catalina.startup.HostConfig deployDirectory
INFO: Deploying web application directory /Users/junyipeng/apache-tomcat-7.0.34/webapps/.git
Nov 13, 2017 12:00:48 AM org.apache.catalina.startup.HostConfig deployDirectory
INFO: Deploying web application directory /Users/junyipeng/apache-tomcat-7.0.34/webapps/host-manager
Nov 13, 2017 12:00:48 AM org.apache.catalina.startup.HostConfig deployDirectory
INFO: Deploying web application directory /Users/junyipeng/apache-tomcat-7.0.34/webapps/ajax
Nov 13, 2017 12:00:48 AM org.apache.coyote.AbstractProtocol start
INFO: Starting ProtocolHandler ["http-bio-80"]
Nov 13, 2017 12:00:48 AM org.apache.coyote.AbstractProtocol start
INFO: Starting ProtocolHandler ["ajp-bio-8009"]
Nov 13, 2017 12:00:48 AM org.apache.catalina.startup.Catalina start
INFO: Server startup in 3752 ms
Nov 13, 2017 12:05:41 AM org.apache.coyote.AbstractProtocol pause
INFO: Pausing ProtocolHandler ["http-bio-80"]
Nov 13, 2017 12:05:41 AM org.apache.coyote.AbstractProtocol pause
INFO: Pausing ProtocolHandler ["ajp-bio-8009"]
Nov 13, 2017 12:05:41 AM org.apache.catalina.core.StandardService stopInternal
INFO: Stopping service Catalina
Nov 13, 2017 12:05:41 AM org.apache.catalina.loader.WebappClassLoader clearReferencesJdbc
SEVERE: The web application [/Hotel copy] registered the JDBC driver [com.mysql.jdbc.Driver] but failed to unregister it when the web application was stopped. To prevent a memory leak, the JDBC Driver has been forcibly unregistered.
Nov 13, 2017 12:05:41 AM org.apache.coyote.AbstractProtocol stop
INFO: Stopping ProtocolHandler ["http-bio-80"]
Nov 13, 2017 12:05:41 AM org.apache.coyote.AbstractProtocol stop
INFO: Stopping ProtocolHandler ["ajp-bio-8009"]
Nov 13, 2017 12:05:41 AM org.apache.coyote.AbstractProtocol destroy
INFO: Destroying ProtocolHandler ["http-bio-80"]
Nov 13, 2017 12:05:41 AM org.apache.coyote.AbstractProtocol destroy
INFO: Destroying ProtocolHandler ["ajp-bio-8009"]
Nov 13, 2017 12:05:45 AM org.apache.catalina.core.AprLifecycleListener init
INFO: The APR based Apache Tomcat Native library which allows optimal performance in production environments was not found on the java.library.path: /Users/junyipeng/Library/Java/Extensions:/Library/Java/Extensions:/Network/Library/Java/Extensions:/System/Library/Java/Extensions:/usr/lib/java:.
Nov 13, 2017 12:05:45 AM org.apache.coyote.AbstractProtocol init
INFO: Initializing ProtocolHandler ["http-bio-80"]
Nov 13, 2017 12:05:45 AM org.apache.coyote.AbstractProtocol init
INFO: Initializing ProtocolHandler ["ajp-bio-8009"]
Nov 13, 2017 12:05:45 AM org.apache.catalina.startup.Catalina load
INFO: Initialization processed in 525 ms
Nov 13, 2017 12:05:45 AM org.apache.catalina.core.StandardService startInternal
INFO: Starting service Catalina
Nov 13, 2017 12:05:45 AM org.apache.catalina.core.StandardEngine startInternal
INFO: Starting Servlet Engine: Apache Tomcat/7.0.34
Nov 13, 2017 12:05:45 AM org.apache.catalina.startup.HostConfig deployDirectory
INFO: Deploying web application directory /Users/junyipeng/apache-tomcat-7.0.34/webapps/Hotel copy
Nov 13, 2017 12:05:46 AM org.apache.catalina.startup.HostConfig deployDirectory
INFO: Deploying web application directory /Users/junyipeng/apache-tomcat-7.0.34/webapps/hw4
Nov 13, 2017 12:05:46 AM org.apache.catalina.startup.HostConfig deployDirectory
INFO: Deploying web application directory /Users/junyipeng/apache-tomcat-7.0.34/webapps/hw3
Nov 13, 2017 12:05:46 AM org.apache.catalina.startup.HostConfig deployDirectory
INFO: Deploying web application directory /Users/junyipeng/apache-tomcat-7.0.34/webapps/hw
Nov 13, 2017 12:05:46 AM org.apache.catalina.startup.HostConfig deployDirectory
INFO: Deploying web application directory /Users/junyipeng/apache-tomcat-7.0.34/webapps/Hotel
Nov 13, 2017 12:05:47 AM org.apache.catalina.startup.HostConfig deployDirectory
INFO: Deploying web application directory /Users/junyipeng/apache-tomcat-7.0.34/webapps/docs
Nov 13, 2017 12:05:47 AM org.apache.catalina.startup.HostConfig deployDirectory
INFO: Deploying web application directory /Users/junyipeng/apache-tomcat-7.0.34/webapps/project
Nov 13, 2017 12:05:47 AM org.apache.catalina.startup.HostConfig deployDirectory
INFO: Deploying web application directory /Users/junyipeng/apache-tomcat-7.0.34/webapps/manager
Nov 13, 2017 12:05:48 AM org.apache.catalina.startup.HostConfig deployDirectory
INFO: Deploying web application directory /Users/junyipeng/apache-tomcat-7.0.34/webapps/hw0
Nov 13, 2017 12:05:48 AM org.apache.catalina.startup.HostConfig deployDirectory
INFO: Deploying web application directory /Users/junyipeng/apache-tomcat-7.0.34/webapps/examples
Nov 13, 2017 12:05:48 AM org.apache.catalina.startup.HostConfig deployDirectory
INFO: Deploying web application directory /Users/junyipeng/apache-tomcat-7.0.34/webapps/csj
Nov 13, 2017 12:05:48 AM org.apache.catalina.startup.HostConfig deployDirectory
INFO: Deploying web application directory /Users/junyipeng/apache-tomcat-7.0.34/webapps/ROOT
Nov 13, 2017 12:05:48 AM org.apache.catalina.startup.HostConfig deployDirectory
INFO: Deploying web application directory /Users/junyipeng/apache-tomcat-7.0.34/webapps/.git
Nov 13, 2017 12:05:48 AM org.apache.catalina.startup.HostConfig deployDirectory
INFO: Deploying web application directory /Users/junyipeng/apache-tomcat-7.0.34/webapps/host-manager
Nov 13, 2017 12:05:48 AM org.apache.catalina.startup.HostConfig deployDirectory
INFO: Deploying web application directory /Users/junyipeng/apache-tomcat-7.0.34/webapps/ajax
Nov 13, 2017 12:05:49 AM org.apache.coyote.AbstractProtocol start
INFO: Starting ProtocolHandler ["http-bio-80"]
Nov 13, 2017 12:05:49 AM org.apache.coyote.AbstractProtocol start
INFO: Starting ProtocolHandler ["ajp-bio-8009"]
Nov 13, 2017 12:05:49 AM org.apache.catalina.startup.Catalina start
INFO: Server startup in 3706 ms
Nov 13, 2017 12:08:59 AM org.apache.coyote.AbstractProtocol pause
INFO: Pausing ProtocolHandler ["http-bio-80"]
Nov 13, 2017 12:08:59 AM org.apache.coyote.AbstractProtocol pause
INFO: Pausing ProtocolHandler ["ajp-bio-8009"]
Nov 13, 2017 12:08:59 AM org.apache.catalina.core.StandardService stopInternal
INFO: Stopping service Catalina
Nov 13, 2017 12:08:59 AM org.apache.catalina.loader.WebappClassLoader clearReferencesJdbc
SEVERE: The web application [/Hotel copy] registered the JDBC driver [com.mysql.jdbc.Driver] but failed to unregister it when the web application was stopped. To prevent a memory leak, the JDBC Driver has been forcibly unregistered.
Nov 13, 2017 12:08:59 AM org.apache.coyote.AbstractProtocol stop
INFO: Stopping ProtocolHandler ["http-bio-80"]
Nov 13, 2017 12:08:59 AM org.apache.coyote.AbstractProtocol stop
INFO: Stopping ProtocolHandler ["ajp-bio-8009"]
Nov 13, 2017 12:08:59 AM org.apache.coyote.AbstractProtocol destroy
INFO: Destroying ProtocolHandler ["http-bio-80"]
Nov 13, 2017 12:08:59 AM org.apache.coyote.AbstractProtocol destroy
INFO: Destroying ProtocolHandler ["ajp-bio-8009"]
Nov 13, 2017 12:09:00 AM org.apache.catalina.core.AprLifecycleListener init
INFO: The APR based Apache Tomcat Native library which allows optimal performance in production environments was not found on the java.library.path: /Users/junyipeng/Library/Java/Extensions:/Library/Java/Extensions:/Network/Library/Java/Extensions:/System/Library/Java/Extensions:/usr/lib/java:.
Nov 13, 2017 12:09:01 AM org.apache.coyote.AbstractProtocol init
INFO: Initializing ProtocolHandler ["http-bio-80"]
Nov 13, 2017 12:09:01 AM org.apache.coyote.AbstractProtocol init
INFO: Initializing ProtocolHandler ["ajp-bio-8009"]
Nov 13, 2017 12:09:01 AM org.apache.catalina.startup.Catalina load
INFO: Initialization processed in 519 ms
Nov 13, 2017 12:09:01 AM org.apache.catalina.core.StandardService startInternal
INFO: Starting service Catalina
Nov 13, 2017 12:09:01 AM org.apache.catalina.core.StandardEngine startInternal
INFO: Starting Servlet Engine: Apache Tomcat/7.0.34
Nov 13, 2017 12:09:01 AM org.apache.catalina.startup.HostConfig deployDirectory
INFO: Deploying web application directory /Users/junyipeng/apache-tomcat-7.0.34/webapps/Hotel copy
Nov 13, 2017 12:09:02 AM org.apache.catalina.startup.HostConfig deployDirectory
INFO: Deploying web application directory /Users/junyipeng/apache-tomcat-7.0.34/webapps/hw4
Nov 13, 2017 12:09:02 AM org.apache.catalina.startup.HostConfig deployDirectory
INFO: Deploying web application directory /Users/junyipeng/apache-tomcat-7.0.34/webapps/hw3
Nov 13, 2017 12:09:02 AM org.apache.catalina.startup.HostConfig deployDirectory
INFO: Deploying web application directory /Users/junyipeng/apache-tomcat-7.0.34/webapps/hw
Nov 13, 2017 12:09:02 AM org.apache.catalina.startup.HostConfig deployDirectory
INFO: Deploying web application directory /Users/junyipeng/apache-tomcat-7.0.34/webapps/Hotel
Nov 13, 2017 12:09:03 AM org.apache.catalina.startup.HostConfig deployDirectory
INFO: Deploying web application directory /Users/junyipeng/apache-tomcat-7.0.34/webapps/docs
Nov 13, 2017 12:09:03 AM org.apache.catalina.startup.HostConfig deployDirectory
INFO: Deploying web application directory /Users/junyipeng/apache-tomcat-7.0.34/webapps/project
Nov 13, 2017 12:09:03 AM org.apache.catalina.startup.HostConfig deployDirectory
INFO: Deploying web application directory /Users/junyipeng/apache-tomcat-7.0.34/webapps/manager
Nov 13, 2017 12:09:03 AM org.apache.catalina.startup.HostConfig deployDirectory
INFO: Deploying web application directory /Users/junyipeng/apache-tomcat-7.0.34/webapps/hw0
Nov 13, 2017 12:09:03 AM org.apache.catalina.startup.HostConfig deployDirectory
INFO: Deploying web application directory /Users/junyipeng/apache-tomcat-7.0.34/webapps/examples
Nov 13, 2017 12:09:03 AM org.apache.catalina.startup.HostConfig deployDirectory
INFO: Deploying web application directory /Users/junyipeng/apache-tomcat-7.0.34/webapps/csj
Nov 13, 2017 12:09:03 AM org.apache.catalina.startup.HostConfig deployDirectory
INFO: Deploying web application directory /Users/junyipeng/apache-tomcat-7.0.34/webapps/ROOT
Nov 13, 2017 12:09:03 AM org.apache.catalina.startup.HostConfig deployDirectory
INFO: Deploying web application directory /Users/junyipeng/apache-tomcat-7.0.34/webapps/.git
Nov 13, 2017 12:09:04 AM org.apache.catalina.startup.HostConfig deployDirectory
INFO: Deploying web application directory /Users/junyipeng/apache-tomcat-7.0.34/webapps/host-manager
Nov 13, 2017 12:09:04 AM org.apache.catalina.startup.HostConfig deployDirectory
INFO: Deploying web application directory /Users/junyipeng/apache-tomcat-7.0.34/webapps/ajax
Nov 13, 2017 12:09:04 AM org.apache.coyote.AbstractProtocol start
INFO: Starting ProtocolHandler ["http-bio-80"]
Nov 13, 2017 12:09:04 AM org.apache.coyote.AbstractProtocol start
INFO: Starting ProtocolHandler ["ajp-bio-8009"]
Nov 13, 2017 12:09:04 AM org.apache.catalina.startup.Catalina start
INFO: Server startup in 3600 ms
Nov 13, 2017 12:16:17 AM org.apache.coyote.AbstractProtocol pause
INFO: Pausing ProtocolHandler ["http-bio-80"]
Nov 13, 2017 12:16:17 AM org.apache.coyote.AbstractProtocol pause
INFO: Pausing ProtocolHandler ["ajp-bio-8009"]
Nov 13, 2017 12:16:17 AM org.apache.catalina.core.StandardService stopInternal
INFO: Stopping service Catalina
Nov 13, 2017 12:16:17 AM org.apache.catalina.loader.WebappClassLoader clearReferencesJdbc
SEVERE: The web application [/Hotel copy] registered the JDBC driver [com.mysql.jdbc.Driver] but failed to unregister it when the web application was stopped. To prevent a memory leak, the JDBC Driver has been forcibly unregistered.
Nov 13, 2017 12:16:17 AM org.apache.coyote.AbstractProtocol stop
INFO: Stopping ProtocolHandler ["http-bio-80"]
Nov 13, 2017 12:16:17 AM org.apache.coyote.AbstractProtocol stop
INFO: Stopping ProtocolHandler ["ajp-bio-8009"]
Nov 13, 2017 12:16:17 AM org.apache.coyote.AbstractProtocol destroy
INFO: Destroying ProtocolHandler ["http-bio-80"]
Nov 13, 2017 12:16:17 AM org.apache.coyote.AbstractProtocol destroy
INFO: Destroying ProtocolHandler ["ajp-bio-8009"]
Nov 13, 2017 12:16:18 AM org.apache.catalina.core.AprLifecycleListener init
INFO: The APR based Apache Tomcat Native library which allows optimal performance in production environments was not found on the java.library.path: /Users/junyipeng/Library/Java/Extensions:/Library/Java/Extensions:/Network/Library/Java/Extensions:/System/Library/Java/Extensions:/usr/lib/java:.
Nov 13, 2017 12:16:19 AM org.apache.coyote.AbstractProtocol init
INFO: Initializing ProtocolHandler ["http-bio-80"]
Nov 13, 2017 12:16:19 AM org.apache.coyote.AbstractProtocol init
INFO: Initializing ProtocolHandler ["ajp-bio-8009"]
Nov 13, 2017 12:16:19 AM org.apache.catalina.startup.Catalina load
INFO: Initialization processed in 569 ms
Nov 13, 2017 12:16:19 AM org.apache.catalina.core.StandardService startInternal
INFO: Starting service Catalina
Nov 13, 2017 12:16:19 AM org.apache.catalina.core.StandardEngine startInternal
INFO: Starting Servlet Engine: Apache Tomcat/7.0.34
Nov 13, 2017 12:16:19 AM org.apache.catalina.startup.HostConfig deployDirectory
INFO: Deploying web application directory /Users/junyipeng/apache-tomcat-7.0.34/webapps/Hotel copy
Nov 13, 2017 12:16:20 AM org.apache.catalina.startup.HostConfig deployDirectory
INFO: Deploying web application directory /Users/junyipeng/apache-tomcat-7.0.34/webapps/hw4
Nov 13, 2017 12:16:20 AM org.apache.catalina.startup.HostConfig deployDirectory
INFO: Deploying web application directory /Users/junyipeng/apache-tomcat-7.0.34/webapps/hw3
Nov 13, 2017 12:16:20 AM org.apache.catalina.startup.HostConfig deployDirectory
INFO: Deploying web application directory /Users/junyipeng/apache-tomcat-7.0.34/webapps/hw
Nov 13, 2017 12:16:20 AM org.apache.catalina.startup.HostConfig deployDirectory
INFO: Deploying web application directory /Users/junyipeng/apache-tomcat-7.0.34/webapps/Hotel
Nov 13, 2017 12:16:21 AM org.apache.catalina.startup.HostConfig deployDirectory
INFO: Deploying web application directory /Users/junyipeng/apache-tomcat-7.0.34/webapps/docs
Nov 13, 2017 12:16:21 AM org.apache.catalina.startup.HostConfig deployDirectory
INFO: Deploying web application directory /Users/junyipeng/apache-tomcat-7.0.34/webapps/project
Nov 13, 2017 12:16:21 AM org.apache.catalina.startup.HostConfig deployDirectory
INFO: Deploying web application directory /Users/junyipeng/apache-tomcat-7.0.34/webapps/manager
Nov 13, 2017 12:16:21 AM org.apache.catalina.startup.HostConfig deployDirectory
INFO: Deploying web application directory /Users/junyipeng/apache-tomcat-7.0.34/webapps/hw0
Nov 13, 2017 12:16:21 AM org.apache.catalina.startup.HostConfig deployDirectory
INFO: Deploying web application directory /Users/junyipeng/apache-tomcat-7.0.34/webapps/examples
Nov 13, 2017 12:16:21 AM org.apache.catalina.startup.HostConfig deployDirectory
INFO: Deploying web application directory /Users/junyipeng/apache-tomcat-7.0.34/webapps/csj
Nov 13, 2017 12:16:21 AM org.apache.catalina.startup.HostConfig deployDirectory
INFO: Deploying web application directory /Users/junyipeng/apache-tomcat-7.0.34/webapps/ROOT
Nov 13, 2017 12:16:21 AM org.apache.catalina.startup.HostConfig deployDirectory
INFO: Deploying web application directory /Users/junyipeng/apache-tomcat-7.0.34/webapps/.git
Nov 13, 2017 12:16:22 AM org.apache.catalina.startup.HostConfig deployDirectory
INFO: Deploying web application directory /Users/junyipeng/apache-tomcat-7.0.34/webapps/host-manager
Nov 13, 2017 12:16:22 AM org.apache.catalina.startup.HostConfig deployDirectory
INFO: Deploying web application directory /Users/junyipeng/apache-tomcat-7.0.34/webapps/ajax
Nov 13, 2017 12:16:22 AM org.apache.coyote.AbstractProtocol start
INFO: Starting ProtocolHandler ["http-bio-80"]
Nov 13, 2017 12:16:22 AM org.apache.coyote.AbstractProtocol start
INFO: Starting ProtocolHandler ["ajp-bio-8009"]
Nov 13, 2017 12:16:22 AM org.apache.catalina.startup.Catalina start
INFO: Server startup in 3600 ms
Nov 13, 2017 12:52:30 AM org.apache.coyote.AbstractProtocol pause
INFO: Pausing ProtocolHandler ["http-bio-80"]
Nov 13, 2017 12:52:30 AM org.apache.coyote.AbstractProtocol pause
INFO: Pausing ProtocolHandler ["ajp-bio-8009"]
Nov 13, 2017 12:52:31 AM org.apache.catalina.core.StandardService stopInternal
INFO: Stopping service Catalina
Nov 13, 2017 12:52:31 AM org.apache.catalina.loader.WebappClassLoader clearReferencesJdbc
SEVERE: The web application [/Hotel copy] registered the JDBC driver [com.mysql.jdbc.Driver] but failed to unregister it when the web application was stopped. To prevent a memory leak, the JDBC Driver has been forcibly unregistered.
Nov 13, 2017 12:52:31 AM org.apache.coyote.AbstractProtocol stop
INFO: Stopping ProtocolHandler ["http-bio-80"]
Nov 13, 2017 12:52:31 AM org.apache.coyote.AbstractProtocol stop
INFO: Stopping ProtocolHandler ["ajp-bio-8009"]
Nov 13, 2017 12:52:31 AM org.apache.coyote.AbstractProtocol destroy
INFO: Destroying ProtocolHandler ["http-bio-80"]
Nov 13, 2017 12:52:31 AM org.apache.coyote.AbstractProtocol destroy
INFO: Destroying ProtocolHandler ["ajp-bio-8009"]
Nov 13, 2017 12:52:32 AM org.apache.catalina.core.AprLifecycleListener init
INFO: The APR based Apache Tomcat Native library which allows optimal performance in production environments was not found on the java.library.path: /Users/junyipeng/Library/Java/Extensions:/Library/Java/Extensions:/Network/Library/Java/Extensions:/System/Library/Java/Extensions:/usr/lib/java:.
Nov 13, 2017 12:52:32 AM org.apache.coyote.AbstractProtocol init
INFO: Initializing ProtocolHandler ["http-bio-80"]
Nov 13, 2017 12:52:32 AM org.apache.coyote.AbstractProtocol init
INFO: Initializing ProtocolHandler ["ajp-bio-8009"]
Nov 13, 2017 12:52:32 AM org.apache.catalina.startup.Catalina load
INFO: Initialization processed in 534 ms
Nov 13, 2017 12:52:32 AM org.apache.catalina.core.StandardService startInternal
INFO: Starting service Catalina
Nov 13, 2017 12:52:32 AM org.apache.catalina.core.StandardEngine startInternal
INFO: Starting Servlet Engine: Apache Tomcat/7.0.34
Nov 13, 2017 12:52:32 AM org.apache.catalina.startup.HostConfig deployDirectory
INFO: Deploying web application directory /Users/junyipeng/apache-tomcat-7.0.34/webapps/Hotel copy
Nov 13, 2017 12:52:33 AM org.apache.catalina.startup.HostConfig deployDirectory
INFO: Deploying web application directory /Users/junyipeng/apache-tomcat-7.0.34/webapps/hw4
Nov 13, 2017 12:52:33 AM org.apache.catalina.startup.HostConfig deployDirectory
INFO: Deploying web application directory /Users/junyipeng/apache-tomcat-7.0.34/webapps/hw3
Nov 13, 2017 12:52:33 AM org.apache.catalina.startup.HostConfig deployDirectory
INFO: Deploying web application directory /Users/junyipeng/apache-tomcat-7.0.34/webapps/hw
Nov 13, 2017 12:52:33 AM org.apache.catalina.startup.HostConfig deployDirectory
INFO: Deploying web application directory /Users/junyipeng/apache-tomcat-7.0.34/webapps/Hotel
Nov 13, 2017 12:52:34 AM org.apache.catalina.startup.HostConfig deployDirectory
INFO: Deploying web application directory /Users/junyipeng/apache-tomcat-7.0.34/webapps/docs
Nov 13, 2017 12:52:34 AM org.apache.catalina.startup.HostConfig deployDirectory
INFO: Deploying web application directory /Users/junyipeng/apache-tomcat-7.0.34/webapps/project
Nov 13, 2017 12:52:35 AM org.apache.catalina.startup.HostConfig deployDirectory
INFO: Deploying web application directory /Users/junyipeng/apache-tomcat-7.0.34/webapps/manager
Nov 13, 2017 12:52:35 AM org.apache.catalina.startup.HostConfig deployDirectory
INFO: Deploying web application directory /Users/junyipeng/apache-tomcat-7.0.34/webapps/hw0
Nov 13, 2017 12:52:35 AM org.apache.catalina.startup.HostConfig deployDirectory
INFO: Deploying web application directory /Users/junyipeng/apache-tomcat-7.0.34/webapps/examples
Nov 13, 2017 12:52:35 AM org.apache.catalina.startup.HostConfig deployDirectory
INFO: Deploying web application directory /Users/junyipeng/apache-tomcat-7.0.34/webapps/csj
Nov 13, 2017 12:52:35 AM org.apache.catalina.startup.HostConfig deployDirectory
INFO: Deploying web application directory /Users/junyipeng/apache-tomcat-7.0.34/webapps/ROOT
Nov 13, 2017 12:52:35 AM org.apache.catalina.startup.HostConfig deployDirectory
INFO: Deploying web application directory /Users/junyipeng/apache-tomcat-7.0.34/webapps/.git
Nov 13, 2017 12:52:36 AM org.apache.catalina.startup.HostConfig deployDirectory
INFO: Deploying web application directory /Users/junyipeng/apache-tomcat-7.0.34/webapps/host-manager
Nov 13, 2017 12:52:36 AM org.apache.catalina.startup.HostConfig deployDirectory
INFO: Deploying web application directory /Users/junyipeng/apache-tomcat-7.0.34/webapps/ajax
Nov 13, 2017 12:52:36 AM org.apache.coyote.AbstractProtocol start
INFO: Starting ProtocolHandler ["http-bio-80"]
Nov 13, 2017 12:52:36 AM org.apache.coyote.AbstractProtocol start
INFO: Starting ProtocolHandler ["ajp-bio-8009"]
Nov 13, 2017 12:52:36 AM org.apache.catalina.startup.Catalina start
INFO: Server startup in 3690 ms
Nov 13, 2017 1:02:40 AM org.apache.coyote.AbstractProtocol pause
INFO: Pausing ProtocolHandler ["http-bio-80"]
Nov 13, 2017 1:02:40 AM org.apache.coyote.AbstractProtocol pause
INFO: Pausing ProtocolHandler ["ajp-bio-8009"]
Nov 13, 2017 1:02:40 AM org.apache.catalina.core.StandardService stopInternal
INFO: Stopping service Catalina
Nov 13, 2017 1:02:40 AM org.apache.catalina.loader.WebappClassLoader clearReferencesJdbc
SEVERE: The web application [/Hotel copy] registered the JDBC driver [com.mysql.jdbc.Driver] but failed to unregister it when the web application was stopped. To prevent a memory leak, the JDBC Driver has been forcibly unregistered.
Nov 13, 2017 1:02:40 AM org.apache.coyote.AbstractProtocol stop
INFO: Stopping ProtocolHandler ["http-bio-80"]
Nov 13, 2017 1:02:40 AM org.apache.coyote.AbstractProtocol stop
INFO: Stopping ProtocolHandler ["ajp-bio-8009"]
Nov 13, 2017 1:02:40 AM org.apache.coyote.AbstractProtocol destroy
INFO: Destroying ProtocolHandler ["http-bio-80"]
Nov 13, 2017 1:02:40 AM org.apache.coyote.AbstractProtocol destroy
INFO: Destroying ProtocolHandler ["ajp-bio-8009"]
