Oct 20, 2017 2:35:39 AM org.apache.catalina.startup.HostConfig checkResources
INFO: Reloading context [/hw]
Oct 20, 2017 2:35:39 AM org.apache.catalina.core.StandardContext reload
INFO: Reloading Context with name [/hw] has started
Oct 20, 2017 2:35:39 AM org.apache.catalina.loader.WebappClassLoader clearReferencesThreads
SEVERE: The web application [/hw] appears to have started a thread named [cluster-ClusterId{value='59e9794b910d83bcc9fc6602', description='null'}-localhost:27017] but has failed to stop it. This is very likely to create a memory leak.
Oct 20, 2017 2:35:39 AM org.apache.catalina.loader.WebappClassLoader clearReferencesThreads
SEVERE: The web application [/hw] appears to have started a thread named [pool-3-thread-1] but has failed to stop it. This is very likely to create a memory leak.
Oct 20, 2017 2:35:39 AM org.apache.catalina.core.StandardContext reload
INFO: Reloading Context with name [/hw] is completed
Oct 20, 2017 2:45:33 AM org.apache.coyote.AbstractProtocol pause
INFO: Pausing ProtocolHandler ["http-bio-80"]
Oct 20, 2017 2:45:33 AM org.apache.coyote.AbstractProtocol pause
INFO: Pausing ProtocolHandler ["ajp-bio-8009"]
Oct 20, 2017 2:45:33 AM org.apache.catalina.core.StandardService stopInternal
INFO: Stopping service Catalina
Oct 20, 2017 2:45:33 AM org.apache.catalina.loader.WebappClassLoader clearReferencesThreads
SEVERE: The web application [/code] appears to have started a thread named [cluster-ClusterId{value='59e97a2b910d83bcc9fc6603', description='null'}-localhost:27017] but has failed to stop it. This is very likely to create a memory leak.
Oct 20, 2017 2:45:33 AM org.apache.catalina.loader.WebappClassLoader clearReferencesThreads
SEVERE: The web application [/code] appears to have started a thread named [pool-4-thread-1] but has failed to stop it. This is very likely to create a memory leak.
Oct 20, 2017 2:45:33 AM org.apache.catalina.loader.WebappClassLoader clearReferencesThreads
SEVERE: The web application [/code] appears to have started a thread named [cluster-ClusterId{value='59e97a49910d83bcc9fc6604', description='null'}-localhost:27017] but has failed to stop it. This is very likely to create a memory leak.
Oct 20, 2017 2:45:33 AM org.apache.catalina.loader.WebappClassLoader clearReferencesThreads
SEVERE: The web application [/code] appears to have started a thread named [pool-5-thread-1] but has failed to stop it. This is very likely to create a memory leak.
Oct 20, 2017 2:45:33 AM org.apache.catalina.loader.WebappClassLoader clearReferencesThreads
SEVERE: The web application [/code] appears to have started a thread named [cluster-ClusterId{value='59e97a4f910d83bcc9fc6606', description='null'}-localhost:27017] but has failed to stop it. This is very likely to create a memory leak.
Oct 20, 2017 2:45:33 AM org.apache.catalina.loader.WebappClassLoader clearReferencesThreads
SEVERE: The web application [/code] appears to have started a thread named [pool-6-thread-1] but has failed to stop it. This is very likely to create a memory leak.
Oct 20, 2017 2:45:33 AM org.apache.catalina.loader.WebappClassLoader clearReferencesThreads
SEVERE: The web application [/code] appears to have started a thread named [cluster-ClusterId{value='59e97a5c910d83bcc9fc6607', description='null'}-localhost:27017] but has failed to stop it. This is very likely to create a memory leak.
Oct 20, 2017 2:45:33 AM org.apache.catalina.loader.WebappClassLoader clearReferencesThreads
SEVERE: The web application [/code] appears to have started a thread named [pool-7-thread-1] but has failed to stop it. This is very likely to create a memory leak.
Oct 20, 2017 2:45:33 AM org.apache.catalina.loader.WebappClassLoader clearReferencesThreads
SEVERE: The web application [/code] appears to have started a thread named [cluster-ClusterId{value='59e97a67910d83bcc9fc6608', description='null'}-localhost:27017] but has failed to stop it. This is very likely to create a memory leak.
Oct 20, 2017 2:45:33 AM org.apache.catalina.loader.WebappClassLoader clearReferencesThreads
SEVERE: The web application [/code] appears to have started a thread named [pool-8-thread-1] but has failed to stop it. This is very likely to create a memory leak.
Oct 20, 2017 2:45:33 AM org.apache.catalina.loader.WebappClassLoader clearReferencesThreads
SEVERE: The web application [/hw] appears to have started a thread named [cluster-ClusterId{value='59e9a7bd910d83bcc9fc6609', description='null'}-localhost:27017] but has failed to stop it. This is very likely to create a memory leak.
Oct 20, 2017 2:45:33 AM org.apache.catalina.loader.WebappClassLoader clearReferencesThreads
SEVERE: The web application [/hw] appears to have started a thread named [pool-9-thread-1] but has failed to stop it. This is very likely to create a memory leak.
Oct 20, 2017 2:45:33 AM org.apache.coyote.AbstractProtocol stop
INFO: Stopping ProtocolHandler ["http-bio-80"]
Oct 20, 2017 2:45:33 AM org.apache.coyote.AbstractProtocol stop
INFO: Stopping ProtocolHandler ["ajp-bio-8009"]
Oct 20, 2017 2:45:33 AM org.apache.coyote.AbstractProtocol destroy
INFO: Destroying ProtocolHandler ["http-bio-80"]
Oct 20, 2017 2:45:33 AM org.apache.coyote.AbstractProtocol destroy
INFO: Destroying ProtocolHandler ["ajp-bio-8009"]
Oct 20, 2017 2:45:35 AM org.apache.catalina.core.AprLifecycleListener init
INFO: The APR based Apache Tomcat Native library which allows optimal performance in production environments was not found on the java.library.path: /Users/junyipeng/Library/Java/Extensions:/Library/Java/Extensions:/Network/Library/Java/Extensions:/System/Library/Java/Extensions:/usr/lib/java:.
Oct 20, 2017 2:45:36 AM org.apache.coyote.AbstractProtocol init
INFO: Initializing ProtocolHandler ["http-bio-80"]
Oct 20, 2017 2:45:36 AM org.apache.coyote.AbstractProtocol init
INFO: Initializing ProtocolHandler ["ajp-bio-8009"]
Oct 20, 2017 2:45:36 AM org.apache.catalina.startup.Catalina load
INFO: Initialization processed in 571 ms
Oct 20, 2017 2:45:36 AM org.apache.catalina.core.StandardService startInternal
INFO: Starting service Catalina
Oct 20, 2017 2:45:36 AM org.apache.catalina.core.StandardEngine startInternal
INFO: Starting Servlet Engine: Apache Tomcat/7.0.34
Oct 20, 2017 2:45:36 AM org.apache.catalina.startup.HostConfig deployDirectory
INFO: Deploying web application directory /Users/junyipeng/apache-tomcat-7.0.34/webapps/hw
Oct 20, 2017 2:45:36 AM org.apache.catalina.startup.HostConfig deployDirectory
INFO: Deploying web application directory /Users/junyipeng/apache-tomcat-7.0.34/webapps/zhou
Oct 20, 2017 2:45:37 AM org.apache.catalina.startup.HostConfig deployDirectory
INFO: Deploying web application directory /Users/junyipeng/apache-tomcat-7.0.34/webapps/code
Oct 20, 2017 2:45:37 AM org.apache.catalina.startup.HostConfig deployDirectory
INFO: Deploying web application directory /Users/junyipeng/apache-tomcat-7.0.34/webapps/docs
Oct 20, 2017 2:45:37 AM org.apache.catalina.startup.HostConfig deployDirectory
INFO: Deploying web application directory /Users/junyipeng/apache-tomcat-7.0.34/webapps/peng
Oct 20, 2017 2:45:37 AM org.apache.catalina.startup.HostConfig deployDirectory
INFO: Deploying web application directory /Users/junyipeng/apache-tomcat-7.0.34/webapps/manager
Oct 20, 2017 2:45:37 AM org.apache.catalina.startup.HostConfig deployDirectory
INFO: Deploying web application directory /Users/junyipeng/apache-tomcat-7.0.34/webapps/yi
Oct 20, 2017 2:45:37 AM org.apache.catalina.startup.HostConfig deployDirectory
INFO: Deploying web application directory /Users/junyipeng/apache-tomcat-7.0.34/webapps/examples
Oct 20, 2017 2:45:37 AM org.apache.catalina.startup.HostConfig deployDirectory
INFO: Deploying web application directory /Users/junyipeng/apache-tomcat-7.0.34/webapps/csj
Oct 20, 2017 2:45:37 AM org.apache.catalina.startup.HostConfig deployDirectory
INFO: Deploying web application directory /Users/junyipeng/apache-tomcat-7.0.34/webapps/ROOT
Oct 20, 2017 2:45:38 AM org.apache.catalina.startup.HostConfig deployDirectory
INFO: Deploying web application directory /Users/junyipeng/apache-tomcat-7.0.34/webapps/.git
Oct 20, 2017 2:45:38 AM org.apache.catalina.startup.HostConfig deployDirectory
INFO: Deploying web application directory /Users/junyipeng/apache-tomcat-7.0.34/webapps/host-manager
Oct 20, 2017 2:45:38 AM org.apache.catalina.startup.HostConfig deployDirectory
INFO: Deploying web application directory /Users/junyipeng/apache-tomcat-7.0.34/webapps/jun
Oct 20, 2017 2:45:38 AM org.apache.coyote.AbstractProtocol start
INFO: Starting ProtocolHandler ["http-bio-80"]
Oct 20, 2017 2:45:38 AM org.apache.coyote.AbstractProtocol start
INFO: Starting ProtocolHandler ["ajp-bio-8009"]
Oct 20, 2017 2:45:38 AM org.apache.catalina.startup.Catalina start
INFO: Server startup in 2528 ms
Oct 20, 2017 2:45:50 AM com.mongodb.diagnostics.logging.JULLogger log
INFO: Cluster created with settings {hosts=[localhost:27017], mode=SINGLE, requiredClusterType=UNKNOWN, serverSelectionTimeout='30000 ms', maxWaitQueueSize=500}
Oct 20, 2017 2:45:50 AM com.mongodb.diagnostics.logging.JULLogger log
INFO: No server chosen by ReadPreferenceServerSelector{readPreference=primary} from cluster description ClusterDescription{type=UNKNOWN, connectionMode=SINGLE, all=[ServerDescription{address=localhost:27017, type=UNKNOWN, state=CONNECTING}]}. Waiting for 30000 ms before timing out
Oct 20, 2017 2:45:50 AM com.mongodb.diagnostics.logging.JULLogger log
INFO: Opened connection [connectionId{localValue:1, serverValue:55}] to localhost:27017
Oct 20, 2017 2:45:50 AM com.mongodb.diagnostics.logging.JULLogger log
INFO: Monitor thread successfully connected to server with description ServerDescription{address=localhost:27017, type=STANDALONE, state=CONNECTED, ok=true, version=ServerVersion{versionList=[3, 4, 9]}, minWireVersion=0, maxWireVersion=5, maxDocumentSize=16777216, roundTripTimeNanos=502973}
Oct 20, 2017 2:45:50 AM com.mongodb.diagnostics.logging.JULLogger log
INFO: Opened connection [connectionId{localValue:2, serverValue:56}] to localhost:27017
Oct 20, 2017 2:48:08 AM org.apache.catalina.core.StandardContext reload
INFO: Reloading Context with name [/hw] has started
Oct 20, 2017 2:48:08 AM org.apache.catalina.loader.WebappClassLoader clearReferencesThreads
SEVERE: The web application [/hw] appears to have started a thread named [cluster-ClusterId{value='59e9a9ae910d83d39a8cdcfa', description='null'}-localhost:27017] but has failed to stop it. This is very likely to create a memory leak.
Oct 20, 2017 2:48:08 AM org.apache.catalina.loader.WebappClassLoader clearReferencesThreads
SEVERE: The web application [/hw] appears to have started a thread named [pool-2-thread-1] but has failed to stop it. This is very likely to create a memory leak.
Oct 20, 2017 2:48:09 AM org.apache.catalina.core.StandardContext reload
INFO: Reloading Context with name [/hw] is completed
Oct 20, 2017 2:49:09 AM org.apache.catalina.core.StandardContext reload
INFO: Reloading Context with name [/hw] has started
Oct 20, 2017 2:49:09 AM org.apache.catalina.loader.WebappClassLoader clearReferencesThreads
SEVERE: The web application [/hw] appears to have started a thread named [cluster-ClusterId{value='59e9aa3b910d83d39a8cdcfb', description='null'}-localhost:27017] but has failed to stop it. This is very likely to create a memory leak.
Oct 20, 2017 2:49:09 AM org.apache.catalina.loader.WebappClassLoader clearReferencesThreads
SEVERE: The web application [/hw] appears to have started a thread named [pool-3-thread-1] but has failed to stop it. This is very likely to create a memory leak.
Oct 20, 2017 2:49:09 AM org.apache.catalina.loader.WebappClassLoader clearReferencesThreads
SEVERE: The web application [/hw] appears to have started a thread named [cluster-ClusterId{value='59e9aa67910d83d39a8cdcfc', description='null'}-localhost:27017] but has failed to stop it. This is very likely to create a memory leak.
Oct 20, 2017 2:49:09 AM org.apache.catalina.loader.WebappClassLoader clearReferencesThreads
SEVERE: The web application [/hw] appears to have started a thread named [pool-4-thread-1] but has failed to stop it. This is very likely to create a memory leak.
Oct 20, 2017 2:49:09 AM org.apache.catalina.loader.WebappClassLoader clearReferencesThreads
SEVERE: The web application [/hw] appears to have started a thread named [cluster-ClusterId{value='59e9aa68910d83d39a8cdcfd', description='null'}-localhost:27017] but has failed to stop it. This is very likely to create a memory leak.
Oct 20, 2017 2:49:09 AM org.apache.catalina.loader.WebappClassLoader clearReferencesThreads
SEVERE: The web application [/hw] appears to have started a thread named [pool-5-thread-1] but has failed to stop it. This is very likely to create a memory leak.
Oct 20, 2017 2:49:09 AM org.apache.catalina.loader.WebappClassLoader clearReferencesThreads
SEVERE: The web application [/hw] appears to have started a thread named [cluster-ClusterId{value='59e9aa72910d83d39a8cdcfe', description='null'}-localhost:27017] but has failed to stop it. This is very likely to create a memory leak.
Oct 20, 2017 2:49:09 AM org.apache.catalina.loader.WebappClassLoader clearReferencesThreads
SEVERE: The web application [/hw] appears to have started a thread named [pool-6-thread-1] but has failed to stop it. This is very likely to create a memory leak.
Oct 20, 2017 2:49:09 AM org.apache.catalina.loader.WebappClassLoader clearReferencesThreads
SEVERE: The web application [/hw] appears to have started a thread named [cluster-ClusterId{value='59e9aa73910d83d39a8cdcff', description='null'}-localhost:27017] but has failed to stop it. This is very likely to create a memory leak.
Oct 20, 2017 2:49:09 AM org.apache.catalina.loader.WebappClassLoader clearReferencesThreads
SEVERE: The web application [/hw] appears to have started a thread named [pool-7-thread-1] but has failed to stop it. This is very likely to create a memory leak.
Oct 20, 2017 2:49:09 AM org.apache.catalina.loader.WebappClassLoader clearReferencesThreads
SEVERE: The web application [/hw] appears to have started a thread named [cluster-ClusterId{value='59e9aa74910d83d39a8cdd00', description='null'}-localhost:27017] but has failed to stop it. This is very likely to create a memory leak.
Oct 20, 2017 2:49:09 AM org.apache.catalina.loader.WebappClassLoader clearReferencesThreads
SEVERE: The web application [/hw] appears to have started a thread named [pool-8-thread-1] but has failed to stop it. This is very likely to create a memory leak.
Oct 20, 2017 2:49:09 AM org.apache.catalina.core.StandardContext reload
INFO: Reloading Context with name [/hw] is completed
Oct 20, 2017 11:49:31 AM org.apache.catalina.core.StandardContext reload
INFO: Reloading Context with name [/hw] has started
Oct 20, 2017 11:49:31 AM org.apache.catalina.loader.WebappClassLoader clearReferencesThreads
SEVERE: The web application [/hw] appears to have started a thread named [cluster-ClusterId{value='59e9aa76910d83d39a8cdd01', description='null'}-localhost:27017] but has failed to stop it. This is very likely to create a memory leak.
Oct 20, 2017 11:49:31 AM org.apache.catalina.loader.WebappClassLoader clearReferencesThreads
SEVERE: The web application [/hw] appears to have started a thread named [pool-9-thread-1] but has failed to stop it. This is very likely to create a memory leak.
Oct 20, 2017 11:49:31 AM org.apache.catalina.loader.WebappClassLoader clearReferencesThreads
SEVERE: The web application [/hw] appears to have started a thread named [cluster-ClusterId{value='59ea1c8b910d83d39a8cdd02', description='null'}-localhost:27017] but has failed to stop it. This is very likely to create a memory leak.
Oct 20, 2017 11:49:31 AM org.apache.catalina.loader.WebappClassLoader clearReferencesThreads
SEVERE: The web application [/hw] appears to have started a thread named [pool-10-thread-1] but has failed to stop it. This is very likely to create a memory leak.
Oct 20, 2017 11:49:31 AM org.apache.catalina.loader.WebappClassLoader clearReferencesThreads
SEVERE: The web application [/hw] appears to have started a thread named [cluster-ClusterId{value='59ea1c8c910d83d39a8cdd03', description='null'}-localhost:27017] but has failed to stop it. This is very likely to create a memory leak.
Oct 20, 2017 11:49:31 AM org.apache.catalina.loader.WebappClassLoader clearReferencesThreads
SEVERE: The web application [/hw] appears to have started a thread named [pool-11-thread-1] but has failed to stop it. This is very likely to create a memory leak.
Oct 20, 2017 11:49:31 AM org.apache.catalina.loader.WebappClassLoader clearReferencesThreads
SEVERE: The web application [/hw] appears to have started a thread named [cluster-ClusterId{value='59ea275f910d83d39a8cdd04', description='null'}-localhost:27017] but has failed to stop it. This is very likely to create a memory leak.
Oct 20, 2017 11:49:31 AM org.apache.catalina.loader.WebappClassLoader clearReferencesThreads
SEVERE: The web application [/hw] appears to have started a thread named [pool-12-thread-1] but has failed to stop it. This is very likely to create a memory leak.
Oct 20, 2017 11:49:31 AM org.apache.catalina.loader.WebappClassLoader clearReferencesThreads
SEVERE: The web application [/hw] appears to have started a thread named [cluster-ClusterId{value='59ea2812910d83d39a8cdd05', description='null'}-localhost:27017] but has failed to stop it. This is very likely to create a memory leak.
Oct 20, 2017 11:49:31 AM org.apache.catalina.loader.WebappClassLoader clearReferencesThreads
SEVERE: The web application [/hw] appears to have started a thread named [pool-13-thread-1] but has failed to stop it. This is very likely to create a memory leak.
Oct 20, 2017 11:49:31 AM org.apache.catalina.loader.WebappClassLoader clearReferencesThreads
SEVERE: The web application [/hw] appears to have started a thread named [cluster-ClusterId{value='59ea2813910d83d39a8cdd06', description='null'}-localhost:27017] but has failed to stop it. This is very likely to create a memory leak.
Oct 20, 2017 11:49:31 AM org.apache.catalina.loader.WebappClassLoader clearReferencesThreads
SEVERE: The web application [/hw] appears to have started a thread named [pool-14-thread-1] but has failed to stop it. This is very likely to create a memory leak.
Oct 20, 2017 11:49:31 AM org.apache.catalina.loader.WebappClassLoader clearReferencesThreads
SEVERE: The web application [/hw] appears to have started a thread named [cluster-ClusterId{value='59ea2814910d83d39a8cdd07', description='null'}-localhost:27017] but has failed to stop it. This is very likely to create a memory leak.
Oct 20, 2017 11:49:31 AM org.apache.catalina.loader.WebappClassLoader clearReferencesThreads
SEVERE: The web application [/hw] appears to have started a thread named [pool-15-thread-1] but has failed to stop it. This is very likely to create a memory leak.
Oct 20, 2017 11:49:31 AM org.apache.catalina.core.StandardContext reload
INFO: Reloading Context with name [/hw] is completed
Oct 20, 2017 11:49:47 AM org.apache.coyote.AbstractProtocol pause
INFO: Pausing ProtocolHandler ["http-bio-80"]
Oct 20, 2017 11:49:48 AM org.apache.coyote.AbstractProtocol pause
INFO: Pausing ProtocolHandler ["ajp-bio-8009"]
Oct 20, 2017 11:49:48 AM org.apache.catalina.core.StandardService stopInternal
INFO: Stopping service Catalina
Oct 20, 2017 11:49:48 AM org.apache.coyote.AbstractProtocol stop
INFO: Stopping ProtocolHandler ["http-bio-80"]
Oct 20, 2017 11:49:48 AM org.apache.coyote.AbstractProtocol stop
INFO: Stopping ProtocolHandler ["ajp-bio-8009"]
Oct 20, 2017 11:49:48 AM org.apache.coyote.AbstractProtocol destroy
INFO: Destroying ProtocolHandler ["http-bio-80"]
Oct 20, 2017 11:49:48 AM org.apache.coyote.AbstractProtocol destroy
INFO: Destroying ProtocolHandler ["ajp-bio-8009"]
Oct 20, 2017 11:49:49 AM org.apache.catalina.core.AprLifecycleListener init
INFO: The APR based Apache Tomcat Native library which allows optimal performance in production environments was not found on the java.library.path: /Users/junyipeng/Library/Java/Extensions:/Library/Java/Extensions:/Network/Library/Java/Extensions:/System/Library/Java/Extensions:/usr/lib/java:.
Oct 20, 2017 11:49:49 AM org.apache.coyote.AbstractProtocol init
INFO: Initializing ProtocolHandler ["http-bio-80"]
Oct 20, 2017 11:49:49 AM org.apache.coyote.AbstractProtocol init
INFO: Initializing ProtocolHandler ["ajp-bio-8009"]
Oct 20, 2017 11:49:49 AM org.apache.catalina.startup.Catalina load
INFO: Initialization processed in 568 ms
Oct 20, 2017 11:49:49 AM org.apache.catalina.core.StandardService startInternal
INFO: Starting service Catalina
Oct 20, 2017 11:49:49 AM org.apache.catalina.core.StandardEngine startInternal
INFO: Starting Servlet Engine: Apache Tomcat/7.0.34
Oct 20, 2017 11:49:49 AM org.apache.catalina.startup.HostConfig deployDirectory
INFO: Deploying web application directory /Users/junyipeng/apache-tomcat-7.0.34/webapps/hw
Oct 20, 2017 11:49:50 AM org.apache.catalina.startup.HostConfig deployDirectory
INFO: Deploying web application directory /Users/junyipeng/apache-tomcat-7.0.34/webapps/zhou
Oct 20, 2017 11:49:50 AM org.apache.catalina.startup.HostConfig deployDirectory
INFO: Deploying web application directory /Users/junyipeng/apache-tomcat-7.0.34/webapps/code
Oct 20, 2017 11:49:50 AM org.apache.catalina.startup.HostConfig deployDirectory
INFO: Deploying web application directory /Users/junyipeng/apache-tomcat-7.0.34/webapps/docs
Oct 20, 2017 11:49:50 AM org.apache.catalina.startup.HostConfig deployDirectory
INFO: Deploying web application directory /Users/junyipeng/apache-tomcat-7.0.34/webapps/peng
Oct 20, 2017 11:49:51 AM org.apache.catalina.startup.HostConfig deployDirectory
INFO: Deploying web application directory /Users/junyipeng/apache-tomcat-7.0.34/webapps/manager
Oct 20, 2017 11:49:51 AM org.apache.catalina.startup.HostConfig deployDirectory
INFO: Deploying web application directory /Users/junyipeng/apache-tomcat-7.0.34/webapps/yi
Oct 20, 2017 11:49:51 AM org.apache.catalina.startup.HostConfig deployDirectory
INFO: Deploying web application directory /Users/junyipeng/apache-tomcat-7.0.34/webapps/examples
Oct 20, 2017 11:49:51 AM org.apache.catalina.startup.HostConfig deployDirectory
INFO: Deploying web application directory /Users/junyipeng/apache-tomcat-7.0.34/webapps/csj
Oct 20, 2017 11:49:51 AM org.apache.catalina.startup.HostConfig deployDirectory
INFO: Deploying web application directory /Users/junyipeng/apache-tomcat-7.0.34/webapps/ROOT
Oct 20, 2017 11:49:51 AM org.apache.catalina.startup.HostConfig deployDirectory
INFO: Deploying web application directory /Users/junyipeng/apache-tomcat-7.0.34/webapps/.git
Oct 20, 2017 11:49:52 AM org.apache.catalina.startup.HostConfig deployDirectory
INFO: Deploying web application directory /Users/junyipeng/apache-tomcat-7.0.34/webapps/host-manager
Oct 20, 2017 11:49:52 AM org.apache.catalina.startup.HostConfig deployDirectory
INFO: Deploying web application directory /Users/junyipeng/apache-tomcat-7.0.34/webapps/jun
Oct 20, 2017 11:49:52 AM org.apache.coyote.AbstractProtocol start
INFO: Starting ProtocolHandler ["http-bio-80"]
Oct 20, 2017 11:49:52 AM org.apache.coyote.AbstractProtocol start
INFO: Starting ProtocolHandler ["ajp-bio-8009"]
Oct 20, 2017 11:49:52 AM org.apache.catalina.startup.Catalina start
INFO: Server startup in 2625 ms
Oct 20, 2017 11:49:59 AM com.mongodb.diagnostics.logging.JULLogger log
INFO: Cluster created with settings {hosts=[localhost:27017], mode=SINGLE, requiredClusterType=UNKNOWN, serverSelectionTimeout='30000 ms', maxWaitQueueSize=500}
Oct 20, 2017 11:49:59 AM com.mongodb.diagnostics.logging.JULLogger log
INFO: Cluster created with settings {hosts=[localhost:27017], mode=SINGLE, requiredClusterType=UNKNOWN, serverSelectionTimeout='30000 ms', maxWaitQueueSize=500}
Oct 20, 2017 11:49:59 AM com.mongodb.diagnostics.logging.JULLogger log
INFO: Cluster created with settings {hosts=[localhost:27017], mode=SINGLE, requiredClusterType=UNKNOWN, serverSelectionTimeout='30000 ms', maxWaitQueueSize=500}
Oct 20, 2017 11:49:59 AM com.mongodb.diagnostics.logging.JULLogger log
INFO: Cluster created with settings {hosts=[localhost:27017], mode=SINGLE, requiredClusterType=UNKNOWN, serverSelectionTimeout='30000 ms', maxWaitQueueSize=500}
Oct 20, 2017 11:49:59 AM com.mongodb.diagnostics.logging.JULLogger log
INFO: Cluster created with settings {hosts=[localhost:27017], mode=SINGLE, requiredClusterType=UNKNOWN, serverSelectionTimeout='30000 ms', maxWaitQueueSize=500}
Oct 20, 2017 11:49:59 AM com.mongodb.diagnostics.logging.JULLogger log
INFO: Cluster created with settings {hosts=[localhost:27017], mode=SINGLE, requiredClusterType=UNKNOWN, serverSelectionTimeout='30000 ms', maxWaitQueueSize=500}
Oct 20, 2017 11:49:59 AM com.mongodb.diagnostics.logging.JULLogger log
INFO: Cluster created with settings {hosts=[localhost:27017], mode=SINGLE, requiredClusterType=UNKNOWN, serverSelectionTimeout='30000 ms', maxWaitQueueSize=500}
Oct 20, 2017 11:49:59 AM com.mongodb.diagnostics.logging.JULLogger log
INFO: No server chosen by ReadPreferenceServerSelector{readPreference=primary} from cluster description ClusterDescription{type=UNKNOWN, connectionMode=SINGLE, all=[ServerDescription{address=localhost:27017, type=UNKNOWN, state=CONNECTING}]}. Waiting for 30000 ms before timing out
Oct 20, 2017 11:49:59 AM com.mongodb.diagnostics.logging.JULLogger log
INFO: No server chosen by ReadPreferenceServerSelector{readPreference=primary} from cluster description ClusterDescription{type=UNKNOWN, connectionMode=SINGLE, all=[ServerDescription{address=localhost:27017, type=UNKNOWN, state=CONNECTING}]}. Waiting for 30000 ms before timing out
Oct 20, 2017 11:49:59 AM com.mongodb.diagnostics.logging.JULLogger log
INFO: No server chosen by ReadPreferenceServerSelector{readPreference=primary} from cluster description ClusterDescription{type=UNKNOWN, connectionMode=SINGLE, all=[ServerDescription{address=localhost:27017, type=UNKNOWN, state=CONNECTING}]}. Waiting for 30000 ms before timing out
Oct 20, 2017 11:49:59 AM com.mongodb.diagnostics.logging.JULLogger log
INFO: No server chosen by ReadPreferenceServerSelector{readPreference=primary} from cluster description ClusterDescription{type=UNKNOWN, connectionMode=SINGLE, all=[ServerDescription{address=localhost:27017, type=UNKNOWN, state=CONNECTING}]}. Waiting for 30000 ms before timing out
Oct 20, 2017 11:49:59 AM com.mongodb.diagnostics.logging.JULLogger log
INFO: No server chosen by ReadPreferenceServerSelector{readPreference=primary} from cluster description ClusterDescription{type=UNKNOWN, connectionMode=SINGLE, all=[ServerDescription{address=localhost:27017, type=UNKNOWN, state=CONNECTING}]}. Waiting for 30000 ms before timing out
Oct 20, 2017 11:49:59 AM com.mongodb.diagnostics.logging.JULLogger log
INFO: No server chosen by ReadPreferenceServerSelector{readPreference=primary} from cluster description ClusterDescription{type=UNKNOWN, connectionMode=SINGLE, all=[ServerDescription{address=localhost:27017, type=UNKNOWN, state=CONNECTING}]}. Waiting for 30000 ms before timing out
Oct 20, 2017 11:49:59 AM com.mongodb.diagnostics.logging.JULLogger log
INFO: No server chosen by ReadPreferenceServerSelector{readPreference=primary} from cluster description ClusterDescription{type=UNKNOWN, connectionMode=SINGLE, all=[ServerDescription{address=localhost:27017, type=UNKNOWN, state=CONNECTING}]}. Waiting for 30000 ms before timing out
Oct 20, 2017 11:49:59 AM com.mongodb.diagnostics.logging.JULLogger log
INFO: Opened connection [connectionId{localValue:2, serverValue:87}] to localhost:27017
Oct 20, 2017 11:49:59 AM com.mongodb.diagnostics.logging.JULLogger log
INFO: Opened connection [connectionId{localValue:6, serverValue:89}] to localhost:27017
Oct 20, 2017 11:49:59 AM com.mongodb.diagnostics.logging.JULLogger log
INFO: Opened connection [connectionId{localValue:4, serverValue:86}] to localhost:27017
Oct 20, 2017 11:49:59 AM com.mongodb.diagnostics.logging.JULLogger log
INFO: Opened connection [connectionId{localValue:3, serverValue:91}] to localhost:27017
Oct 20, 2017 11:49:59 AM com.mongodb.diagnostics.logging.JULLogger log
INFO: Opened connection [connectionId{localValue:1, serverValue:90}] to localhost:27017
Oct 20, 2017 11:49:59 AM com.mongodb.diagnostics.logging.JULLogger log
INFO: Opened connection [connectionId{localValue:5, serverValue:88}] to localhost:27017
Oct 20, 2017 11:49:59 AM com.mongodb.diagnostics.logging.JULLogger log
INFO: Opened connection [connectionId{localValue:7, serverValue:85}] to localhost:27017
Oct 20, 2017 11:49:59 AM com.mongodb.diagnostics.logging.JULLogger log
INFO: Monitor thread successfully connected to server with description ServerDescription{address=localhost:27017, type=STANDALONE, state=CONNECTED, ok=true, version=ServerVersion{versionList=[3, 4, 9]}, minWireVersion=0, maxWireVersion=5, maxDocumentSize=16777216, roundTripTimeNanos=634886}
Oct 20, 2017 11:49:59 AM com.mongodb.diagnostics.logging.JULLogger log
INFO: Monitor thread successfully connected to server with description ServerDescription{address=localhost:27017, type=STANDALONE, state=CONNECTED, ok=true, version=ServerVersion{versionList=[3, 4, 9]}, minWireVersion=0, maxWireVersion=5, maxDocumentSize=16777216, roundTripTimeNanos=776930}
Oct 20, 2017 11:49:59 AM com.mongodb.diagnostics.logging.JULLogger log
INFO: Monitor thread successfully connected to server with description ServerDescription{address=localhost:27017, type=STANDALONE, state=CONNECTED, ok=true, version=ServerVersion{versionList=[3, 4, 9]}, minWireVersion=0, maxWireVersion=5, maxDocumentSize=16777216, roundTripTimeNanos=1055028}
Oct 20, 2017 11:49:59 AM com.mongodb.diagnostics.logging.JULLogger log
INFO: Monitor thread successfully connected to server with description ServerDescription{address=localhost:27017, type=STANDALONE, state=CONNECTED, ok=true, version=ServerVersion{versionList=[3, 4, 9]}, minWireVersion=0, maxWireVersion=5, maxDocumentSize=16777216, roundTripTimeNanos=678075}
Oct 20, 2017 11:49:59 AM com.mongodb.diagnostics.logging.JULLogger log
INFO: Monitor thread successfully connected to server with description ServerDescription{address=localhost:27017, type=STANDALONE, state=CONNECTED, ok=true, version=ServerVersion{versionList=[3, 4, 9]}, minWireVersion=0, maxWireVersion=5, maxDocumentSize=16777216, roundTripTimeNanos=1233768}
Oct 20, 2017 11:49:59 AM com.mongodb.diagnostics.logging.JULLogger log
INFO: Monitor thread successfully connected to server with description ServerDescription{address=localhost:27017, type=STANDALONE, state=CONNECTED, ok=true, version=ServerVersion{versionList=[3, 4, 9]}, minWireVersion=0, maxWireVersion=5, maxDocumentSize=16777216, roundTripTimeNanos=743654}
Oct 20, 2017 11:49:59 AM com.mongodb.diagnostics.logging.JULLogger log
INFO: Monitor thread successfully connected to server with description ServerDescription{address=localhost:27017, type=STANDALONE, state=CONNECTED, ok=true, version=ServerVersion{versionList=[3, 4, 9]}, minWireVersion=0, maxWireVersion=5, maxDocumentSize=16777216, roundTripTimeNanos=1508994}
Oct 20, 2017 11:49:59 AM com.mongodb.diagnostics.logging.JULLogger log
INFO: Opened connection [connectionId{localValue:11, serverValue:94}] to localhost:27017
Oct 20, 2017 11:49:59 AM com.mongodb.diagnostics.logging.JULLogger log
INFO: Opened connection [connectionId{localValue:9, serverValue:92}] to localhost:27017
Oct 20, 2017 11:49:59 AM com.mongodb.diagnostics.logging.JULLogger log
INFO: Opened connection [connectionId{localValue:10, serverValue:93}] to localhost:27017
Oct 20, 2017 11:49:59 AM com.mongodb.diagnostics.logging.JULLogger log
INFO: Opened connection [connectionId{localValue:8, serverValue:95}] to localhost:27017
Oct 20, 2017 11:49:59 AM com.mongodb.diagnostics.logging.JULLogger log
INFO: Opened connection [connectionId{localValue:12, serverValue:96}] to localhost:27017
Oct 20, 2017 11:49:59 AM com.mongodb.diagnostics.logging.JULLogger log
INFO: Opened connection [connectionId{localValue:14, serverValue:97}] to localhost:27017
Oct 20, 2017 11:49:59 AM com.mongodb.diagnostics.logging.JULLogger log
INFO: Opened connection [connectionId{localValue:13, serverValue:98}] to localhost:27017
Oct 20, 2017 11:54:32 AM org.apache.catalina.core.StandardContext reload
INFO: Reloading Context with name [/hw] has started
Oct 20, 2017 11:54:32 AM org.apache.catalina.loader.WebappClassLoader clearReferencesThreads
SEVERE: The web application [/hw] appears to have started a thread named [cluster-ClusterId{value='59ea2937910d83dfce45d462', description='null'}-localhost:27017] but has failed to stop it. This is very likely to create a memory leak.
Oct 20, 2017 11:54:32 AM org.apache.catalina.loader.WebappClassLoader clearReferencesThreads
SEVERE: The web application [/hw] appears to have started a thread named [cluster-ClusterId{value='59ea2937910d83dfce45d464', description='null'}-localhost:27017] but has failed to stop it. This is very likely to create a memory leak.
Oct 20, 2017 11:54:32 AM org.apache.catalina.loader.WebappClassLoader clearReferencesThreads
SEVERE: The web application [/hw] appears to have started a thread named [cluster-ClusterId{value='59ea2937910d83dfce45d461', description='null'}-localhost:27017] but has failed to stop it. This is very likely to create a memory leak.
Oct 20, 2017 11:54:32 AM org.apache.catalina.loader.WebappClassLoader clearReferencesThreads
SEVERE: The web application [/hw] appears to have started a thread named [cluster-ClusterId{value='59ea2937910d83dfce45d460', description='null'}-localhost:27017] but has failed to stop it. This is very likely to create a memory leak.
Oct 20, 2017 11:54:32 AM org.apache.catalina.loader.WebappClassLoader clearReferencesThreads
SEVERE: The web application [/hw] appears to have started a thread named [cluster-ClusterId{value='59ea2937910d83dfce45d45e', description='null'}-localhost:27017] but has failed to stop it. This is very likely to create a memory leak.
Oct 20, 2017 11:54:32 AM org.apache.catalina.loader.WebappClassLoader clearReferencesThreads
SEVERE: The web application [/hw] appears to have started a thread named [cluster-ClusterId{value='59ea2937910d83dfce45d45f', description='null'}-localhost:27017] but has failed to stop it. This is very likely to create a memory leak.
Oct 20, 2017 11:54:32 AM org.apache.catalina.loader.WebappClassLoader clearReferencesThreads
SEVERE: The web application [/hw] appears to have started a thread named [cluster-ClusterId{value='59ea2937910d83dfce45d463', description='null'}-localhost:27017] but has failed to stop it. This is very likely to create a memory leak.
Oct 20, 2017 11:54:32 AM org.apache.catalina.loader.WebappClassLoader clearReferencesThreads
SEVERE: The web application [/hw] appears to have started a thread named [pool-3-thread-1] but has failed to stop it. This is very likely to create a memory leak.
Oct 20, 2017 11:54:32 AM org.apache.catalina.loader.WebappClassLoader clearReferencesThreads
SEVERE: The web application [/hw] appears to have started a thread named [pool-4-thread-1] but has failed to stop it. This is very likely to create a memory leak.
Oct 20, 2017 11:54:32 AM org.apache.catalina.loader.WebappClassLoader clearReferencesThreads
SEVERE: The web application [/hw] appears to have started a thread named [pool-7-thread-1] but has failed to stop it. This is very likely to create a memory leak.
Oct 20, 2017 11:54:32 AM org.apache.catalina.loader.WebappClassLoader clearReferencesThreads
SEVERE: The web application [/hw] appears to have started a thread named [pool-8-thread-1] but has failed to stop it. This is very likely to create a memory leak.
Oct 20, 2017 11:54:32 AM org.apache.catalina.loader.WebappClassLoader clearReferencesThreads
SEVERE: The web application [/hw] appears to have started a thread named [pool-6-thread-1] but has failed to stop it. This is very likely to create a memory leak.
Oct 20, 2017 11:54:32 AM org.apache.catalina.loader.WebappClassLoader clearReferencesThreads
SEVERE: The web application [/hw] appears to have started a thread named [pool-2-thread-1] but has failed to stop it. This is very likely to create a memory leak.
Oct 20, 2017 11:54:32 AM org.apache.catalina.loader.WebappClassLoader clearReferencesThreads
SEVERE: The web application [/hw] appears to have started a thread named [pool-5-thread-1] but has failed to stop it. This is very likely to create a memory leak.
Oct 20, 2017 11:54:33 AM org.apache.catalina.core.StandardContext reload
INFO: Reloading Context with name [/hw] is completed
Oct 20, 2017 11:54:43 AM org.apache.catalina.core.StandardContext reload
INFO: Reloading Context with name [/hw] has started
Oct 20, 2017 11:54:43 AM org.apache.catalina.core.StandardContext reload
INFO: Reloading Context with name [/hw] is completed
Oct 20, 2017 11:54:45 AM org.apache.coyote.AbstractProtocol pause
INFO: Pausing ProtocolHandler ["http-bio-80"]
Oct 20, 2017 11:54:45 AM org.apache.coyote.AbstractProtocol pause
INFO: Pausing ProtocolHandler ["ajp-bio-8009"]
Oct 20, 2017 11:54:45 AM org.apache.catalina.core.StandardService stopInternal
INFO: Stopping service Catalina
Oct 20, 2017 11:54:45 AM org.apache.coyote.AbstractProtocol stop
INFO: Stopping ProtocolHandler ["http-bio-80"]
Oct 20, 2017 11:54:45 AM org.apache.coyote.AbstractProtocol stop
INFO: Stopping ProtocolHandler ["ajp-bio-8009"]
Oct 20, 2017 11:54:45 AM org.apache.coyote.AbstractProtocol destroy
INFO: Destroying ProtocolHandler ["http-bio-80"]
Oct 20, 2017 11:54:45 AM org.apache.coyote.AbstractProtocol destroy
INFO: Destroying ProtocolHandler ["ajp-bio-8009"]
Oct 20, 2017 11:54:47 AM org.apache.catalina.core.AprLifecycleListener init
INFO: The APR based Apache Tomcat Native library which allows optimal performance in production environments was not found on the java.library.path: /Users/junyipeng/Library/Java/Extensions:/Library/Java/Extensions:/Network/Library/Java/Extensions:/System/Library/Java/Extensions:/usr/lib/java:.
Oct 20, 2017 11:54:47 AM org.apache.coyote.AbstractProtocol init
INFO: Initializing ProtocolHandler ["http-bio-80"]
Oct 20, 2017 11:54:47 AM org.apache.coyote.AbstractProtocol init
INFO: Initializing ProtocolHandler ["ajp-bio-8009"]
Oct 20, 2017 11:54:47 AM org.apache.catalina.startup.Catalina load
INFO: Initialization processed in 551 ms
Oct 20, 2017 11:54:47 AM org.apache.catalina.core.StandardService startInternal
INFO: Starting service Catalina
Oct 20, 2017 11:54:47 AM org.apache.catalina.core.StandardEngine startInternal
INFO: Starting Servlet Engine: Apache Tomcat/7.0.34
Oct 20, 2017 11:54:47 AM org.apache.catalina.startup.HostConfig deployDirectory
INFO: Deploying web application directory /Users/junyipeng/apache-tomcat-7.0.34/webapps/hw
Oct 20, 2017 11:54:48 AM org.apache.catalina.startup.HostConfig deployDirectory
INFO: Deploying web application directory /Users/junyipeng/apache-tomcat-7.0.34/webapps/zhou
Oct 20, 2017 11:54:48 AM org.apache.catalina.startup.HostConfig deployDirectory
INFO: Deploying web application directory /Users/junyipeng/apache-tomcat-7.0.34/webapps/code
Oct 20, 2017 11:54:48 AM org.apache.catalina.startup.HostConfig deployDirectory
INFO: Deploying web application directory /Users/junyipeng/apache-tomcat-7.0.34/webapps/docs
Oct 20, 2017 11:54:48 AM org.apache.catalina.startup.HostConfig deployDirectory
INFO: Deploying web application directory /Users/junyipeng/apache-tomcat-7.0.34/webapps/peng
Oct 20, 2017 11:54:48 AM org.apache.catalina.startup.HostConfig deployDirectory
INFO: Deploying web application directory /Users/junyipeng/apache-tomcat-7.0.34/webapps/manager
Oct 20, 2017 11:54:48 AM org.apache.catalina.startup.HostConfig deployDirectory
INFO: Deploying web application directory /Users/junyipeng/apache-tomcat-7.0.34/webapps/yi
Oct 20, 2017 11:54:49 AM org.apache.catalina.startup.HostConfig deployDirectory
INFO: Deploying web application directory /Users/junyipeng/apache-tomcat-7.0.34/webapps/examples
Oct 20, 2017 11:54:49 AM org.apache.catalina.startup.HostConfig deployDirectory
INFO: Deploying web application directory /Users/junyipeng/apache-tomcat-7.0.34/webapps/csj
Oct 20, 2017 11:54:49 AM org.apache.catalina.startup.HostConfig deployDirectory
INFO: Deploying web application directory /Users/junyipeng/apache-tomcat-7.0.34/webapps/ROOT
Oct 20, 2017 11:54:49 AM org.apache.catalina.startup.HostConfig deployDirectory
INFO: Deploying web application directory /Users/junyipeng/apache-tomcat-7.0.34/webapps/.git
Oct 20, 2017 11:54:50 AM org.apache.catalina.startup.HostConfig deployDirectory
INFO: Deploying web application directory /Users/junyipeng/apache-tomcat-7.0.34/webapps/host-manager
Oct 20, 2017 11:54:50 AM org.apache.catalina.startup.HostConfig deployDirectory
INFO: Deploying web application directory /Users/junyipeng/apache-tomcat-7.0.34/webapps/jun
Oct 20, 2017 11:54:50 AM org.apache.coyote.AbstractProtocol start
INFO: Starting ProtocolHandler ["http-bio-80"]
Oct 20, 2017 11:54:50 AM org.apache.coyote.AbstractProtocol start
INFO: Starting ProtocolHandler ["ajp-bio-8009"]
Oct 20, 2017 11:54:50 AM org.apache.catalina.startup.Catalina start
INFO: Server startup in 2545 ms
Oct 20, 2017 11:54:57 AM com.mongodb.diagnostics.logging.JULLogger log
INFO: Cluster created with settings {hosts=[localhost:27017], mode=SINGLE, requiredClusterType=UNKNOWN, serverSelectionTimeout='30000 ms', maxWaitQueueSize=500}
Oct 20, 2017 11:54:58 AM com.mongodb.diagnostics.logging.JULLogger log
INFO: No server chosen by ReadPreferenceServerSelector{readPreference=primary} from cluster description ClusterDescription{type=UNKNOWN, connectionMode=SINGLE, all=[ServerDescription{address=localhost:27017, type=UNKNOWN, state=CONNECTING}]}. Waiting for 30000 ms before timing out
Oct 20, 2017 11:54:58 AM com.mongodb.diagnostics.logging.JULLogger log
INFO: Opened connection [connectionId{localValue:1, serverValue:99}] to localhost:27017
Oct 20, 2017 11:54:58 AM com.mongodb.diagnostics.logging.JULLogger log
INFO: Monitor thread successfully connected to server with description ServerDescription{address=localhost:27017, type=STANDALONE, state=CONNECTED, ok=true, version=ServerVersion{versionList=[3, 4, 9]}, minWireVersion=0, maxWireVersion=5, maxDocumentSize=16777216, roundTripTimeNanos=480591}
Oct 20, 2017 11:54:58 AM com.mongodb.diagnostics.logging.JULLogger log
INFO: Opened connection [connectionId{localValue:2, serverValue:100}] to localhost:27017
Oct 20, 2017 12:04:05 PM com.mongodb.diagnostics.logging.JULLogger log
INFO: Cluster created with settings {hosts=[localhost:27017], mode=SINGLE, requiredClusterType=UNKNOWN, serverSelectionTimeout='30000 ms', maxWaitQueueSize=500}
Oct 20, 2017 12:04:05 PM com.mongodb.diagnostics.logging.JULLogger log
INFO: Opened connection [connectionId{localValue:3, serverValue:111}] to localhost:27017
Oct 20, 2017 12:04:05 PM com.mongodb.diagnostics.logging.JULLogger log
INFO: Monitor thread successfully connected to server with description ServerDescription{address=localhost:27017, type=STANDALONE, state=CONNECTED, ok=true, version=ServerVersion{versionList=[3, 4, 9]}, minWireVersion=0, maxWireVersion=5, maxDocumentSize=16777216, roundTripTimeNanos=243264}
Oct 20, 2017 12:04:05 PM com.mongodb.diagnostics.logging.JULLogger log
INFO: Opened connection [connectionId{localValue:4, serverValue:112}] to localhost:27017
Oct 20, 2017 12:04:26 PM com.mongodb.diagnostics.logging.JULLogger log
INFO: Cluster created with settings {hosts=[localhost:27017], mode=SINGLE, requiredClusterType=UNKNOWN, serverSelectionTimeout='30000 ms', maxWaitQueueSize=500}
Oct 20, 2017 12:04:26 PM com.mongodb.diagnostics.logging.JULLogger log
INFO: No server chosen by ReadPreferenceServerSelector{readPreference=primary} from cluster description ClusterDescription{type=UNKNOWN, connectionMode=SINGLE, all=[ServerDescription{address=localhost:27017, type=UNKNOWN, state=CONNECTING}]}. Waiting for 30000 ms before timing out
Oct 20, 2017 12:04:26 PM com.mongodb.diagnostics.logging.JULLogger log
INFO: Opened connection [connectionId{localValue:5, serverValue:113}] to localhost:27017
Oct 20, 2017 12:04:26 PM com.mongodb.diagnostics.logging.JULLogger log
INFO: Monitor thread successfully connected to server with description ServerDescription{address=localhost:27017, type=STANDALONE, state=CONNECTED, ok=true, version=ServerVersion{versionList=[3, 4, 9]}, minWireVersion=0, maxWireVersion=5, maxDocumentSize=16777216, roundTripTimeNanos=386157}
Oct 20, 2017 12:04:26 PM com.mongodb.diagnostics.logging.JULLogger log
INFO: Opened connection [connectionId{localValue:6, serverValue:114}] to localhost:27017
Oct 20, 2017 12:44:32 PM org.apache.catalina.core.StandardContext reload
INFO: Reloading Context with name [/hw] has started
Oct 20, 2017 12:44:32 PM org.apache.catalina.loader.WebappClassLoader clearReferencesThreads
SEVERE: The web application [/hw] appears to have started a thread named [cluster-ClusterId{value='59ea2a61910d83e075e119ba', description='null'}-localhost:27017] but has failed to stop it. This is very likely to create a memory leak.
Oct 20, 2017 12:44:32 PM org.apache.catalina.loader.WebappClassLoader clearReferencesThreads
SEVERE: The web application [/hw] appears to have started a thread named [pool-2-thread-1] but has failed to stop it. This is very likely to create a memory leak.
Oct 20, 2017 12:44:32 PM org.apache.catalina.loader.WebappClassLoader clearReferencesThreads
SEVERE: The web application [/hw] appears to have started a thread named [cluster-ClusterId{value='59ea2c85910d83e075e119bb', description='null'}-localhost:27017] but has failed to stop it. This is very likely to create a memory leak.
Oct 20, 2017 12:44:32 PM org.apache.catalina.loader.WebappClassLoader clearReferencesThreads
SEVERE: The web application [/hw] appears to have started a thread named [pool-3-thread-1] but has failed to stop it. This is very likely to create a memory leak.
Oct 20, 2017 12:44:32 PM org.apache.catalina.loader.WebappClassLoader clearReferencesThreads
SEVERE: The web application [/hw] appears to have started a thread named [cluster-ClusterId{value='59ea2c9a910d83e075e119bc', description='null'}-localhost:27017] but has failed to stop it. This is very likely to create a memory leak.
Oct 20, 2017 12:44:32 PM org.apache.catalina.loader.WebappClassLoader clearReferencesThreads
SEVERE: The web application [/hw] appears to have started a thread named [pool-4-thread-1] but has failed to stop it. This is very likely to create a memory leak.
Oct 20, 2017 12:44:32 PM org.apache.catalina.core.StandardContext reload
INFO: Reloading Context with name [/hw] is completed
Oct 20, 2017 12:44:42 PM org.apache.catalina.core.StandardContext reload
INFO: Reloading Context with name [/hw] has started
Oct 20, 2017 12:44:43 PM org.apache.catalina.core.StandardContext reload
INFO: Reloading Context with name [/hw] is completed
Oct 20, 2017 12:45:33 PM org.apache.catalina.core.StandardContext reload
INFO: Reloading Context with name [/hw] has started
Oct 20, 2017 12:45:33 PM org.apache.catalina.loader.WebappClassLoader clearReferencesThreads
SEVERE: The web application [/hw] appears to have started a thread named [cluster-ClusterId{value='59ea360f910d83e075e119bd', description='null'}-localhost:27017] but has failed to stop it. This is very likely to create a memory leak.
Oct 20, 2017 12:45:33 PM org.apache.catalina.loader.WebappClassLoader clearReferencesThreads
SEVERE: The web application [/hw] appears to have started a thread named [pool-5-thread-1] but has failed to stop it. This is very likely to create a memory leak.
Oct 20, 2017 12:45:33 PM org.apache.catalina.core.StandardContext reload
INFO: Reloading Context with name [/hw] is completed
Oct 20, 2017 12:50:23 PM org.apache.catalina.core.StandardContext reload
INFO: Reloading Context with name [/hw] has started
Oct 20, 2017 12:50:23 PM org.apache.catalina.loader.WebappClassLoader clearReferencesThreads
SEVERE: The web application [/hw] appears to have started a thread named [cluster-ClusterId{value='59ea3643910d83e075e119be', description='null'}-localhost:27017] but has failed to stop it. This is very likely to create a memory leak.
Oct 20, 2017 12:50:23 PM org.apache.catalina.loader.WebappClassLoader clearReferencesThreads
SEVERE: The web application [/hw] appears to have started a thread named [pool-6-thread-1] but has failed to stop it. This is very likely to create a memory leak.
Oct 20, 2017 12:50:24 PM org.apache.catalina.core.StandardContext reload
INFO: Reloading Context with name [/hw] is completed
Oct 20, 2017 12:51:34 PM org.apache.catalina.core.StandardContext reload
INFO: Reloading Context with name [/hw] has started
Oct 20, 2017 12:51:34 PM org.apache.catalina.loader.WebappClassLoader clearReferencesThreads
SEVERE: The web application [/hw] appears to have started a thread named [cluster-ClusterId{value='59ea3770910d83e075e119bf', description='null'}-localhost:27017] but has failed to stop it. This is very likely to create a memory leak.
Oct 20, 2017 12:51:34 PM org.apache.catalina.loader.WebappClassLoader clearReferencesThreads
SEVERE: The web application [/hw] appears to have started a thread named [pool-7-thread-1] but has failed to stop it. This is very likely to create a memory leak.
Oct 20, 2017 12:51:34 PM org.apache.catalina.core.StandardContext reload
INFO: Reloading Context with name [/hw] is completed
Oct 20, 2017 12:53:14 PM org.apache.catalina.core.StandardContext reload
INFO: Reloading Context with name [/hw] has started
Oct 20, 2017 12:53:15 PM org.apache.catalina.core.StandardContext reload
INFO: Reloading Context with name [/hw] is completed
Oct 20, 2017 1:56:28 PM org.apache.catalina.startup.HostConfig checkResources
INFO: Reloading context [/hw]
Oct 20, 2017 1:56:28 PM org.apache.catalina.core.StandardContext reload
INFO: Reloading Context with name [/hw] has started
Oct 20, 2017 1:56:28 PM org.apache.catalina.loader.WebappClassLoader clearReferencesThreads
SEVERE: The web application [/hw] appears to have started a thread named [cluster-ClusterId{value='59ea40da910d83e075e119c0', description='null'}-localhost:27017] but has failed to stop it. This is very likely to create a memory leak.
Oct 20, 2017 1:56:28 PM org.apache.catalina.loader.WebappClassLoader clearReferencesThreads
SEVERE: The web application [/hw] appears to have started a thread named [pool-8-thread-1] but has failed to stop it. This is very likely to create a memory leak.
Oct 20, 2017 1:56:28 PM org.apache.catalina.core.StandardContext reload
INFO: Reloading Context with name [/hw] is completed
Oct 20, 2017 1:56:48 PM org.apache.catalina.core.StandardContext reload
INFO: Reloading Context with name [/hw] has started
Oct 20, 2017 1:56:49 PM org.apache.catalina.core.StandardContext reload
INFO: Reloading Context with name [/hw] is completed
Oct 20, 2017 1:59:19 PM org.apache.catalina.core.StandardContext reload
INFO: Reloading Context with name [/hw] has started
Oct 20, 2017 1:59:19 PM org.apache.catalina.loader.WebappClassLoader clearReferencesThreads
SEVERE: The web application [/hw] appears to have started a thread named [cluster-ClusterId{value='59ea46fb910d83e075e119c2', description='null'}-localhost:27017] but has failed to stop it. This is very likely to create a memory leak.
Oct 20, 2017 1:59:19 PM org.apache.catalina.loader.WebappClassLoader clearReferencesThreads
SEVERE: The web application [/hw] appears to have started a thread named [pool-10-thread-1] but has failed to stop it. This is very likely to create a memory leak.
Oct 20, 2017 1:59:19 PM org.apache.catalina.core.StandardContext reload
INFO: Reloading Context with name [/hw] is completed
Oct 20, 2017 2:12:40 PM org.apache.catalina.core.StandardContext reload
INFO: Reloading Context with name [/hw] has started
Oct 20, 2017 2:12:40 PM org.apache.catalina.loader.WebappClassLoader clearReferencesThreads
SEVERE: The web application [/hw] appears to have started a thread named [cluster-ClusterId{value='59ea478d910d83e075e119c3', description='null'}-localhost:27017] but has failed to stop it. This is very likely to create a memory leak.
Oct 20, 2017 2:12:40 PM org.apache.catalina.loader.WebappClassLoader clearReferencesThreads
SEVERE: The web application [/hw] appears to have started a thread named [pool-11-thread-1] but has failed to stop it. This is very likely to create a memory leak.
Oct 20, 2017 2:12:40 PM org.apache.catalina.core.StandardContext reload
INFO: Reloading Context with name [/hw] is completed
Oct 20, 2017 2:17:10 PM org.apache.catalina.core.StandardContext reload
INFO: Reloading Context with name [/hw] has started
Oct 20, 2017 2:17:10 PM org.apache.catalina.loader.WebappClassLoader clearReferencesThreads
SEVERE: The web application [/hw] appears to have started a thread named [cluster-ClusterId{value='59ea4ab0910d83e075e119c4', description='null'}-localhost:27017] but has failed to stop it. This is very likely to create a memory leak.
Oct 20, 2017 2:17:10 PM org.apache.catalina.loader.WebappClassLoader clearReferencesThreads
SEVERE: The web application [/hw] appears to have started a thread named [pool-12-thread-1] but has failed to stop it. This is very likely to create a memory leak.
Oct 20, 2017 2:17:11 PM org.apache.catalina.core.StandardContext reload
INFO: Reloading Context with name [/hw] is completed
Oct 20, 2017 2:17:11 PM org.apache.coyote.AbstractProtocol pause
INFO: Pausing ProtocolHandler ["http-bio-80"]
Oct 20, 2017 2:17:11 PM org.apache.coyote.AbstractProtocol pause
INFO: Pausing ProtocolHandler ["ajp-bio-8009"]
Oct 20, 2017 2:17:11 PM org.apache.catalina.core.StandardService stopInternal
INFO: Stopping service Catalina
Oct 20, 2017 2:17:11 PM org.apache.catalina.loader.WebappClassLoader clearReferencesThreads
SEVERE: The web application [/code] appears to have started a thread named [cluster-ClusterId{value='59ea420f910d83e075e119c1', description='null'}-localhost:27017] but has failed to stop it. This is very likely to create a memory leak.
Oct 20, 2017 2:17:11 PM org.apache.catalina.loader.WebappClassLoader clearReferencesThreads
SEVERE: The web application [/code] appears to have started a thread named [pool-9-thread-1] but has failed to stop it. This is very likely to create a memory leak.
Oct 20, 2017 2:17:11 PM org.apache.coyote.AbstractProtocol stop
INFO: Stopping ProtocolHandler ["http-bio-80"]
Oct 20, 2017 2:17:11 PM org.apache.coyote.AbstractProtocol stop
INFO: Stopping ProtocolHandler ["ajp-bio-8009"]
Oct 20, 2017 2:17:11 PM org.apache.coyote.AbstractProtocol destroy
INFO: Destroying ProtocolHandler ["http-bio-80"]
Oct 20, 2017 2:17:11 PM org.apache.coyote.AbstractProtocol destroy
INFO: Destroying ProtocolHandler ["ajp-bio-8009"]
Oct 20, 2017 2:17:13 PM org.apache.catalina.core.AprLifecycleListener init
INFO: The APR based Apache Tomcat Native library which allows optimal performance in production environments was not found on the java.library.path: /Users/junyipeng/Library/Java/Extensions:/Library/Java/Extensions:/Network/Library/Java/Extensions:/System/Library/Java/Extensions:/usr/lib/java:.
Oct 20, 2017 2:17:13 PM org.apache.coyote.AbstractProtocol init
INFO: Initializing ProtocolHandler ["http-bio-80"]
Oct 20, 2017 2:17:13 PM org.apache.coyote.AbstractProtocol init
INFO: Initializing ProtocolHandler ["ajp-bio-8009"]
Oct 20, 2017 2:17:13 PM org.apache.catalina.startup.Catalina load
INFO: Initialization processed in 580 ms
Oct 20, 2017 2:17:13 PM org.apache.catalina.core.StandardService startInternal
INFO: Starting service Catalina
Oct 20, 2017 2:17:13 PM org.apache.catalina.core.StandardEngine startInternal
INFO: Starting Servlet Engine: Apache Tomcat/7.0.34
Oct 20, 2017 2:17:13 PM org.apache.catalina.startup.HostConfig deployDirectory
INFO: Deploying web application directory /Users/junyipeng/apache-tomcat-7.0.34/webapps/hw
Oct 20, 2017 2:17:13 PM org.apache.catalina.startup.HostConfig deployDirectory
INFO: Deploying web application directory /Users/junyipeng/apache-tomcat-7.0.34/webapps/zhou
Oct 20, 2017 2:17:14 PM org.apache.catalina.startup.HostConfig deployDirectory
INFO: Deploying web application directory /Users/junyipeng/apache-tomcat-7.0.34/webapps/code
Oct 20, 2017 2:17:14 PM org.apache.catalina.startup.HostConfig deployDirectory
INFO: Deploying web application directory /Users/junyipeng/apache-tomcat-7.0.34/webapps/docs
Oct 20, 2017 2:17:14 PM org.apache.catalina.startup.HostConfig deployDirectory
INFO: Deploying web application directory /Users/junyipeng/apache-tomcat-7.0.34/webapps/peng
Oct 20, 2017 2:17:14 PM org.apache.catalina.startup.HostConfig deployDirectory
INFO: Deploying web application directory /Users/junyipeng/apache-tomcat-7.0.34/webapps/manager
Oct 20, 2017 2:17:14 PM org.apache.catalina.startup.HostConfig deployDirectory
INFO: Deploying web application directory /Users/junyipeng/apache-tomcat-7.0.34/webapps/yi
Oct 20, 2017 2:17:15 PM org.apache.catalina.startup.HostConfig deployDirectory
INFO: Deploying web application directory /Users/junyipeng/apache-tomcat-7.0.34/webapps/examples
Oct 20, 2017 2:17:15 PM org.apache.catalina.startup.HostConfig deployDirectory
INFO: Deploying web application directory /Users/junyipeng/apache-tomcat-7.0.34/webapps/csj
Oct 20, 2017 2:17:15 PM org.apache.catalina.startup.HostConfig deployDirectory
INFO: Deploying web application directory /Users/junyipeng/apache-tomcat-7.0.34/webapps/ROOT
Oct 20, 2017 2:17:15 PM org.apache.catalina.startup.HostConfig deployDirectory
INFO: Deploying web application directory /Users/junyipeng/apache-tomcat-7.0.34/webapps/.git
Oct 20, 2017 2:17:16 PM org.apache.catalina.startup.HostConfig deployDirectory
INFO: Deploying web application directory /Users/junyipeng/apache-tomcat-7.0.34/webapps/host-manager
Oct 20, 2017 2:17:16 PM org.apache.catalina.startup.HostConfig deployDirectory
INFO: Deploying web application directory /Users/junyipeng/apache-tomcat-7.0.34/webapps/jun
Oct 20, 2017 2:17:16 PM org.apache.coyote.AbstractProtocol start
INFO: Starting ProtocolHandler ["http-bio-80"]
Oct 20, 2017 2:17:16 PM org.apache.coyote.AbstractProtocol start
INFO: Starting ProtocolHandler ["ajp-bio-8009"]
Oct 20, 2017 2:17:16 PM org.apache.catalina.startup.Catalina start
INFO: Server startup in 2507 ms
Oct 20, 2017 2:17:24 PM com.mongodb.diagnostics.logging.JULLogger log
INFO: Cluster created with settings {hosts=[localhost:27017], mode=SINGLE, requiredClusterType=UNKNOWN, serverSelectionTimeout='30000 ms', maxWaitQueueSize=500}
Oct 20, 2017 2:17:24 PM com.mongodb.diagnostics.logging.JULLogger log
INFO: Opened connection [connectionId{localValue:1, serverValue:148}] to localhost:27017
Oct 20, 2017 2:17:24 PM com.mongodb.diagnostics.logging.JULLogger log
INFO: Monitor thread successfully connected to server with description ServerDescription{address=localhost:27017, type=STANDALONE, state=CONNECTED, ok=true, version=ServerVersion{versionList=[3, 4, 9]}, minWireVersion=0, maxWireVersion=5, maxDocumentSize=16777216, roundTripTimeNanos=391271}
Oct 20, 2017 2:17:24 PM com.mongodb.diagnostics.logging.JULLogger log
INFO: Opened connection [connectionId{localValue:2, serverValue:149}] to localhost:27017
Oct 20, 2017 2:17:24 PM com.mongodb.diagnostics.logging.JULLogger log
INFO: Opened connection [connectionId{localValue:3, serverValue:150}] to localhost:27017
Oct 20, 2017 2:28:46 PM org.apache.catalina.core.StandardContext reload
INFO: Reloading Context with name [/hw] has started
Oct 20, 2017 2:28:46 PM org.apache.catalina.loader.WebappClassLoader clearReferencesThreads
SEVERE: The web application [/hw] appears to have started a thread named [cluster-ClusterId{value='59ea4bc4910d83f17a0bb074', description='null'}-localhost:27017] but has failed to stop it. This is very likely to create a memory leak.
Oct 20, 2017 2:28:46 PM org.apache.catalina.loader.WebappClassLoader clearReferencesThreads
SEVERE: The web application [/hw] appears to have started a thread named [pool-2-thread-1] but has failed to stop it. This is very likely to create a memory leak.
Oct 20, 2017 2:28:47 PM org.apache.catalina.core.StandardContext reload
INFO: Reloading Context with name [/hw] is completed
Oct 20, 2017 2:41:07 PM org.apache.catalina.core.StandardContext reload
INFO: Reloading Context with name [/hw] has started
Oct 20, 2017 2:41:07 PM org.apache.catalina.loader.WebappClassLoader clearReferencesThreads
SEVERE: The web application [/hw] appears to have started a thread named [cluster-ClusterId{value='59ea4e86910d83f17a0bb075', description='null'}-localhost:27017] but has failed to stop it. This is very likely to create a memory leak.
Oct 20, 2017 2:41:07 PM org.apache.catalina.loader.WebappClassLoader clearReferencesThreads
SEVERE: The web application [/hw] appears to have started a thread named [pool-3-thread-1] but has failed to stop it. This is very likely to create a memory leak.
Oct 20, 2017 2:41:07 PM org.apache.catalina.core.StandardContext reload
INFO: Reloading Context with name [/hw] is completed
