Oct 27, 2017 11:48:00 AM org.apache.catalina.core.AprLifecycleListener init
INFO: The APR based Apache Tomcat Native library which allows optimal performance in production environments was not found on the java.library.path: /Users/junyipeng/Library/Java/Extensions:/Library/Java/Extensions:/Network/Library/Java/Extensions:/System/Library/Java/Extensions:/usr/lib/java:.
Oct 27, 2017 11:48:00 AM org.apache.coyote.AbstractProtocol init
INFO: Initializing ProtocolHandler ["http-bio-80"]
Oct 27, 2017 11:48:00 AM org.apache.coyote.AbstractProtocol init
INFO: Initializing ProtocolHandler ["ajp-bio-8009"]
Oct 27, 2017 11:48:00 AM org.apache.catalina.startup.Catalina load
INFO: Initialization processed in 733 ms
Oct 27, 2017 11:48:00 AM org.apache.catalina.core.StandardService startInternal
INFO: Starting service Catalina
Oct 27, 2017 11:48:00 AM org.apache.catalina.core.StandardEngine startInternal
INFO: Starting Servlet Engine: Apache Tomcat/7.0.34
Oct 27, 2017 11:48:00 AM org.apache.catalina.startup.HostConfig deployDirectory
INFO: Deploying web application directory /Users/junyipeng/apache-tomcat-7.0.34/webapps/hw
Oct 27, 2017 11:48:01 AM org.apache.catalina.startup.HostConfig deployDirectory
INFO: Deploying web application directory /Users/junyipeng/apache-tomcat-7.0.34/webapps/zhou
Oct 27, 2017 11:48:01 AM org.apache.catalina.startup.HostConfig deployDirectory
INFO: Deploying web application directory /Users/junyipeng/apache-tomcat-7.0.34/webapps/code
Oct 27, 2017 11:48:02 AM org.apache.catalina.startup.HostConfig deployDirectory
INFO: Deploying web application directory /Users/junyipeng/apache-tomcat-7.0.34/webapps/docs
Oct 27, 2017 11:48:02 AM org.apache.catalina.startup.HostConfig deployDirectory
INFO: Deploying web application directory /Users/junyipeng/apache-tomcat-7.0.34/webapps/peng
Oct 27, 2017 11:48:02 AM org.apache.catalina.startup.HostConfig deployDirectory
INFO: Deploying web application directory /Users/junyipeng/apache-tomcat-7.0.34/webapps/manager
Oct 27, 2017 11:48:02 AM org.apache.catalina.startup.HostConfig deployDirectory
INFO: Deploying web application directory /Users/junyipeng/apache-tomcat-7.0.34/webapps/yi
Oct 27, 2017 11:48:02 AM org.apache.catalina.startup.HostConfig deployDirectory
INFO: Deploying web application directory /Users/junyipeng/apache-tomcat-7.0.34/webapps/examples
Oct 27, 2017 11:48:02 AM org.apache.catalina.startup.HostConfig deployDirectory
INFO: Deploying web application directory /Users/junyipeng/apache-tomcat-7.0.34/webapps/csj
Oct 27, 2017 11:48:02 AM org.apache.catalina.startup.HostConfig deployDirectory
INFO: Deploying web application directory /Users/junyipeng/apache-tomcat-7.0.34/webapps/ROOT
Oct 27, 2017 11:48:02 AM org.apache.catalina.startup.HostConfig deployDirectory
INFO: Deploying web application directory /Users/junyipeng/apache-tomcat-7.0.34/webapps/.git
Oct 27, 2017 11:48:03 AM org.apache.catalina.startup.HostConfig deployDirectory
INFO: Deploying web application directory /Users/junyipeng/apache-tomcat-7.0.34/webapps/host-manager
Oct 27, 2017 11:48:03 AM org.apache.catalina.startup.HostConfig deployDirectory
INFO: Deploying web application directory /Users/junyipeng/apache-tomcat-7.0.34/webapps/jun
Oct 27, 2017 11:48:03 AM org.apache.coyote.AbstractProtocol start
INFO: Starting ProtocolHandler ["http-bio-80"]
Oct 27, 2017 11:48:03 AM org.apache.coyote.AbstractProtocol start
INFO: Starting ProtocolHandler ["ajp-bio-8009"]
Oct 27, 2017 11:48:03 AM org.apache.catalina.startup.Catalina start
INFO: Server startup in 2616 ms
Oct 27, 2017 3:17:56 PM com.mongodb.diagnostics.logging.JULLogger log
INFO: Cluster created with settings {hosts=[localhost:27017], mode=SINGLE, requiredClusterType=UNKNOWN, serverSelectionTimeout='30000 ms', maxWaitQueueSize=500}
Oct 27, 2017 3:17:56 PM com.mongodb.diagnostics.logging.JULLogger log
INFO: No server chosen by ReadPreferenceServerSelector{readPreference=primary} from cluster description ClusterDescription{type=UNKNOWN, connectionMode=SINGLE, all=[ServerDescription{address=localhost:27017, type=UNKNOWN, state=CONNECTING}]}. Waiting for 30000 ms before timing out
Oct 27, 2017 3:17:56 PM com.mongodb.diagnostics.logging.JULLogger log
INFO: Exception in monitor thread while connecting to server localhost:27017
com.mongodb.MongoSocketOpenException: Exception opening socket
	at com.mongodb.connection.SocketStream.open(SocketStream.java:63)
	at com.mongodb.connection.InternalStreamConnection.open(InternalStreamConnection.java:114)
	at com.mongodb.connection.DefaultServerMonitor$ServerMonitorRunnable.run(DefaultServerMonitor.java:128)
	at java.lang.Thread.run(Thread.java:745)
Caused by: java.net.ConnectException: Connection refused (Connection refused)
	at java.net.PlainSocketImpl.socketConnect(Native Method)
	at java.net.AbstractPlainSocketImpl.doConnect(AbstractPlainSocketImpl.java:350)
	at java.net.AbstractPlainSocketImpl.connectToAddress(AbstractPlainSocketImpl.java:206)
	at java.net.AbstractPlainSocketImpl.connect(AbstractPlainSocketImpl.java:188)
	at java.net.SocksSocketImpl.connect(SocksSocketImpl.java:392)
	at java.net.Socket.connect(Socket.java:589)
	at com.mongodb.connection.SocketStreamHelper.initialize(SocketStreamHelper.java:50)
	at com.mongodb.connection.SocketStream.open(SocketStream.java:58)
	... 3 more

Oct 27, 2017 3:20:47 PM com.mongodb.diagnostics.logging.JULLogger log
INFO: Opened connection [connectionId{localValue:65, serverValue:1}] to localhost:27017
Oct 27, 2017 3:20:47 PM com.mongodb.diagnostics.logging.JULLogger log
INFO: Monitor thread successfully connected to server with description ServerDescription{address=localhost:27017, type=STANDALONE, state=CONNECTED, ok=true, version=ServerVersion{versionList=[3, 4, 9]}, minWireVersion=0, maxWireVersion=5, maxDocumentSize=16777216, roundTripTimeNanos=477310}
Oct 27, 2017 3:20:49 PM com.mongodb.diagnostics.logging.JULLogger log
INFO: Cluster created with settings {hosts=[localhost:27017], mode=SINGLE, requiredClusterType=UNKNOWN, serverSelectionTimeout='30000 ms', maxWaitQueueSize=500}
Oct 27, 2017 3:20:49 PM com.mongodb.diagnostics.logging.JULLogger log
INFO: No server chosen by ReadPreferenceServerSelector{readPreference=primary} from cluster description ClusterDescription{type=UNKNOWN, connectionMode=SINGLE, all=[ServerDescription{address=localhost:27017, type=UNKNOWN, state=CONNECTING}]}. Waiting for 30000 ms before timing out
Oct 27, 2017 3:20:49 PM com.mongodb.diagnostics.logging.JULLogger log
INFO: Opened connection [connectionId{localValue:66, serverValue:2}] to localhost:27017
Oct 27, 2017 3:20:49 PM com.mongodb.diagnostics.logging.JULLogger log
INFO: Monitor thread successfully connected to server with description ServerDescription{address=localhost:27017, type=STANDALONE, state=CONNECTED, ok=true, version=ServerVersion{versionList=[3, 4, 9]}, minWireVersion=0, maxWireVersion=5, maxDocumentSize=16777216, roundTripTimeNanos=345731}
Oct 27, 2017 3:20:49 PM com.mongodb.diagnostics.logging.JULLogger log
INFO: Opened connection [connectionId{localValue:67, serverValue:3}] to localhost:27017
Oct 27, 2017 4:28:36 PM org.apache.catalina.core.StandardContext reload
INFO: Reloading Context with name [/hw] has started
Oct 27, 2017 4:28:36 PM org.apache.catalina.loader.WebappClassLoader clearReferencesThreads
SEVERE: The web application [/hw] appears to have started a thread named [cluster-ClusterId{value='59f39474fad1ac2bf16d8660', description='null'}-localhost:27017] but has failed to stop it. This is very likely to create a memory leak.
Oct 27, 2017 4:28:36 PM org.apache.catalina.loader.WebappClassLoader clearReferencesThreads
SEVERE: The web application [/hw] appears to have started a thread named [pool-2-thread-1] but has failed to stop it. This is very likely to create a memory leak.
Oct 27, 2017 4:28:36 PM org.apache.catalina.loader.WebappClassLoader clearReferencesThreads
SEVERE: The web application [/hw] appears to have started a thread named [cluster-ClusterId{value='59f39521fad1ac2bf16d8661', description='null'}-localhost:27017] but has failed to stop it. This is very likely to create a memory leak.
Oct 27, 2017 4:28:36 PM org.apache.catalina.loader.WebappClassLoader clearReferencesThreads
SEVERE: The web application [/hw] appears to have started a thread named [pool-3-thread-1] but has failed to stop it. This is very likely to create a memory leak.
Oct 27, 2017 4:28:36 PM org.apache.catalina.core.StandardContext reload
INFO: Reloading Context with name [/hw] is completed
Oct 27, 2017 4:29:36 PM org.apache.catalina.core.StandardContext reload
INFO: Reloading Context with name [/hw] has started
Oct 27, 2017 4:29:37 PM org.apache.catalina.core.StandardContext reload
INFO: Reloading Context with name [/hw] is completed
Oct 27, 2017 4:53:17 PM org.apache.catalina.core.StandardContext reload
INFO: Reloading Context with name [/hw] has started
Oct 27, 2017 4:53:17 PM org.apache.catalina.loader.WebappClassLoader clearReferencesThreads
SEVERE: The web application [/hw] appears to have started a thread named [cluster-ClusterId{value='59f3a5d8fad1ac2bf16d8662', description='null'}-localhost:27017] but has failed to stop it. This is very likely to create a memory leak.
Oct 27, 2017 4:53:17 PM org.apache.catalina.loader.WebappClassLoader clearReferencesThreads
SEVERE: The web application [/hw] appears to have started a thread named [pool-4-thread-1] but has failed to stop it. This is very likely to create a memory leak.
Oct 27, 2017 4:53:18 PM org.apache.catalina.core.StandardContext reload
INFO: Reloading Context with name [/hw] is completed
Oct 27, 2017 4:54:28 PM org.apache.catalina.core.StandardContext reload
INFO: Reloading Context with name [/hw] has started
Oct 27, 2017 4:54:28 PM org.apache.catalina.core.StandardContext reload
INFO: Reloading Context with name [/hw] is completed
Oct 27, 2017 4:56:18 PM org.apache.catalina.core.StandardContext reload
INFO: Reloading Context with name [/hw] has started
Oct 27, 2017 4:56:19 PM org.apache.catalina.core.StandardContext reload
INFO: Reloading Context with name [/hw] is completed
Oct 27, 2017 4:57:29 PM org.apache.catalina.core.StandardContext reload
INFO: Reloading Context with name [/hw] has started
Oct 27, 2017 4:57:29 PM org.apache.catalina.core.StandardContext reload
INFO: Reloading Context with name [/hw] is completed
Oct 27, 2017 9:29:06 PM org.apache.coyote.AbstractProtocol pause
INFO: Pausing ProtocolHandler ["http-bio-80"]
Oct 27, 2017 9:29:06 PM org.apache.coyote.AbstractProtocol pause
INFO: Pausing ProtocolHandler ["ajp-bio-8009"]
Oct 27, 2017 9:29:06 PM org.apache.catalina.core.StandardService stopInternal
INFO: Stopping service Catalina
Oct 27, 2017 9:29:06 PM org.apache.coyote.AbstractProtocol stop
INFO: Stopping ProtocolHandler ["http-bio-80"]
Oct 27, 2017 9:29:06 PM org.apache.coyote.AbstractProtocol stop
INFO: Stopping ProtocolHandler ["ajp-bio-8009"]
Oct 27, 2017 9:29:06 PM org.apache.coyote.AbstractProtocol destroy
INFO: Destroying ProtocolHandler ["http-bio-80"]
Oct 27, 2017 9:29:06 PM org.apache.coyote.AbstractProtocol destroy
INFO: Destroying ProtocolHandler ["ajp-bio-8009"]
