Nov 13, 2017 12:00:43 AM org.apache.catalina.core.ApplicationContext log
INFO: SessionListener: contextDestroyed()
Nov 13, 2017 12:00:43 AM org.apache.catalina.core.ApplicationContext log
INFO: ContextListener: contextDestroyed()
Nov 13, 2017 12:00:47 AM org.apache.catalina.core.ApplicationContext log
INFO: ContextListener: contextInitialized()
Nov 13, 2017 12:00:47 AM org.apache.catalina.core.ApplicationContext log
INFO: SessionListener: contextInitialized()
Nov 13, 2017 12:00:47 AM org.apache.catalina.core.ApplicationContext log
INFO: ContextListener: attributeAdded('org.apache.jasper.compiler.TldLocationsCache', 'org.apache.jasper.compiler.TldLocationsCache@7165b001')
Nov 13, 2017 12:05:41 AM org.apache.catalina.core.ApplicationContext log
INFO: SessionListener: contextDestroyed()
Nov 13, 2017 12:05:41 AM org.apache.catalina.core.ApplicationContext log
INFO: ContextListener: contextDestroyed()
Nov 13, 2017 12:05:48 AM org.apache.catalina.core.ApplicationContext log
INFO: ContextListener: contextInitialized()
Nov 13, 2017 12:05:48 AM org.apache.catalina.core.ApplicationContext log
INFO: SessionListener: contextInitialized()
Nov 13, 2017 12:05:48 AM org.apache.catalina.core.ApplicationContext log
INFO: ContextListener: attributeAdded('org.apache.jasper.compiler.TldLocationsCache', 'org.apache.jasper.compiler.TldLocationsCache@7482f1d1')
Nov 13, 2017 12:08:59 AM org.apache.catalina.core.ApplicationContext log
INFO: SessionListener: contextDestroyed()
Nov 13, 2017 12:08:59 AM org.apache.catalina.core.ApplicationContext log
INFO: ContextListener: contextDestroyed()
Nov 13, 2017 12:09:03 AM org.apache.catalina.core.ApplicationContext log
INFO: ContextListener: contextInitialized()
Nov 13, 2017 12:09:03 AM org.apache.catalina.core.ApplicationContext log
INFO: SessionListener: contextInitialized()
Nov 13, 2017 12:09:03 AM org.apache.catalina.core.ApplicationContext log
INFO: ContextListener: attributeAdded('org.apache.jasper.compiler.TldLocationsCache', 'org.apache.jasper.compiler.TldLocationsCache@7165b001')
Nov 13, 2017 12:16:17 AM org.apache.catalina.core.ApplicationContext log
INFO: SessionListener: contextDestroyed()
Nov 13, 2017 12:16:17 AM org.apache.catalina.core.ApplicationContext log
INFO: ContextListener: contextDestroyed()
Nov 13, 2017 12:16:21 AM org.apache.catalina.core.ApplicationContext log
INFO: ContextListener: contextInitialized()
Nov 13, 2017 12:16:21 AM org.apache.catalina.core.ApplicationContext log
INFO: SessionListener: contextInitialized()
Nov 13, 2017 12:16:21 AM org.apache.catalina.core.ApplicationContext log
INFO: ContextListener: attributeAdded('org.apache.jasper.compiler.TldLocationsCache', 'org.apache.jasper.compiler.TldLocationsCache@74d1fd1d')
Nov 13, 2017 12:52:31 AM org.apache.catalina.core.ApplicationContext log
INFO: SessionListener: contextDestroyed()
Nov 13, 2017 12:52:31 AM org.apache.catalina.core.ApplicationContext log
INFO: ContextListener: contextDestroyed()
Nov 13, 2017 12:52:35 AM org.apache.catalina.core.ApplicationContext log
INFO: ContextListener: contextInitialized()
Nov 13, 2017 12:52:35 AM org.apache.catalina.core.ApplicationContext log
INFO: SessionListener: contextInitialized()
Nov 13, 2017 12:52:35 AM org.apache.catalina.core.ApplicationContext log
INFO: ContextListener: attributeAdded('org.apache.jasper.compiler.TldLocationsCache', 'org.apache.jasper.compiler.TldLocationsCache@74d1fd1d')
Nov 13, 2017 1:02:40 AM org.apache.catalina.core.ApplicationContext log
INFO: SessionListener: contextDestroyed()
Nov 13, 2017 1:02:40 AM org.apache.catalina.core.ApplicationContext log
INFO: ContextListener: contextDestroyed()
