Oct 25, 2017 12:08:07 AM org.apache.catalina.core.ApplicationContext log
INFO: SessionListener: contextDestroyed()
Oct 25, 2017 12:08:07 AM org.apache.catalina.core.ApplicationContext log
INFO: ContextListener: contextDestroyed()
Oct 25, 2017 12:08:11 AM org.apache.catalina.core.ApplicationContext log
INFO: ContextListener: contextInitialized()
Oct 25, 2017 12:08:11 AM org.apache.catalina.core.ApplicationContext log
INFO: SessionListener: contextInitialized()
Oct 25, 2017 12:08:11 AM org.apache.catalina.core.ApplicationContext log
INFO: ContextListener: attributeAdded('org.apache.jasper.compiler.TldLocationsCache', 'org.apache.jasper.compiler.TldLocationsCache@2e887fed')
Oct 25, 2017 12:28:57 AM org.apache.catalina.core.ApplicationContext log
INFO: SessionListener: contextDestroyed()
Oct 25, 2017 12:28:57 AM org.apache.catalina.core.ApplicationContext log
INFO: ContextListener: contextDestroyed()
Oct 25, 2017 12:29:01 AM org.apache.catalina.core.ApplicationContext log
INFO: ContextListener: contextInitialized()
Oct 25, 2017 12:29:01 AM org.apache.catalina.core.ApplicationContext log
INFO: SessionListener: contextInitialized()
Oct 25, 2017 12:29:01 AM org.apache.catalina.core.ApplicationContext log
INFO: ContextListener: attributeAdded('org.apache.jasper.compiler.TldLocationsCache', 'org.apache.jasper.compiler.TldLocationsCache@46b6951b')
Oct 25, 2017 12:32:50 AM org.apache.catalina.core.ApplicationContext log
INFO: SessionListener: contextDestroyed()
Oct 25, 2017 12:32:50 AM org.apache.catalina.core.ApplicationContext log
INFO: ContextListener: contextDestroyed()
Oct 25, 2017 12:32:54 AM org.apache.catalina.core.ApplicationContext log
INFO: ContextListener: contextInitialized()
Oct 25, 2017 12:32:54 AM org.apache.catalina.core.ApplicationContext log
INFO: SessionListener: contextInitialized()
Oct 25, 2017 12:32:54 AM org.apache.catalina.core.ApplicationContext log
INFO: ContextListener: attributeAdded('org.apache.jasper.compiler.TldLocationsCache', 'org.apache.jasper.compiler.TldLocationsCache@642c29de')
Oct 25, 2017 12:35:07 AM org.apache.catalina.core.ApplicationContext log
INFO: SessionListener: contextDestroyed()
Oct 25, 2017 12:35:07 AM org.apache.catalina.core.ApplicationContext log
INFO: ContextListener: contextDestroyed()
Oct 25, 2017 12:35:11 AM org.apache.catalina.core.ApplicationContext log
INFO: ContextListener: contextInitialized()
Oct 25, 2017 12:35:11 AM org.apache.catalina.core.ApplicationContext log
INFO: SessionListener: contextInitialized()
Oct 25, 2017 12:35:11 AM org.apache.catalina.core.ApplicationContext log
INFO: ContextListener: attributeAdded('org.apache.jasper.compiler.TldLocationsCache', 'org.apache.jasper.compiler.TldLocationsCache@1c8cd34d')
Oct 25, 2017 12:38:01 AM org.apache.catalina.core.ApplicationContext log
INFO: SessionListener: contextDestroyed()
Oct 25, 2017 12:38:01 AM org.apache.catalina.core.ApplicationContext log
INFO: ContextListener: contextDestroyed()
Oct 25, 2017 12:38:04 AM org.apache.catalina.core.ApplicationContext log
INFO: ContextListener: contextInitialized()
Oct 25, 2017 12:38:04 AM org.apache.catalina.core.ApplicationContext log
INFO: SessionListener: contextInitialized()
Oct 25, 2017 12:38:04 AM org.apache.catalina.core.ApplicationContext log
INFO: ContextListener: attributeAdded('org.apache.jasper.compiler.TldLocationsCache', 'org.apache.jasper.compiler.TldLocationsCache@1c8cd34d')
Oct 25, 2017 1:10:03 AM org.apache.catalina.core.ApplicationContext log
INFO: SessionListener: contextDestroyed()
Oct 25, 2017 1:10:03 AM org.apache.catalina.core.ApplicationContext log
INFO: ContextListener: contextDestroyed()
Oct 25, 2017 1:10:07 AM org.apache.catalina.core.ApplicationContext log
INFO: ContextListener: contextInitialized()
Oct 25, 2017 1:10:07 AM org.apache.catalina.core.ApplicationContext log
INFO: SessionListener: contextInitialized()
Oct 25, 2017 1:10:07 AM org.apache.catalina.core.ApplicationContext log
INFO: ContextListener: attributeAdded('org.apache.jasper.compiler.TldLocationsCache', 'org.apache.jasper.compiler.TldLocationsCache@185edf00')
Oct 25, 2017 1:24:16 AM org.apache.catalina.core.ApplicationContext log
INFO: SessionListener: contextDestroyed()
Oct 25, 2017 1:24:16 AM org.apache.catalina.core.ApplicationContext log
INFO: ContextListener: contextDestroyed()
Oct 25, 2017 1:24:20 AM org.apache.catalina.core.ApplicationContext log
INFO: ContextListener: contextInitialized()
Oct 25, 2017 1:24:20 AM org.apache.catalina.core.ApplicationContext log
INFO: SessionListener: contextInitialized()
Oct 25, 2017 1:24:20 AM org.apache.catalina.core.ApplicationContext log
INFO: ContextListener: attributeAdded('org.apache.jasper.compiler.TldLocationsCache', 'org.apache.jasper.compiler.TldLocationsCache@4512bb1c')
Oct 25, 2017 1:24:43 AM org.apache.catalina.core.StandardWrapperValve invoke
SEVERE: Servlet.service() for servlet [CheckoutServlet] in context with path [/hw] threw exception
java.lang.NullPointerException
	at CheckoutServlet.doPost(CheckoutServlet.java:90)
	at javax.servlet.http.HttpServlet.service(HttpServlet.java:647)
	at javax.servlet.http.HttpServlet.service(HttpServlet.java:728)
	at org.apache.catalina.core.ApplicationFilterChain.internalDoFilter(ApplicationFilterChain.java:305)
	at org.apache.catalina.core.ApplicationFilterChain.doFilter(ApplicationFilterChain.java:210)
	at org.apache.catalina.core.StandardWrapperValve.invoke(StandardWrapperValve.java:222)
	at org.apache.catalina.core.StandardContextValve.invoke(StandardContextValve.java:123)
	at org.apache.catalina.core.StandardHostValve.invoke(StandardHostValve.java:171)
	at org.apache.catalina.valves.ErrorReportValve.invoke(ErrorReportValve.java:99)
	at org.apache.catalina.valves.AccessLogValve.invoke(AccessLogValve.java:936)
	at org.apache.catalina.core.StandardEngineValve.invoke(StandardEngineValve.java:118)
	at org.apache.catalina.connector.CoyoteAdapter.service(CoyoteAdapter.java:407)
	at org.apache.coyote.http11.AbstractHttp11Processor.process(AbstractHttp11Processor.java:1004)
	at org.apache.coyote.AbstractProtocol$AbstractConnectionHandler.process(AbstractProtocol.java:589)
	at org.apache.tomcat.util.net.JIoEndpoint$SocketProcessor.run(JIoEndpoint.java:312)
	at java.util.concurrent.ThreadPoolExecutor.runWorker(ThreadPoolExecutor.java:1142)
	at java.util.concurrent.ThreadPoolExecutor$Worker.run(ThreadPoolExecutor.java:617)
	at java.lang.Thread.run(Thread.java:745)

Oct 25, 2017 1:29:39 AM org.apache.catalina.core.ApplicationContext log
INFO: SessionListener: contextDestroyed()
Oct 25, 2017 1:29:39 AM org.apache.catalina.core.ApplicationContext log
INFO: ContextListener: contextDestroyed()
Oct 25, 2017 1:29:43 AM org.apache.catalina.core.ApplicationContext log
INFO: ContextListener: contextInitialized()
Oct 25, 2017 1:29:43 AM org.apache.catalina.core.ApplicationContext log
INFO: SessionListener: contextInitialized()
Oct 25, 2017 1:29:43 AM org.apache.catalina.core.ApplicationContext log
INFO: ContextListener: attributeAdded('org.apache.jasper.compiler.TldLocationsCache', 'org.apache.jasper.compiler.TldLocationsCache@185edf00')
Oct 25, 2017 1:35:09 AM org.apache.catalina.core.ApplicationContext log
INFO: SessionListener: contextDestroyed()
Oct 25, 2017 1:35:09 AM org.apache.catalina.core.ApplicationContext log
INFO: ContextListener: contextDestroyed()
Oct 25, 2017 1:35:13 AM org.apache.catalina.core.ApplicationContext log
INFO: ContextListener: contextInitialized()
Oct 25, 2017 1:35:13 AM org.apache.catalina.core.ApplicationContext log
INFO: SessionListener: contextInitialized()
Oct 25, 2017 1:35:13 AM org.apache.catalina.core.ApplicationContext log
INFO: ContextListener: attributeAdded('org.apache.jasper.compiler.TldLocationsCache', 'org.apache.jasper.compiler.TldLocationsCache@2206b64e')
Oct 25, 2017 1:35:19 AM org.apache.catalina.core.StandardWrapperValve invoke
SEVERE: Servlet.service() for servlet [OrdersServlet] in context with path [/hw] threw exception
java.lang.NullPointerException
	at OrdersServlet.processRequest(OrdersServlet.java:70)
	at OrdersServlet.doGet(OrdersServlet.java:178)
	at javax.servlet.http.HttpServlet.service(HttpServlet.java:621)
	at javax.servlet.http.HttpServlet.service(HttpServlet.java:728)
	at org.apache.catalina.core.ApplicationFilterChain.internalDoFilter(ApplicationFilterChain.java:305)
	at org.apache.catalina.core.ApplicationFilterChain.doFilter(ApplicationFilterChain.java:210)
	at org.apache.catalina.core.StandardWrapperValve.invoke(StandardWrapperValve.java:222)
	at org.apache.catalina.core.StandardContextValve.invoke(StandardContextValve.java:123)
	at org.apache.catalina.core.StandardHostValve.invoke(StandardHostValve.java:171)
	at org.apache.catalina.valves.ErrorReportValve.invoke(ErrorReportValve.java:99)
	at org.apache.catalina.valves.AccessLogValve.invoke(AccessLogValve.java:936)
	at org.apache.catalina.core.StandardEngineValve.invoke(StandardEngineValve.java:118)
	at org.apache.catalina.connector.CoyoteAdapter.service(CoyoteAdapter.java:407)
	at org.apache.coyote.http11.AbstractHttp11Processor.process(AbstractHttp11Processor.java:1004)
	at org.apache.coyote.AbstractProtocol$AbstractConnectionHandler.process(AbstractProtocol.java:589)
	at org.apache.tomcat.util.net.JIoEndpoint$SocketProcessor.run(JIoEndpoint.java:310)
	at java.util.concurrent.ThreadPoolExecutor.runWorker(ThreadPoolExecutor.java:1142)
	at java.util.concurrent.ThreadPoolExecutor$Worker.run(ThreadPoolExecutor.java:617)
	at java.lang.Thread.run(Thread.java:745)

Oct 25, 2017 1:37:47 AM org.apache.catalina.core.ApplicationContext log
INFO: SessionListener: contextDestroyed()
Oct 25, 2017 1:37:47 AM org.apache.catalina.core.ApplicationContext log
INFO: ContextListener: contextDestroyed()
Oct 25, 2017 1:37:51 AM org.apache.catalina.core.ApplicationContext log
INFO: ContextListener: contextInitialized()
Oct 25, 2017 1:37:51 AM org.apache.catalina.core.ApplicationContext log
INFO: SessionListener: contextInitialized()
Oct 25, 2017 1:37:51 AM org.apache.catalina.core.ApplicationContext log
INFO: ContextListener: attributeAdded('org.apache.jasper.compiler.TldLocationsCache', 'org.apache.jasper.compiler.TldLocationsCache@2206b64e')
Oct 25, 2017 2:09:17 AM org.apache.catalina.core.StandardWrapperValve invoke
SEVERE: Servlet.service() for servlet [ReportServlet] in context with path [/hw] threw exception
java.lang.NullPointerException
	at ReportServlet.doGet(ReportServlet.java:128)
	at javax.servlet.http.HttpServlet.service(HttpServlet.java:621)
	at javax.servlet.http.HttpServlet.service(HttpServlet.java:728)
	at org.apache.catalina.core.ApplicationFilterChain.internalDoFilter(ApplicationFilterChain.java:305)
	at org.apache.catalina.core.ApplicationFilterChain.doFilter(ApplicationFilterChain.java:210)
	at org.apache.catalina.core.StandardWrapperValve.invoke(StandardWrapperValve.java:222)
	at org.apache.catalina.core.StandardContextValve.invoke(StandardContextValve.java:123)
	at org.apache.catalina.core.StandardHostValve.invoke(StandardHostValve.java:171)
	at org.apache.catalina.valves.ErrorReportValve.invoke(ErrorReportValve.java:99)
	at org.apache.catalina.valves.AccessLogValve.invoke(AccessLogValve.java:936)
	at org.apache.catalina.core.StandardEngineValve.invoke(StandardEngineValve.java:118)
	at org.apache.catalina.connector.CoyoteAdapter.service(CoyoteAdapter.java:407)
	at org.apache.coyote.http11.AbstractHttp11Processor.process(AbstractHttp11Processor.java:1004)
	at org.apache.coyote.AbstractProtocol$AbstractConnectionHandler.process(AbstractProtocol.java:589)
	at org.apache.tomcat.util.net.JIoEndpoint$SocketProcessor.run(JIoEndpoint.java:312)
	at java.util.concurrent.ThreadPoolExecutor.runWorker(ThreadPoolExecutor.java:1142)
	at java.util.concurrent.ThreadPoolExecutor$Worker.run(ThreadPoolExecutor.java:617)
	at java.lang.Thread.run(Thread.java:745)

Oct 25, 2017 2:12:06 AM org.apache.catalina.core.StandardWrapperValve invoke
SEVERE: Servlet.service() for servlet [ReportServlet] in context with path [/hw] threw exception
java.lang.NullPointerException
	at ReportServlet.doGet(ReportServlet.java:129)
	at javax.servlet.http.HttpServlet.service(HttpServlet.java:621)
	at javax.servlet.http.HttpServlet.service(HttpServlet.java:728)
	at org.apache.catalina.core.ApplicationFilterChain.internalDoFilter(ApplicationFilterChain.java:305)
	at org.apache.catalina.core.ApplicationFilterChain.doFilter(ApplicationFilterChain.java:210)
	at org.apache.catalina.core.StandardWrapperValve.invoke(StandardWrapperValve.java:222)
	at org.apache.catalina.core.StandardContextValve.invoke(StandardContextValve.java:123)
	at org.apache.catalina.core.StandardHostValve.invoke(StandardHostValve.java:171)
	at org.apache.catalina.valves.ErrorReportValve.invoke(ErrorReportValve.java:99)
	at org.apache.catalina.valves.AccessLogValve.invoke(AccessLogValve.java:936)
	at org.apache.catalina.core.StandardEngineValve.invoke(StandardEngineValve.java:118)
	at org.apache.catalina.connector.CoyoteAdapter.service(CoyoteAdapter.java:407)
	at org.apache.coyote.http11.AbstractHttp11Processor.process(AbstractHttp11Processor.java:1004)
	at org.apache.coyote.AbstractProtocol$AbstractConnectionHandler.process(AbstractProtocol.java:589)
	at org.apache.tomcat.util.net.JIoEndpoint$SocketProcessor.run(JIoEndpoint.java:312)
	at java.util.concurrent.ThreadPoolExecutor.runWorker(ThreadPoolExecutor.java:1142)
	at java.util.concurrent.ThreadPoolExecutor$Worker.run(ThreadPoolExecutor.java:617)
	at java.lang.Thread.run(Thread.java:745)

Oct 25, 2017 2:14:11 AM org.apache.catalina.core.ApplicationContext log
INFO: SessionListener: contextDestroyed()
Oct 25, 2017 2:14:11 AM org.apache.catalina.core.ApplicationContext log
INFO: ContextListener: contextDestroyed()
Oct 25, 2017 2:14:15 AM org.apache.catalina.core.ApplicationContext log
INFO: ContextListener: contextInitialized()
Oct 25, 2017 2:14:15 AM org.apache.catalina.core.ApplicationContext log
INFO: SessionListener: contextInitialized()
Oct 25, 2017 2:14:15 AM org.apache.catalina.core.ApplicationContext log
INFO: ContextListener: attributeAdded('org.apache.jasper.compiler.TldLocationsCache', 'org.apache.jasper.compiler.TldLocationsCache@4512bb1c')
Oct 25, 2017 2:15:36 AM org.apache.catalina.core.ApplicationContext log
INFO: SessionListener: contextDestroyed()
Oct 25, 2017 2:15:36 AM org.apache.catalina.core.ApplicationContext log
INFO: ContextListener: contextDestroyed()
Oct 25, 2017 2:15:40 AM org.apache.catalina.core.ApplicationContext log
INFO: ContextListener: contextInitialized()
Oct 25, 2017 2:15:40 AM org.apache.catalina.core.ApplicationContext log
INFO: SessionListener: contextInitialized()
Oct 25, 2017 2:15:40 AM org.apache.catalina.core.ApplicationContext log
INFO: ContextListener: attributeAdded('org.apache.jasper.compiler.TldLocationsCache', 'org.apache.jasper.compiler.TldLocationsCache@6efc6b28')
Oct 25, 2017 2:26:19 AM org.apache.catalina.core.ApplicationContext log
INFO: SessionListener: contextDestroyed()
Oct 25, 2017 2:26:19 AM org.apache.catalina.core.ApplicationContext log
INFO: ContextListener: contextDestroyed()
Oct 25, 2017 2:26:24 AM org.apache.catalina.core.ApplicationContext log
INFO: ContextListener: contextInitialized()
Oct 25, 2017 2:26:24 AM org.apache.catalina.core.ApplicationContext log
INFO: SessionListener: contextInitialized()
Oct 25, 2017 2:26:24 AM org.apache.catalina.core.ApplicationContext log
INFO: ContextListener: attributeAdded('org.apache.jasper.compiler.TldLocationsCache', 'org.apache.jasper.compiler.TldLocationsCache@185edf00')
Oct 25, 2017 2:27:45 AM org.apache.catalina.core.ApplicationContext log
INFO: SessionListener: contextDestroyed()
Oct 25, 2017 2:27:45 AM org.apache.catalina.core.ApplicationContext log
INFO: ContextListener: contextDestroyed()
Oct 25, 2017 2:27:49 AM org.apache.catalina.core.ApplicationContext log
INFO: ContextListener: contextInitialized()
Oct 25, 2017 2:27:49 AM org.apache.catalina.core.ApplicationContext log
INFO: SessionListener: contextInitialized()
Oct 25, 2017 2:27:49 AM org.apache.catalina.core.ApplicationContext log
INFO: ContextListener: attributeAdded('org.apache.jasper.compiler.TldLocationsCache', 'org.apache.jasper.compiler.TldLocationsCache@2206b64e')
Oct 25, 2017 2:40:36 AM org.apache.catalina.core.ApplicationContext log
INFO: SessionListener: contextDestroyed()
Oct 25, 2017 2:40:36 AM org.apache.catalina.core.ApplicationContext log
INFO: ContextListener: contextDestroyed()
Oct 25, 2017 2:40:40 AM org.apache.catalina.core.ApplicationContext log
INFO: ContextListener: contextInitialized()
Oct 25, 2017 2:40:40 AM org.apache.catalina.core.ApplicationContext log
INFO: SessionListener: contextInitialized()
Oct 25, 2017 2:40:40 AM org.apache.catalina.core.ApplicationContext log
INFO: ContextListener: attributeAdded('org.apache.jasper.compiler.TldLocationsCache', 'org.apache.jasper.compiler.TldLocationsCache@721ece55')
Oct 25, 2017 2:45:04 AM org.apache.catalina.core.ApplicationContext log
INFO: SessionListener: contextDestroyed()
Oct 25, 2017 2:45:04 AM org.apache.catalina.core.ApplicationContext log
INFO: ContextListener: contextDestroyed()
Oct 25, 2017 2:45:08 AM org.apache.catalina.core.ApplicationContext log
INFO: ContextListener: contextInitialized()
Oct 25, 2017 2:45:08 AM org.apache.catalina.core.ApplicationContext log
INFO: SessionListener: contextInitialized()
Oct 25, 2017 2:45:08 AM org.apache.catalina.core.ApplicationContext log
INFO: ContextListener: attributeAdded('org.apache.jasper.compiler.TldLocationsCache', 'org.apache.jasper.compiler.TldLocationsCache@2206b64e')
Oct 25, 2017 2:49:27 AM org.apache.catalina.core.ApplicationContext log
INFO: SessionListener: contextDestroyed()
Oct 25, 2017 2:49:27 AM org.apache.catalina.core.ApplicationContext log
INFO: ContextListener: contextDestroyed()
Oct 25, 2017 2:49:30 AM org.apache.catalina.core.ApplicationContext log
INFO: ContextListener: contextInitialized()
Oct 25, 2017 2:49:30 AM org.apache.catalina.core.ApplicationContext log
INFO: SessionListener: contextInitialized()
Oct 25, 2017 2:49:30 AM org.apache.catalina.core.ApplicationContext log
INFO: ContextListener: attributeAdded('org.apache.jasper.compiler.TldLocationsCache', 'org.apache.jasper.compiler.TldLocationsCache@185edf00')
Oct 25, 2017 2:54:34 AM org.apache.catalina.core.ApplicationContext log
INFO: SessionListener: contextDestroyed()
Oct 25, 2017 2:54:34 AM org.apache.catalina.core.ApplicationContext log
INFO: ContextListener: contextDestroyed()
Oct 25, 2017 2:54:38 AM org.apache.catalina.core.ApplicationContext log
INFO: ContextListener: contextInitialized()
Oct 25, 2017 2:54:38 AM org.apache.catalina.core.ApplicationContext log
INFO: SessionListener: contextInitialized()
Oct 25, 2017 2:54:38 AM org.apache.catalina.core.ApplicationContext log
INFO: ContextListener: attributeAdded('org.apache.jasper.compiler.TldLocationsCache', 'org.apache.jasper.compiler.TldLocationsCache@2206b64e')
Oct 25, 2017 2:56:48 AM org.apache.catalina.core.ApplicationContext log
INFO: SessionListener: contextDestroyed()
Oct 25, 2017 2:56:48 AM org.apache.catalina.core.ApplicationContext log
INFO: ContextListener: contextDestroyed()
Oct 25, 2017 1:21:54 PM org.apache.catalina.core.ApplicationContext log
INFO: ContextListener: contextInitialized()
Oct 25, 2017 1:21:54 PM org.apache.catalina.core.ApplicationContext log
INFO: SessionListener: contextInitialized()
Oct 25, 2017 1:21:54 PM org.apache.catalina.core.ApplicationContext log
INFO: ContextListener: attributeAdded('org.apache.jasper.compiler.TldLocationsCache', 'org.apache.jasper.compiler.TldLocationsCache@185edf00')
Oct 25, 2017 1:22:46 PM org.apache.catalina.core.ApplicationContext log
INFO: SessionListener: contextDestroyed()
Oct 25, 2017 1:22:46 PM org.apache.catalina.core.ApplicationContext log
INFO: ContextListener: contextDestroyed()
